[23:27:22.793][info] [#0:/home/daniele/.local/share/nvim/mason/packages/lua-language-server/libexec/main.lua:68]: Lua Lsp startup, root: 	/home/daniele/.local/share/nvim/mason/packages/lua-language-server/libexec
[23:27:22.793][info] [#0:/home/daniele/.local/share/nvim/mason/packages/lua-language-server/libexec/main.lua:69]: ROOT:	/home/daniele/.local/share/nvim/mason/packages/lua-language-server/libexec
[23:27:22.793][info] [#0:/home/daniele/.local/share/nvim/mason/packages/lua-language-server/libexec/main.lua:70]: LOGPATH:	/home/daniele/.local/share/nvim/mason/packages/lua-language-server/libexec/log
[23:27:22.793][info] [#0:/home/daniele/.local/share/nvim/mason/packages/lua-language-server/libexec/main.lua:71]: METAPATH:	/home/daniele/.local/share/nvim/mason/packages/lua-language-server/libexec/meta
[23:27:22.793][info] [#0:/home/daniele/.local/share/nvim/mason/packages/lua-language-server/libexec/main.lua:72]: VERSION:	3.13.9
[23:27:22.821][info] [#0:script/proto/proto.lua:260]: Listen Mode: stdio
[23:27:22.821][info] [#0:script/service/service.lua:145]: 
========= Medical Examination Report =========
    --------------- Memory ---------------
        Total: 2.258 MB
        # 00 : 2.258 MB
        # 01 : 0.000 MB
        # 02 : 0.000 MB
        # 03 : 0.000 MB
        # 04 : 0.000 MB
    --------------- Coroutine ---------------
        Total:     0
        Running:   0
        Suspended: 0
        Normal:    0
        Dead:      0
    --------------- Cache ---------------
        Total: 1
        Dead:  0
    ---------------  RPC  ---------------
        Holdon:   0
        Waiting:  0
==============================================
[23:27:22.927][info] [#0:script/client.lua:657]: Client init	{
  capabilities = {
    textDocument = {
      callHierarchy = {
        dynamicRegistration = false
      },
      codeAction = {
        codeActionLiteralSupport = {
          codeActionKind = {
            valueSet = { "", "quickfix", "refactor", "refactor.extract", "refactor.inline", "refactor.rewrite", "source", "source.organizeImports" }
          }
        },
        dataSupport = true,
        dynamicRegistration = false,
        isPreferredSupport = true,
        resolveSupport = {
          properties = { "edit" }
        }
      },
      completion = {
        completionItem = {
          commitCharactersSupport = true,
          deprecatedSupport = true,
          documentationFormat = { "markdown", "plaintext" },
          insertReplaceSupport = true,
          labelDetailsSupport = true,
          preselectSupport = true,
          resolveSupport = {
            properties = { "documentation", "detail", "additionalTextEdits" }
          },
          snippetSupport = true,
          tagSupport = {
            valueSet = { 1 }
          }
        },
        completionItemKind = {
          valueSet = { 1, 2, 3, 4, 5, 6, 7, 8, 9, 10, 11, 12, 13, 14, 15, 16, 17, 18, 19, 20, 21, 22, 23, 24, 25 }
        },
        contextSupport = false,
        dynamicRegistration = false
      },
      declaration = {
        linkSupport = true
      },
      definition = {
        linkSupport = true
      },
      documentHighlight = {
        dynamicRegistration = false
      },
      documentSymbol = {
        dynamicRegistration = false,
        hierarchicalDocumentSymbolSupport = true,
        symbolKind = {
          valueSet = { 1, 2, 3, 4, 5, 6, 7, 8, 9, 10, 11, 12, 13, 14, 15, 16, 17, 18, 19, 20, 21, 22, 23, 24, 25, 26 }
        }
      },
      hover = {
        contentFormat = { "markdown", "plaintext" },
        dynamicRegistration = false
      },
      implementation = {
        linkSupport = true
      },
      publishDiagnostics = {
        relatedInformation = true,
        tagSupport = {
          valueSet = { 1, 2 }
        }
      },
      references = {
        dynamicRegistration = false
      },
      rename = {
        dynamicRegistration = false,
        prepareSupport = true
      },
      semanticTokens = {
        augmentsSyntaxTokens = true,
        dynamicRegistration = false,
        formats = { "relative" },
        multilineTokenSupport = false,
        overlappingTokenSupport = true,
        requests = {
          full = {
            delta = true
          },
          range = false
        },
        serverCancelSupport = false,
        tokenModifiers = { "declaration", "definition", "readonly", "static", "deprecated", "abstract", "async", "modification", "documentation", "defaultLibrary" },
        tokenTypes = { "namespace", "type", "class", "enum", "interface", "struct", "typeParameter", "parameter", "variable", "property", "enumMember", "event", "function", "method", "macro", "keyword", "modifier", "comment", "string", "number", "regexp", "operator", "decorator" }
      },
      signatureHelp = {
        dynamicRegistration = false,
        signatureInformation = {
          activeParameterSupport = true,
          documentationFormat = { "markdown", "plaintext" },
          parameterInformation = {
            labelOffsetSupport = true
          }
        }
      },
      synchronization = {
        didSave = true,
        dynamicRegistration = false,
        willSave = true,
        willSaveWaitUntil = true
      },
      typeDefinition = {
        linkSupport = true
      }
    },
    window = {
      showDocument = {
        support = true
      },
      showMessage = {
        messageActionItem = {
          additionalPropertiesSupport = false
        }
      },
      workDoneProgress = true
    },
    workspace = {
      applyEdit = true,
      configuration = true,
      didChangeWatchedFiles = {
        dynamicRegistration = false,
        relativePatternSupport = true
      },
      semanticTokens = {
        refreshSupport = true
      },
      symbol = {
        dynamicRegistration = false,
        hierarchicalWorkspaceSymbolSupport = true,
        symbolKind = {
          valueSet = { 1, 2, 3, 4, 5, 6, 7, 8, 9, 10, 11, 12, 13, 14, 15, 16, 17, 18, 19, 20, 21, 22, 23, 24, 25, 26 }
        }
      },
      workspaceEdit = {
        resourceOperations = { "rename", "create", "delete" }
      },
      workspaceFolders = true
    }
  },
  clientInfo = {
    name = "Neovim",
    version = "0.9.5"
  },
  initializationOptions = {},
  processId = 32807,
  rootPath = "/home/daniele/.config/nvim",
  rootUri = "file:///home/daniele/.config/nvim",
  trace = "off",
  workspaceFolders = { {
      name = "/home/daniele/.config/nvim",
      uri = "file:///home/daniele/.config/nvim"
    } }
}
[23:27:22.927][info] [#0:script/language.lua:137]: VSC language: nil
[23:27:22.927][info] [#0:script/language.lua:138]: LS  language: en-us
[23:27:22.927][info] [#0:script/workspace/workspace.lua:38]: Workspace init root: 	file:///home/daniele/.config/nvim
[23:27:22.927][info] [#0:script/workspace/workspace.lua:42]: Log path: 	/home/daniele/.local/share/nvim/mason/packages/lua-language-server/libexec/log/file_home_daniele_.config_nvim.log
[23:27:22.927][info] [#0:script/workspace/workspace.lua:48]: Workspace create: 	file:///home/daniele/.config/nvim
[23:27:23.230][info] [#0:script/provider/provider.lua:49]: Load config from client	file:///home/daniele/.config/nvim
[23:27:23.230][info] [#0:script/provider/provider.lua:50]: {
  Lua = {
    diagnostics = {
      globals = { "vim" }
    },
    workspace = {
      library = {
        ["/home/daniele/.local/share/nvim/lazy/lazy.nvim/lua/lazy"] = true,
        ["/home/daniele/.local/share/nvim/lazy/ui/nvchad_types"] = true,
        ["/usr/share/nvim/runtime/lua"] = true,
        ["/usr/share/nvim/runtime/lua/vim/lsp"] = true
      },
      maxPreload = 100000,
      preloadFileSize = 10000
    }
  }
}
[23:27:23.231][info] [#0:script/provider/provider.lua:49]: Load config from client	file:///home/daniele/.config/nvim
[23:27:23.231][info] [#0:script/provider/provider.lua:50]: {
  Lua = {
    diagnostics = {
      globals = { "vim" }
    },
    workspace = {
      library = {
        ["/home/daniele/.local/share/nvim/lazy/lazy.nvim/lua/lazy"] = true,
        ["/home/daniele/.local/share/nvim/lazy/ui/nvchad_types"] = true,
        ["/usr/share/nvim/runtime/lua"] = true,
        ["/usr/share/nvim/runtime/lua/vim/lsp"] = true
      },
      maxPreload = 100000,
      preloadFileSize = 10000
    }
  }
}
[23:27:23.332][info] [#0:script/provider/provider.lua:65]: Load config from client	fallback
[23:27:23.332][info] [#0:script/provider/provider.lua:66]: {
  Lua = {
    diagnostics = {
      globals = { "vim" }
    },
    workspace = {
      library = {
        ["/home/daniele/.local/share/nvim/lazy/lazy.nvim/lua/lazy"] = true,
        ["/home/daniele/.local/share/nvim/lazy/ui/nvchad_types"] = true,
        ["/usr/share/nvim/runtime/lua"] = true,
        ["/usr/share/nvim/runtime/lua/vim/lsp"] = true
      },
      maxPreload = 100000,
      preloadFileSize = 10000
    }
  }
}
[23:27:23.333][info] [#0:script/provider/provider.lua:65]: Load config from client	fallback
[23:27:23.333][info] [#0:script/provider/provider.lua:66]: {
  Lua = {
    diagnostics = {
      globals = { "vim" }
    },
    workspace = {
      library = {
        ["/home/daniele/.local/share/nvim/lazy/lazy.nvim/lua/lazy"] = true,
        ["/home/daniele/.local/share/nvim/lazy/ui/nvchad_types"] = true,
        ["/usr/share/nvim/runtime/lua"] = true,
        ["/usr/share/nvim/runtime/lua/vim/lsp"] = true
      },
      maxPreload = 100000,
      preloadFileSize = 10000
    }
  }
}
[23:27:23.444][info] [#0:script/library.lua:212]: Init builtin library at:	file:///home/daniele/.config/nvim
[23:27:23.478][info] [#0:script/library.lua:212]: Init builtin library at:	nil
[23:27:23.587][info] [#0:script/workspace/workspace.lua:324]: Preload start:	file:///home/daniele/.config/nvim
[23:27:23.592][info] [#0:script/workspace/workspace.lua:330]: Scan files at:	file:///home/daniele/.config/nvim
[23:27:23.592][info] [#0:script/workspace/workspace.lua:324]: Preload start:	<fallback>
[23:27:23.595][info] [#0:script/workspace/workspace.lua:353]: Scan library at:	file:///home/daniele/.local/share/nvim/mason/packages/lua-language-server/libexec/meta/Lua%205.4%20en-us%20utf8/basic.lua
[23:27:23.595][info] [#0:script/workspace/workspace.lua:353]: Scan library at:	file:///home/daniele/.local/share/nvim/mason/packages/lua-language-server/libexec/meta/Lua%205.4%20en-us%20utf8/math.lua
[23:27:23.595][info] [#0:script/workspace/workspace.lua:353]: Scan library at:	file:///home/daniele/.local/share/nvim/lazy/ui/nvchad_types
[23:27:23.597][info] [#0:script/workspace/workspace.lua:353]: Scan library at:	file:///home/daniele/.local/share/nvim/mason/packages/lua-language-server/libexec/meta/Lua%205.4%20en-us%20utf8/utf8.lua
[23:27:23.597][info] [#0:script/workspace/workspace.lua:353]: Scan library at:	file:///home/daniele/.local/share/nvim/mason/packages/lua-language-server/libexec/meta/Lua%205.4%20en-us%20utf8/table.lua
[23:27:23.598][info] [#0:script/workspace/workspace.lua:353]: Scan library at:	file:///home/daniele/.local/share/nvim/lazy/lazy.nvim/lua/lazy
[23:27:23.605][info] [#0:script/workspace/workspace.lua:353]: Scan library at:	file:///home/daniele/.local/share/nvim/mason/packages/lua-language-server/libexec/meta/Lua%205.4%20en-us%20utf8/basic.lua
[23:27:23.605][info] [#0:script/workspace/workspace.lua:353]: Scan library at:	file:///home/daniele/.local/share/nvim/mason/packages/lua-language-server/libexec/meta/Lua%205.4%20en-us%20utf8/math.lua
[23:27:23.605][info] [#0:script/workspace/workspace.lua:353]: Scan library at:	file:///home/daniele/.local/share/nvim/lazy/ui/nvchad_types
[23:27:23.607][info] [#0:script/workspace/workspace.lua:353]: Scan library at:	file:///home/daniele/.local/share/nvim/mason/packages/lua-language-server/libexec/meta/Lua%205.4%20en-us%20utf8/utf8.lua
[23:27:23.607][info] [#0:script/workspace/workspace.lua:353]: Scan library at:	file:///home/daniele/.local/share/nvim/mason/packages/lua-language-server/libexec/meta/Lua%205.4%20en-us%20utf8/table.lua
[23:27:23.607][info] [#0:script/workspace/workspace.lua:353]: Scan library at:	file:///home/daniele/.local/share/nvim/lazy/lazy.nvim/lua/lazy
[23:27:23.612][info] [#0:script/workspace/workspace.lua:353]: Scan library at:	file:///home/daniele/.local/share/nvim/mason/packages/lua-language-server/libexec/meta/Lua%205.4%20en-us%20utf8/package.lua
[23:27:23.613][info] [#0:script/workspace/workspace.lua:353]: Scan library at:	file:///home/daniele/.local/share/nvim/mason/packages/lua-language-server/libexec/meta/Lua%205.4%20en-us%20utf8/string.lua
[23:27:23.613][info] [#0:script/workspace/workspace.lua:353]: Scan library at:	file:///usr/share/nvim/runtime/lua/vim/lsp
[23:27:23.616][info] [#0:script/workspace/workspace.lua:353]: Scan library at:	file:///home/daniele/.local/share/nvim/mason/packages/lua-language-server/libexec/meta/Lua%205.4%20en-us%20utf8/coroutine.lua
[23:27:23.616][info] [#0:script/workspace/workspace.lua:353]: Scan library at:	file:///home/daniele/.local/share/nvim/mason/packages/lua-language-server/libexec/meta/Lua%205.4%20en-us%20utf8/os.lua
[23:27:23.616][info] [#0:script/workspace/workspace.lua:353]: Scan library at:	file:///home/daniele/.local/share/nvim/mason/packages/lua-language-server/libexec/meta/Lua%205.4%20en-us%20utf8/io.lua
[23:27:23.617][info] [#0:script/workspace/workspace.lua:353]: Scan library at:	file:///home/daniele/.local/share/nvim/mason/packages/lua-language-server/libexec/meta/Lua%205.4%20en-us%20utf8/debug.lua
[23:27:23.617][info] [#0:script/workspace/workspace.lua:353]: Scan library at:	file:///usr/share/nvim/runtime/lua
[23:27:23.619][info] [#0:script/workspace/workspace.lua:353]: Scan library at:	file:///home/daniele/.local/share/nvim/mason/packages/lua-language-server/libexec/meta/Lua%205.4%20en-us%20utf8/package.lua
[23:27:23.619][info] [#0:script/workspace/workspace.lua:353]: Scan library at:	file:///home/daniele/.local/share/nvim/mason/packages/lua-language-server/libexec/meta/Lua%205.4%20en-us%20utf8/string.lua
[23:27:23.619][info] [#0:script/workspace/workspace.lua:353]: Scan library at:	file:///usr/share/nvim/runtime/lua/vim/lsp
[23:27:23.622][info] [#0:script/workspace/workspace.lua:353]: Scan library at:	file:///home/daniele/.local/share/nvim/mason/packages/lua-language-server/libexec/meta/Lua%205.4%20en-us%20utf8/coroutine.lua
[23:27:23.622][info] [#0:script/workspace/workspace.lua:353]: Scan library at:	file:///home/daniele/.local/share/nvim/mason/packages/lua-language-server/libexec/meta/Lua%205.4%20en-us%20utf8/os.lua
[23:27:23.623][info] [#0:script/workspace/workspace.lua:353]: Scan library at:	file:///home/daniele/.local/share/nvim/mason/packages/lua-language-server/libexec/meta/Lua%205.4%20en-us%20utf8/io.lua
[23:27:23.623][info] [#0:script/workspace/workspace.lua:353]: Scan library at:	file:///home/daniele/.local/share/nvim/mason/packages/lua-language-server/libexec/meta/Lua%205.4%20en-us%20utf8/debug.lua
[23:27:23.623][info] [#0:script/workspace/workspace.lua:353]: Scan library at:	file:///usr/share/nvim/runtime/lua
[23:27:23.627][info] [#0:script/workspace/workspace.lua:353]: Scan library at:	file:///home/daniele/.local/share/nvim/mason/packages/lua-language-server/libexec/meta/Lua%205.4%20en-us%20utf8/builtin.lua
[23:27:23.630][info] [#0:script/workspace/workspace.lua:353]: Scan library at:	file:///home/daniele/.local/share/nvim/mason/packages/lua-language-server/libexec/meta/Lua%205.4%20en-us%20utf8/builtin.lua
[23:27:23.730][info] [#0:script/workspace/workspace.lua:379]: Found 137 files at:	<fallback>
[23:27:23.730][info] [#0:script/workspace/loading.lua:160]: Load files from disk:	<fallback>
[23:27:23.730][info] [#0:script/workspace/workspace.lua:379]: Found 152 files at:	file:///home/daniele/.config/nvim
[23:27:23.730][info] [#0:script/workspace/loading.lua:160]: Load files from disk:	file:///home/daniele/.config/nvim
[23:27:23.732][info] [#0:script/workspace/loading.lua:100]: Preload file at: file:///home/daniele/.local/share/nvim/mason/packages/lua-language-server/libexec/meta/Lua%205.4%20en-us%20utf8/builtin.lua , size = 0.302 KB
[23:27:23.733][info] [#0:script/workspace/loading.lua:112]: ++++As library of:	file:///home/daniele/.local/share/nvim/mason/packages/lua-language-server/libexec/meta/Lua%205.4%20en-us%20utf8/builtin.lua
[23:27:23.733][info] [#0:script/workspace/loading.lua:97]: Skip loaded file: file:///home/daniele/.local/share/nvim/mason/packages/lua-language-server/libexec/meta/Lua%205.4%20en-us%20utf8/builtin.lua
[23:27:23.733][info] [#0:script/workspace/loading.lua:100]: Preload file at: file:///usr/share/nvim/runtime/lua/_vim9script.lua , size = 15.439 KB
[23:27:23.745][info] [#0:script/workspace/loading.lua:112]: ++++As library of:	file:///usr/share/nvim/runtime/lua
[23:27:23.745][info] [#0:script/workspace/loading.lua:97]: Skip loaded file: file:///usr/share/nvim/runtime/lua/_vim9script.lua
[23:27:23.745][info] [#0:script/workspace/loading.lua:100]: Preload file at: file:///usr/share/nvim/runtime/lua/editorconfig.lua , size = 7.479 KB
[23:27:23.751][info] [#0:script/workspace/loading.lua:112]: ++++As library of:	file:///usr/share/nvim/runtime/lua
[23:27:23.751][info] [#0:script/workspace/loading.lua:97]: Skip loaded file: file:///usr/share/nvim/runtime/lua/editorconfig.lua
[23:27:23.753][info] [#0:script/workspace/loading.lua:100]: Preload file at: file:///usr/share/nvim/runtime/lua/man.lua , size = 25.082 KB
[23:27:23.768][info] [#0:script/workspace/loading.lua:112]: ++++As library of:	file:///usr/share/nvim/runtime/lua
[23:27:23.768][info] [#0:script/workspace/loading.lua:97]: Skip loaded file: file:///usr/share/nvim/runtime/lua/man.lua
[23:27:23.768][info] [#0:script/workspace/loading.lua:100]: Preload file at: file:///usr/share/nvim/runtime/lua/vim/inspect.lua , size = 8.864 KB
[23:27:23.774][info] [#0:script/workspace/loading.lua:112]: ++++As library of:	file:///usr/share/nvim/runtime/lua
[23:27:23.774][info] [#0:script/workspace/loading.lua:97]: Skip loaded file: file:///usr/share/nvim/runtime/lua/vim/inspect.lua
[23:27:23.774][info] [#0:script/workspace/loading.lua:100]: Preload file at: file:///usr/share/nvim/runtime/lua/vim/shared.lua , size = 22.292 KB
[23:27:23.791][info] [#0:script/workspace/loading.lua:112]: ++++As library of:	file:///usr/share/nvim/runtime/lua
[23:27:23.791][info] [#0:script/workspace/loading.lua:100]: Preload file at: file:///usr/share/nvim/runtime/lua/vim/filetype/options.lua , size = 2.561 KB
[23:27:23.793][info] [#0:script/workspace/loading.lua:112]: ++++As library of:	file:///usr/share/nvim/runtime/lua
[23:27:23.793][info] [#0:script/workspace/loading.lua:97]: Skip loaded file: file:///usr/share/nvim/runtime/lua/vim/shared.lua
[23:27:23.793][info] [#0:script/workspace/loading.lua:88]: Skip loaded file: file:///usr/share/nvim/runtime/lua/vim/filetype/options.lua
[23:27:23.793][info] [#0:script/workspace/loading.lua:112]: ++++As library of:	file:///usr/share/nvim/runtime/lua
[23:27:23.793][info] [#0:script/workspace/loading.lua:100]: Preload file at: file:///usr/share/nvim/runtime/lua/vim/filetype/detect.lua , size = 47.659 KB
[23:27:23.825][info] [#0:script/workspace/loading.lua:112]: ++++As library of:	file:///usr/share/nvim/runtime/lua
[23:27:23.825][info] [#0:script/workspace/loading.lua:100]: Preload file at: file:///usr/share/nvim/runtime/lua/vim/F.lua , size = 0.824 KB
[23:27:23.826][info] [#0:script/workspace/loading.lua:112]: ++++As library of:	file:///usr/share/nvim/runtime/lua
[23:27:23.826][info] [#0:script/workspace/loading.lua:97]: Skip loaded file: file:///usr/share/nvim/runtime/lua/vim/filetype/detect.lua
[23:27:23.826][info] [#0:script/workspace/loading.lua:88]: Skip loaded file: file:///usr/share/nvim/runtime/lua/vim/F.lua
[23:27:23.826][info] [#0:script/workspace/loading.lua:112]: ++++As library of:	file:///usr/share/nvim/runtime/lua
[23:27:23.826][info] [#0:script/workspace/loading.lua:100]: Preload file at: file:///usr/share/nvim/runtime/lua/vim/secure.lua , size = 4.830 KB
[23:27:23.829][info] [#0:script/workspace/loading.lua:112]: ++++As library of:	file:///usr/share/nvim/runtime/lua
[23:27:23.829][info] [#0:script/workspace/loading.lua:97]: Skip loaded file: file:///usr/share/nvim/runtime/lua/vim/secure.lua
[23:27:23.830][info] [#0:script/workspace/loading.lua:100]: Preload file at: file:///usr/share/nvim/runtime/lua/vim/_editor.lua , size = 29.378 KB
[23:27:23.846][info] [#0:script/workspace/loading.lua:112]: ++++As library of:	file:///usr/share/nvim/runtime/lua
[23:27:23.846][info] [#0:script/workspace/loading.lua:97]: Skip loaded file: file:///usr/share/nvim/runtime/lua/vim/_editor.lua
[23:27:23.846][info] [#0:script/workspace/loading.lua:100]: Preload file at: file:///usr/share/nvim/runtime/lua/vim/uri.lua , size = 3.376 KB
[23:27:23.849][info] [#0:script/workspace/loading.lua:112]: ++++As library of:	file:///usr/share/nvim/runtime/lua
[23:27:23.849][info] [#0:script/workspace/loading.lua:88]: Skip loaded file: file:///usr/share/nvim/runtime/lua/vim/uri.lua
[23:27:23.849][info] [#0:script/workspace/loading.lua:112]: ++++As library of:	file:///usr/share/nvim/runtime/lua
[23:27:23.849][info] [#0:script/workspace/loading.lua:100]: Preload file at: file:///usr/share/nvim/runtime/lua/vim/_options.lua , size = 12.261 KB
[23:27:23.857][info] [#0:script/workspace/loading.lua:112]: ++++As library of:	file:///usr/share/nvim/runtime/lua
[23:27:23.857][info] [#0:script/workspace/loading.lua:97]: Skip loaded file: file:///usr/share/nvim/runtime/lua/vim/_options.lua
[23:27:23.857][info] [#0:script/workspace/loading.lua:100]: Preload file at: file:///usr/share/nvim/runtime/lua/vim/version.lua , size = 12.146 KB
[23:27:23.865][info] [#0:script/workspace/loading.lua:112]: ++++As library of:	file:///usr/share/nvim/runtime/lua
[23:27:23.865][info] [#0:script/workspace/loading.lua:97]: Skip loaded file: file:///usr/share/nvim/runtime/lua/vim/version.lua
[23:27:23.865][info] [#0:script/workspace/loading.lua:100]: Preload file at: file:///usr/share/nvim/runtime/lua/vim/diagnostic.lua , size = 56.640 KB
[23:27:23.902][info] [#0:script/workspace/loading.lua:112]: ++++As library of:	file:///usr/share/nvim/runtime/lua
[23:27:23.902][info] [#0:script/workspace/loading.lua:100]: Preload file at: file:///usr/share/nvim/runtime/lua/vim/ui.lua , size = 3.672 KB
[23:27:23.904][info] [#0:script/workspace/loading.lua:112]: ++++As library of:	file:///usr/share/nvim/runtime/lua
[23:27:23.904][info] [#0:script/workspace/loading.lua:97]: Skip loaded file: file:///usr/share/nvim/runtime/lua/vim/diagnostic.lua
[23:27:23.904][info] [#0:script/workspace/loading.lua:88]: Skip loaded file: file:///usr/share/nvim/runtime/lua/vim/ui.lua
[23:27:23.904][info] [#0:script/workspace/loading.lua:112]: ++++As library of:	file:///usr/share/nvim/runtime/lua
[23:27:23.904][info] [#0:script/workspace/loading.lua:100]: Preload file at: file:///usr/share/nvim/runtime/lua/vim/lsp/tagfunc.lua , size = 2.339 KB
[23:27:23.906][info] [#0:script/workspace/loading.lua:112]: ++++As library of:	file:///usr/share/nvim/runtime/lua
[23:27:23.906][info] [#0:script/workspace/loading.lua:97]: Skip loaded file: file:///usr/share/nvim/runtime/lua/vim/lsp/tagfunc.lua
[23:27:23.906][info] [#0:script/workspace/loading.lua:100]: Preload file at: file:///usr/share/nvim/runtime/lua/vim/lsp/buf.lua , size = 27.969 KB
[23:27:23.919][info] [#0:script/workspace/loading.lua:112]: ++++As library of:	file:///usr/share/nvim/runtime/lua
[23:27:23.919][info] [#0:script/workspace/loading.lua:97]: Skip loaded file: file:///usr/share/nvim/runtime/lua/vim/lsp/buf.lua
[23:27:23.919][info] [#0:script/workspace/loading.lua:100]: Preload file at: file:///usr/share/nvim/runtime/lua/vim/lsp/_snippet.lua , size = 10.744 KB
[23:27:23.928][info] [#0:script/workspace/loading.lua:112]: ++++As library of:	file:///usr/share/nvim/runtime/lua
[23:27:23.928][info] [#0:script/workspace/loading.lua:97]: Skip loaded file: file:///usr/share/nvim/runtime/lua/vim/lsp/_snippet.lua
[23:27:23.928][info] [#0:script/workspace/loading.lua:100]: Preload file at: file:///usr/share/nvim/runtime/lua/vim/lsp/codelens.lua , size = 8.554 KB
[23:27:23.933][info] [#0:script/workspace/loading.lua:112]: ++++As library of:	file:///usr/share/nvim/runtime/lua
[23:27:23.933][info] [#0:script/workspace/loading.lua:97]: Skip loaded file: file:///usr/share/nvim/runtime/lua/vim/lsp/codelens.lua
[23:27:23.934][info] [#0:script/workspace/loading.lua:100]: Preload file at: file:///usr/share/nvim/runtime/lua/vim/lsp/_watchfiles.lua , size = 9.692 KB
[23:27:23.939][info] [#0:script/workspace/loading.lua:112]: ++++As library of:	file:///usr/share/nvim/runtime/lua
[23:27:23.939][info] [#0:script/workspace/loading.lua:97]: Skip loaded file: file:///usr/share/nvim/runtime/lua/vim/lsp/_watchfiles.lua
[23:27:23.939][info] [#0:script/workspace/loading.lua:100]: Preload file at: file:///usr/share/nvim/runtime/lua/vim/lsp/diagnostic.lua , size = 8.867 KB
[23:27:23.945][info] [#0:script/workspace/loading.lua:112]: ++++As library of:	file:///usr/share/nvim/runtime/lua
[23:27:23.945][info] [#0:script/workspace/loading.lua:97]: Skip loaded file: file:///usr/share/nvim/runtime/lua/vim/lsp/diagnostic.lua
[23:27:23.945][info] [#0:script/workspace/loading.lua:100]: Preload file at: file:///usr/share/nvim/runtime/lua/vim/lsp/util.lua , size = 70.797 KB
[23:27:23.995][info] [#0:script/workspace/loading.lua:112]: ++++As library of:	file:///usr/share/nvim/runtime/lua
[23:27:23.995][info] [#0:script/workspace/loading.lua:100]: Preload file at: file:///usr/share/nvim/runtime/lua/vim/lsp/sync.lua , size = 15.681 KB
[23:27:24.001][info] [#0:script/workspace/loading.lua:112]: ++++As library of:	file:///usr/share/nvim/runtime/lua
[23:27:24.001][info] [#0:script/workspace/loading.lua:97]: Skip loaded file: file:///usr/share/nvim/runtime/lua/vim/lsp/util.lua
[23:27:24.001][info] [#0:script/workspace/loading.lua:88]: Skip loaded file: file:///usr/share/nvim/runtime/lua/vim/lsp/sync.lua
[23:27:24.001][info] [#0:script/workspace/loading.lua:112]: ++++As library of:	file:///usr/share/nvim/runtime/lua
[23:27:24.001][info] [#0:script/workspace/loading.lua:100]: Preload file at: file:///usr/share/nvim/runtime/lua/vim/lsp/handlers.lua , size = 23.587 KB
[23:27:24.013][info] [#0:script/workspace/loading.lua:112]: ++++As library of:	file:///usr/share/nvim/runtime/lua
[23:27:24.013][info] [#0:script/workspace/loading.lua:97]: Skip loaded file: file:///usr/share/nvim/runtime/lua/vim/lsp/handlers.lua
[23:27:24.014][info] [#0:script/workspace/loading.lua:100]: Preload file at: file:///usr/share/nvim/runtime/lua/vim/lsp/protocol.lua , size = 28.367 KB
[23:27:24.021][info] [#0:script/workspace/loading.lua:112]: ++++As library of:	file:///usr/share/nvim/runtime/lua
[23:27:24.021][info] [#0:script/workspace/loading.lua:97]: Skip loaded file: file:///usr/share/nvim/runtime/lua/vim/lsp/protocol.lua
[23:27:24.021][info] [#0:script/workspace/loading.lua:100]: Preload file at: file:///usr/share/nvim/runtime/lua/vim/lsp/rpc.lua , size = 23.695 KB
[23:27:24.034][info] [#0:script/workspace/loading.lua:112]: ++++As library of:	file:///usr/share/nvim/runtime/lua
[23:27:24.034][info] [#0:script/workspace/loading.lua:97]: Skip loaded file: file:///usr/share/nvim/runtime/lua/vim/lsp/rpc.lua
[23:27:24.034][info] [#0:script/workspace/loading.lua:100]: Preload file at: file:///usr/share/nvim/runtime/lua/vim/lsp/health.lua , size = 1.240 KB
[23:27:24.035][info] [#0:script/workspace/loading.lua:112]: ++++As library of:	file:///usr/share/nvim/runtime/lua
[23:27:24.035][info] [#0:script/workspace/loading.lua:88]: Skip loaded file: file:///usr/share/nvim/runtime/lua/vim/lsp/health.lua
[23:27:24.035][info] [#0:script/workspace/loading.lua:112]: ++++As library of:	file:///usr/share/nvim/runtime/lua
[23:27:24.035][info] [#0:script/workspace/loading.lua:100]: Preload file at: file:///usr/share/nvim/runtime/lua/vim/lsp/semantic_tokens.lua , size = 25.936 KB
[23:27:24.048][info] [#0:script/workspace/loading.lua:112]: ++++As library of:	file:///usr/share/nvim/runtime/lua
[23:27:24.048][info] [#0:script/workspace/loading.lua:97]: Skip loaded file: file:///usr/share/nvim/runtime/lua/vim/lsp/semantic_tokens.lua
[23:27:24.049][info] [#0:script/workspace/loading.lua:100]: Preload file at: file:///usr/share/nvim/runtime/lua/vim/lsp/log.lua , size = 5.151 KB
[23:27:24.052][info] [#0:script/workspace/loading.lua:112]: ++++As library of:	file:///usr/share/nvim/runtime/lua
[23:27:24.052][info] [#0:script/workspace/loading.lua:97]: Skip loaded file: file:///usr/share/nvim/runtime/lua/vim/lsp/log.lua
[23:27:24.052][info] [#0:script/workspace/loading.lua:100]: Preload file at: file:///usr/share/nvim/runtime/lua/vim/lsp/types.lua , size = 0.924 KB
[23:27:24.053][info] [#0:script/workspace/loading.lua:112]: ++++As library of:	file:///usr/share/nvim/runtime/lua
[23:27:24.053][info] [#0:script/workspace/loading.lua:88]: Skip loaded file: file:///usr/share/nvim/runtime/lua/vim/lsp/types.lua
[23:27:24.053][info] [#0:script/workspace/loading.lua:112]: ++++As library of:	file:///usr/share/nvim/runtime/lua
[23:27:24.053][info] [#0:script/workspace/loading.lua:100]: Preload file at: file:///usr/share/nvim/runtime/lua/vim/treesitter/_fold.lua , size = 8.770 KB
[23:27:24.060][info] [#0:script/workspace/loading.lua:112]: ++++As library of:	file:///usr/share/nvim/runtime/lua
[23:27:24.060][info] [#0:script/workspace/loading.lua:97]: Skip loaded file: file:///usr/share/nvim/runtime/lua/vim/treesitter/_fold.lua
[23:27:24.060][info] [#0:script/workspace/loading.lua:100]: Preload file at: file:///usr/share/nvim/runtime/lua/vim/treesitter/language.lua , size = 3.558 KB
[23:27:24.062][info] [#0:script/workspace/loading.lua:112]: ++++As library of:	file:///usr/share/nvim/runtime/lua
[23:27:24.062][info] [#0:script/workspace/loading.lua:88]: Skip loaded file: file:///usr/share/nvim/runtime/lua/vim/treesitter/language.lua
[23:27:24.062][info] [#0:script/workspace/loading.lua:112]: ++++As library of:	file:///usr/share/nvim/runtime/lua
[23:27:24.062][info] [#0:script/workspace/loading.lua:100]: Preload file at: file:///usr/share/nvim/runtime/lua/vim/treesitter/_range.lua , size = 3.646 KB
[23:27:24.066][info] [#0:script/workspace/loading.lua:112]: ++++As library of:	file:///usr/share/nvim/runtime/lua
[23:27:24.066][info] [#0:script/workspace/loading.lua:88]: Skip loaded file: file:///usr/share/nvim/runtime/lua/vim/treesitter/_range.lua
[23:27:24.066][info] [#0:script/workspace/loading.lua:112]: ++++As library of:	file:///usr/share/nvim/runtime/lua
[23:27:24.066][info] [#0:script/workspace/loading.lua:100]: Preload file at: file:///usr/share/nvim/runtime/lua/vim/treesitter/_meta.lua , size = 2.839 KB
[23:27:24.069][info] [#0:script/workspace/loading.lua:112]: ++++As library of:	file:///usr/share/nvim/runtime/lua
[23:27:24.069][info] [#0:script/workspace/loading.lua:88]: Skip loaded file: file:///usr/share/nvim/runtime/lua/vim/treesitter/_meta.lua
[23:27:24.069][info] [#0:script/workspace/loading.lua:112]: ++++As library of:	file:///usr/share/nvim/runtime/lua
[23:27:24.070][info] [#0:script/workspace/loading.lua:100]: Preload file at: file:///usr/share/nvim/runtime/lua/vim/treesitter/playground.lua , size = 12.789 KB
[23:27:24.078][info] [#0:script/workspace/loading.lua:112]: ++++As library of:	file:///usr/share/nvim/runtime/lua
[23:27:24.078][info] [#0:script/workspace/loading.lua:97]: Skip loaded file: file:///usr/share/nvim/runtime/lua/vim/treesitter/playground.lua
[23:27:24.078][info] [#0:script/workspace/loading.lua:100]: Preload file at: file:///usr/share/nvim/runtime/lua/vim/treesitter/languagetree.lua , size = 27.667 KB
[23:27:24.117][info] [#0:script/workspace/loading.lua:112]: ++++As library of:	file:///usr/share/nvim/runtime/lua
[23:27:24.117][info] [#0:script/workspace/loading.lua:97]: Skip loaded file: file:///usr/share/nvim/runtime/lua/vim/treesitter/languagetree.lua
[23:27:24.117][info] [#0:script/workspace/loading.lua:100]: Preload file at: file:///usr/share/nvim/runtime/lua/vim/treesitter/highlighter.lua , size = 8.781 KB
[23:27:24.124][info] [#0:script/workspace/loading.lua:112]: ++++As library of:	file:///usr/share/nvim/runtime/lua
[23:27:24.124][info] [#0:script/workspace/loading.lua:97]: Skip loaded file: file:///usr/share/nvim/runtime/lua/vim/treesitter/highlighter.lua
[23:27:24.124][info] [#0:script/workspace/loading.lua:100]: Preload file at: file:///usr/share/nvim/runtime/lua/vim/treesitter/query.lua , size = 21.253 KB
[23:27:24.136][info] [#0:script/workspace/loading.lua:112]: ++++As library of:	file:///usr/share/nvim/runtime/lua
[23:27:24.136][info] [#0:script/workspace/loading.lua:97]: Skip loaded file: file:///usr/share/nvim/runtime/lua/vim/treesitter/query.lua
[23:27:24.137][info] [#0:script/workspace/loading.lua:100]: Preload file at: file:///usr/share/nvim/runtime/lua/vim/treesitter/health.lua , size = 0.888 KB
[23:27:24.137][info] [#0:script/workspace/loading.lua:112]: ++++As library of:	file:///usr/share/nvim/runtime/lua
[23:27:24.137][info] [#0:script/workspace/loading.lua:88]: Skip loaded file: file:///usr/share/nvim/runtime/lua/vim/treesitter/health.lua
[23:27:24.137][info] [#0:script/workspace/loading.lua:112]: ++++As library of:	file:///usr/share/nvim/runtime/lua
[23:27:24.138][info] [#0:script/workspace/loading.lua:100]: Preload file at: file:///usr/share/nvim/runtime/lua/vim/fs.lua , size = 10.702 KB
[23:27:24.143][info] [#0:script/workspace/loading.lua:112]: ++++As library of:	file:///usr/share/nvim/runtime/lua
[23:27:24.143][info] [#0:script/workspace/loading.lua:97]: Skip loaded file: file:///usr/share/nvim/runtime/lua/vim/fs.lua
[23:27:24.144][info] [#0:script/workspace/loading.lua:100]: Preload file at: file:///usr/share/nvim/runtime/lua/vim/loader.lua , size = 16.182 KB
[23:27:24.154][info] [#0:script/workspace/loading.lua:112]: ++++As library of:	file:///usr/share/nvim/runtime/lua
[23:27:24.154][info] [#0:script/workspace/loading.lua:97]: Skip loaded file: file:///usr/share/nvim/runtime/lua/vim/loader.lua
[23:27:24.154][info] [#0:script/workspace/loading.lua:100]: Preload file at: file:///usr/share/nvim/runtime/lua/vim/health.lua , size = 1.782 KB
[23:27:24.156][info] [#0:script/workspace/loading.lua:112]: ++++As library of:	file:///usr/share/nvim/runtime/lua
[23:27:24.156][info] [#0:script/workspace/loading.lua:88]: Skip loaded file: file:///usr/share/nvim/runtime/lua/vim/health.lua
[23:27:24.156][info] [#0:script/workspace/loading.lua:112]: ++++As library of:	file:///usr/share/nvim/runtime/lua
[23:27:24.156][info] [#0:script/workspace/loading.lua:100]: Preload file at: file:///usr/share/nvim/runtime/lua/vim/keymap.lua , size = 3.573 KB
[23:27:24.158][info] [#0:script/workspace/loading.lua:112]: ++++As library of:	file:///usr/share/nvim/runtime/lua
[23:27:24.158][info] [#0:script/workspace/loading.lua:88]: Skip loaded file: file:///usr/share/nvim/runtime/lua/vim/keymap.lua
[23:27:24.158][info] [#0:script/workspace/loading.lua:112]: ++++As library of:	file:///usr/share/nvim/runtime/lua
[23:27:24.158][info] [#0:script/workspace/loading.lua:100]: Preload file at: file:///usr/share/nvim/runtime/lua/vim/_init_packages.lua , size = 2.773 KB
[23:27:24.160][info] [#0:script/workspace/loading.lua:112]: ++++As library of:	file:///usr/share/nvim/runtime/lua
[23:27:24.160][info] [#0:script/workspace/loading.lua:88]: Skip loaded file: file:///usr/share/nvim/runtime/lua/vim/_init_packages.lua
[23:27:24.160][info] [#0:script/workspace/loading.lua:112]: ++++As library of:	file:///usr/share/nvim/runtime/lua
[23:27:24.160][info] [#0:script/workspace/loading.lua:100]: Preload file at: file:///usr/share/nvim/runtime/lua/vim/treesitter.lua , size = 15.316 KB
[23:27:24.169][info] [#0:script/workspace/loading.lua:112]: ++++As library of:	file:///usr/share/nvim/runtime/lua
[23:27:24.169][info] [#0:script/workspace/loading.lua:97]: Skip loaded file: file:///usr/share/nvim/runtime/lua/vim/treesitter.lua
[23:27:24.169][info] [#0:script/workspace/loading.lua:100]: Preload file at: file:///usr/share/nvim/runtime/lua/vim/_inspector.lua , size = 7.915 KB
[23:27:24.175][info] [#0:script/workspace/loading.lua:112]: ++++As library of:	file:///usr/share/nvim/runtime/lua
[23:27:24.175][info] [#0:script/workspace/loading.lua:97]: Skip loaded file: file:///usr/share/nvim/runtime/lua/vim/_inspector.lua
[23:27:24.175][info] [#0:script/workspace/loading.lua:100]: Preload file at: file:///usr/share/nvim/runtime/lua/vim/highlight.lua , size = 3.749 KB
[23:27:24.177][info] [#0:script/workspace/loading.lua:112]: ++++As library of:	file:///usr/share/nvim/runtime/lua
[23:27:24.177][info] [#0:script/workspace/loading.lua:88]: Skip loaded file: file:///usr/share/nvim/runtime/lua/vim/highlight.lua
[23:27:24.177][info] [#0:script/workspace/loading.lua:112]: ++++As library of:	file:///usr/share/nvim/runtime/lua
[23:27:24.178][info] [#0:script/workspace/loading.lua:100]: Preload file at: file:///usr/share/nvim/runtime/lua/vim/lsp.lua , size = 82.377 KB
[23:27:24.218][info] [#0:script/workspace/loading.lua:112]: ++++As library of:	file:///usr/share/nvim/runtime/lua
[23:27:24.218][info] [#0:script/workspace/loading.lua:97]: Skip loaded file: file:///usr/share/nvim/runtime/lua/vim/lsp.lua
[23:27:24.218][info] [#0:script/workspace/loading.lua:100]: Preload file at: file:///usr/share/nvim/runtime/lua/vim/filetype.lua , size = 74.400 KB
[23:27:24.258][info] [#0:script/workspace/loading.lua:112]: ++++As library of:	file:///usr/share/nvim/runtime/lua
[23:27:24.258][info] [#0:script/workspace/loading.lua:97]: Skip loaded file: file:///usr/share/nvim/runtime/lua/vim/filetype.lua
[23:27:24.258][info] [#0:script/workspace/loading.lua:100]: Preload file at: file:///usr/share/nvim/runtime/lua/vim/_watch.lua , size = 5.387 KB
[23:27:24.262][info] [#0:script/workspace/loading.lua:112]: ++++As library of:	file:///usr/share/nvim/runtime/lua
[23:27:24.262][info] [#0:script/workspace/loading.lua:88]: Skip loaded file: file:///usr/share/nvim/runtime/lua/vim/_watch.lua
[23:27:24.262][info] [#0:script/workspace/loading.lua:112]: ++++As library of:	file:///usr/share/nvim/runtime/lua
[23:27:24.262][info] [#0:script/workspace/loading.lua:100]: Preload file at: file:///usr/share/nvim/runtime/lua/nvim/health.lua , size = 12.706 KB
[23:27:24.270][info] [#0:script/workspace/loading.lua:112]: ++++As library of:	file:///usr/share/nvim/runtime/lua
[23:27:24.270][info] [#0:script/workspace/loading.lua:97]: Skip loaded file: file:///usr/share/nvim/runtime/lua/nvim/health.lua
[23:27:24.270][info] [#0:script/workspace/loading.lua:100]: Preload file at: file:///home/daniele/.local/share/nvim/mason/packages/lua-language-server/libexec/meta/Lua%205.4%20en-us%20utf8/debug.lua , size = 7.637 KB
[23:27:24.275][info] [#0:script/workspace/loading.lua:112]: ++++As library of:	file:///home/daniele/.local/share/nvim/mason/packages/lua-language-server/libexec/meta/Lua%205.4%20en-us%20utf8/debug.lua
[23:27:24.275][info] [#0:script/workspace/loading.lua:97]: Skip loaded file: file:///home/daniele/.local/share/nvim/mason/packages/lua-language-server/libexec/meta/Lua%205.4%20en-us%20utf8/debug.lua
[23:27:24.275][info] [#0:script/workspace/loading.lua:100]: Preload file at: file:///home/daniele/.local/share/nvim/mason/packages/lua-language-server/libexec/meta/Lua%205.4%20en-us%20utf8/io.lua , size = 6.364 KB
[23:27:24.309][info] [#0:script/workspace/loading.lua:112]: ++++As library of:	file:///home/daniele/.local/share/nvim/mason/packages/lua-language-server/libexec/meta/Lua%205.4%20en-us%20utf8/io.lua
[23:27:24.309][info] [#0:script/workspace/loading.lua:88]: Skip loaded file: file:///home/daniele/.local/share/nvim/mason/packages/lua-language-server/libexec/meta/Lua%205.4%20en-us%20utf8/io.lua
[23:27:24.309][info] [#0:script/workspace/loading.lua:112]: ++++As library of:	file:///home/daniele/.local/share/nvim/mason/packages/lua-language-server/libexec/meta/Lua%205.4%20en-us%20utf8/io.lua
[23:27:24.309][info] [#0:script/workspace/loading.lua:100]: Preload file at: file:///home/daniele/.local/share/nvim/mason/packages/lua-language-server/libexec/meta/Lua%205.4%20en-us%20utf8/os.lua , size = 5.611 KB
[23:27:24.313][info] [#0:script/workspace/loading.lua:112]: ++++As library of:	file:///home/daniele/.local/share/nvim/mason/packages/lua-language-server/libexec/meta/Lua%205.4%20en-us%20utf8/os.lua
[23:27:24.313][info] [#0:script/workspace/loading.lua:97]: Skip loaded file: file:///home/daniele/.local/share/nvim/mason/packages/lua-language-server/libexec/meta/Lua%205.4%20en-us%20utf8/os.lua
[23:27:24.313][info] [#0:script/workspace/loading.lua:100]: Preload file at: file:///home/daniele/.local/share/nvim/mason/packages/lua-language-server/libexec/meta/Lua%205.4%20en-us%20utf8/coroutine.lua , size = 2.590 KB
[23:27:24.315][info] [#0:script/workspace/loading.lua:112]: ++++As library of:	file:///home/daniele/.local/share/nvim/mason/packages/lua-language-server/libexec/meta/Lua%205.4%20en-us%20utf8/coroutine.lua
[23:27:24.315][info] [#0:script/workspace/loading.lua:88]: Skip loaded file: file:///home/daniele/.local/share/nvim/mason/packages/lua-language-server/libexec/meta/Lua%205.4%20en-us%20utf8/coroutine.lua
[23:27:24.315][info] [#0:script/workspace/loading.lua:112]: ++++As library of:	file:///home/daniele/.local/share/nvim/mason/packages/lua-language-server/libexec/meta/Lua%205.4%20en-us%20utf8/coroutine.lua
[23:27:24.315][info] [#0:script/workspace/loading.lua:88]: Skip loaded file: file:///usr/share/nvim/runtime/lua/vim/lsp/tagfunc.lua
[23:27:24.315][info] [#0:script/workspace/loading.lua:112]: ++++As library of:	file:///usr/share/nvim/runtime/lua/vim/lsp
[23:27:24.315][info] [#0:script/workspace/loading.lua:88]: Skip loaded file: file:///usr/share/nvim/runtime/lua/vim/lsp/tagfunc.lua
[23:27:24.315][info] [#0:script/workspace/loading.lua:112]: ++++As library of:	file:///usr/share/nvim/runtime/lua/vim/lsp
[23:27:24.315][info] [#0:script/workspace/loading.lua:88]: Skip loaded file: file:///usr/share/nvim/runtime/lua/vim/lsp/buf.lua
[23:27:24.315][info] [#0:script/workspace/loading.lua:112]: ++++As library of:	file:///usr/share/nvim/runtime/lua/vim/lsp
[23:27:24.315][info] [#0:script/workspace/loading.lua:88]: Skip loaded file: file:///usr/share/nvim/runtime/lua/vim/lsp/buf.lua
[23:27:24.315][info] [#0:script/workspace/loading.lua:112]: ++++As library of:	file:///usr/share/nvim/runtime/lua/vim/lsp
[23:27:24.315][info] [#0:script/workspace/loading.lua:88]: Skip loaded file: file:///usr/share/nvim/runtime/lua/vim/lsp/_snippet.lua
[23:27:24.315][info] [#0:script/workspace/loading.lua:112]: ++++As library of:	file:///usr/share/nvim/runtime/lua/vim/lsp
[23:27:24.315][info] [#0:script/workspace/loading.lua:88]: Skip loaded file: file:///usr/share/nvim/runtime/lua/vim/lsp/_snippet.lua
[23:27:24.315][info] [#0:script/workspace/loading.lua:112]: ++++As library of:	file:///usr/share/nvim/runtime/lua/vim/lsp
[23:27:24.316][info] [#0:script/workspace/loading.lua:88]: Skip loaded file: file:///usr/share/nvim/runtime/lua/vim/lsp/codelens.lua
[23:27:24.316][info] [#0:script/workspace/loading.lua:112]: ++++As library of:	file:///usr/share/nvim/runtime/lua/vim/lsp
[23:27:24.316][info] [#0:script/workspace/loading.lua:88]: Skip loaded file: file:///usr/share/nvim/runtime/lua/vim/lsp/codelens.lua
[23:27:24.316][info] [#0:script/workspace/loading.lua:112]: ++++As library of:	file:///usr/share/nvim/runtime/lua/vim/lsp
[23:27:24.316][info] [#0:script/workspace/loading.lua:88]: Skip loaded file: file:///usr/share/nvim/runtime/lua/vim/lsp/_watchfiles.lua
[23:27:24.316][info] [#0:script/workspace/loading.lua:112]: ++++As library of:	file:///usr/share/nvim/runtime/lua/vim/lsp
[23:27:24.316][info] [#0:script/workspace/loading.lua:88]: Skip loaded file: file:///usr/share/nvim/runtime/lua/vim/lsp/_watchfiles.lua
[23:27:24.316][info] [#0:script/workspace/loading.lua:112]: ++++As library of:	file:///usr/share/nvim/runtime/lua/vim/lsp
[23:27:24.316][info] [#0:script/workspace/loading.lua:88]: Skip loaded file: file:///usr/share/nvim/runtime/lua/vim/lsp/diagnostic.lua
[23:27:24.316][info] [#0:script/workspace/loading.lua:112]: ++++As library of:	file:///usr/share/nvim/runtime/lua/vim/lsp
[23:27:24.316][info] [#0:script/workspace/loading.lua:88]: Skip loaded file: file:///usr/share/nvim/runtime/lua/vim/lsp/diagnostic.lua
[23:27:24.316][info] [#0:script/workspace/loading.lua:112]: ++++As library of:	file:///usr/share/nvim/runtime/lua/vim/lsp
[23:27:24.316][info] [#0:script/workspace/loading.lua:88]: Skip loaded file: file:///usr/share/nvim/runtime/lua/vim/lsp/util.lua
[23:27:24.316][info] [#0:script/workspace/loading.lua:112]: ++++As library of:	file:///usr/share/nvim/runtime/lua/vim/lsp
[23:27:24.316][info] [#0:script/workspace/loading.lua:88]: Skip loaded file: file:///usr/share/nvim/runtime/lua/vim/lsp/util.lua
[23:27:24.316][info] [#0:script/workspace/loading.lua:112]: ++++As library of:	file:///usr/share/nvim/runtime/lua/vim/lsp
[23:27:24.316][info] [#0:script/workspace/loading.lua:88]: Skip loaded file: file:///usr/share/nvim/runtime/lua/vim/lsp/sync.lua
[23:27:24.316][info] [#0:script/workspace/loading.lua:112]: ++++As library of:	file:///usr/share/nvim/runtime/lua/vim/lsp
[23:27:24.316][info] [#0:script/workspace/loading.lua:88]: Skip loaded file: file:///usr/share/nvim/runtime/lua/vim/lsp/sync.lua
[23:27:24.316][info] [#0:script/workspace/loading.lua:112]: ++++As library of:	file:///usr/share/nvim/runtime/lua/vim/lsp
[23:27:24.316][info] [#0:script/workspace/loading.lua:88]: Skip loaded file: file:///usr/share/nvim/runtime/lua/vim/lsp/handlers.lua
[23:27:24.316][info] [#0:script/workspace/loading.lua:112]: ++++As library of:	file:///usr/share/nvim/runtime/lua/vim/lsp
[23:27:24.316][info] [#0:script/workspace/loading.lua:88]: Skip loaded file: file:///usr/share/nvim/runtime/lua/vim/lsp/handlers.lua
[23:27:24.316][info] [#0:script/workspace/loading.lua:112]: ++++As library of:	file:///usr/share/nvim/runtime/lua/vim/lsp
[23:27:24.317][info] [#0:script/workspace/loading.lua:88]: Skip loaded file: file:///usr/share/nvim/runtime/lua/vim/lsp/protocol.lua
[23:27:24.317][info] [#0:script/workspace/loading.lua:112]: ++++As library of:	file:///usr/share/nvim/runtime/lua/vim/lsp
[23:27:24.317][info] [#0:script/workspace/loading.lua:88]: Skip loaded file: file:///usr/share/nvim/runtime/lua/vim/lsp/protocol.lua
[23:27:24.317][info] [#0:script/workspace/loading.lua:112]: ++++As library of:	file:///usr/share/nvim/runtime/lua/vim/lsp
[23:27:24.317][info] [#0:script/workspace/loading.lua:88]: Skip loaded file: file:///usr/share/nvim/runtime/lua/vim/lsp/rpc.lua
[23:27:24.317][info] [#0:script/workspace/loading.lua:112]: ++++As library of:	file:///usr/share/nvim/runtime/lua/vim/lsp
[23:27:24.317][info] [#0:script/workspace/loading.lua:88]: Skip loaded file: file:///usr/share/nvim/runtime/lua/vim/lsp/rpc.lua
[23:27:24.317][info] [#0:script/workspace/loading.lua:112]: ++++As library of:	file:///usr/share/nvim/runtime/lua/vim/lsp
[23:27:24.317][info] [#0:script/workspace/loading.lua:88]: Skip loaded file: file:///usr/share/nvim/runtime/lua/vim/lsp/health.lua
[23:27:24.317][info] [#0:script/workspace/loading.lua:112]: ++++As library of:	file:///usr/share/nvim/runtime/lua/vim/lsp
[23:27:24.317][info] [#0:script/workspace/loading.lua:88]: Skip loaded file: file:///usr/share/nvim/runtime/lua/vim/lsp/health.lua
[23:27:24.317][info] [#0:script/workspace/loading.lua:112]: ++++As library of:	file:///usr/share/nvim/runtime/lua/vim/lsp
[23:27:24.317][info] [#0:script/workspace/loading.lua:88]: Skip loaded file: file:///usr/share/nvim/runtime/lua/vim/lsp/semantic_tokens.lua
[23:27:24.317][info] [#0:script/workspace/loading.lua:112]: ++++As library of:	file:///usr/share/nvim/runtime/lua/vim/lsp
[23:27:24.317][info] [#0:script/workspace/loading.lua:88]: Skip loaded file: file:///usr/share/nvim/runtime/lua/vim/lsp/semantic_tokens.lua
[23:27:24.317][info] [#0:script/workspace/loading.lua:112]: ++++As library of:	file:///usr/share/nvim/runtime/lua/vim/lsp
[23:27:24.317][info] [#0:script/workspace/loading.lua:88]: Skip loaded file: file:///usr/share/nvim/runtime/lua/vim/lsp/log.lua
[23:27:24.317][info] [#0:script/workspace/loading.lua:112]: ++++As library of:	file:///usr/share/nvim/runtime/lua/vim/lsp
[23:27:24.317][info] [#0:script/workspace/loading.lua:88]: Skip loaded file: file:///usr/share/nvim/runtime/lua/vim/lsp/log.lua
[23:27:24.317][info] [#0:script/workspace/loading.lua:112]: ++++As library of:	file:///usr/share/nvim/runtime/lua/vim/lsp
[23:27:24.317][info] [#0:script/workspace/loading.lua:88]: Skip loaded file: file:///usr/share/nvim/runtime/lua/vim/lsp/types.lua
[23:27:24.317][info] [#0:script/workspace/loading.lua:112]: ++++As library of:	file:///usr/share/nvim/runtime/lua/vim/lsp
[23:27:24.318][info] [#0:script/workspace/loading.lua:88]: Skip loaded file: file:///usr/share/nvim/runtime/lua/vim/lsp/types.lua
[23:27:24.318][info] [#0:script/workspace/loading.lua:112]: ++++As library of:	file:///usr/share/nvim/runtime/lua/vim/lsp
[23:27:24.318][info] [#0:script/workspace/loading.lua:100]: Preload file at: file:///home/daniele/.local/share/nvim/mason/packages/lua-language-server/libexec/meta/Lua%205.4%20en-us%20utf8/string.lua , size = 5.260 KB
[23:27:24.321][info] [#0:script/workspace/loading.lua:112]: ++++As library of:	file:///home/daniele/.local/share/nvim/mason/packages/lua-language-server/libexec/meta/Lua%205.4%20en-us%20utf8/string.lua
[23:27:24.321][info] [#0:script/workspace/loading.lua:88]: Skip loaded file: file:///home/daniele/.local/share/nvim/mason/packages/lua-language-server/libexec/meta/Lua%205.4%20en-us%20utf8/string.lua
[23:27:24.321][info] [#0:script/workspace/loading.lua:112]: ++++As library of:	file:///home/daniele/.local/share/nvim/mason/packages/lua-language-server/libexec/meta/Lua%205.4%20en-us%20utf8/string.lua
[23:27:24.322][info] [#0:script/workspace/loading.lua:100]: Preload file at: file:///home/daniele/.local/share/nvim/mason/packages/lua-language-server/libexec/meta/Lua%205.4%20en-us%20utf8/package.lua , size = 2.944 KB
[23:27:24.323][info] [#0:script/workspace/loading.lua:112]: ++++As library of:	file:///home/daniele/.local/share/nvim/mason/packages/lua-language-server/libexec/meta/Lua%205.4%20en-us%20utf8/package.lua
[23:27:24.323][info] [#0:script/workspace/loading.lua:97]: Skip loaded file: file:///home/daniele/.local/share/nvim/mason/packages/lua-language-server/libexec/meta/Lua%205.4%20en-us%20utf8/package.lua
[23:27:24.323][info] [#0:script/workspace/loading.lua:100]: Preload file at: file:///home/daniele/.local/share/nvim/lazy/lazy.nvim/lua/lazy/stats.lua , size = 2.153 KB
[23:27:24.325][info] [#0:script/workspace/loading.lua:112]: ++++As library of:	file:///home/daniele/.local/share/nvim/lazy/lazy.nvim/lua/lazy
[23:27:24.325][info] [#0:script/workspace/loading.lua:88]: Skip loaded file: file:///home/daniele/.local/share/nvim/lazy/lazy.nvim/lua/lazy/stats.lua
[23:27:24.325][info] [#0:script/workspace/loading.lua:112]: ++++As library of:	file:///home/daniele/.local/share/nvim/lazy/lazy.nvim/lua/lazy
[23:27:24.325][info] [#0:script/workspace/loading.lua:100]: Preload file at: file:///home/daniele/.local/share/nvim/lazy/lazy.nvim/lua/lazy/init.lua , size = 3.749 KB
[23:27:24.328][info] [#0:script/workspace/loading.lua:112]: ++++As library of:	file:///home/daniele/.local/share/nvim/lazy/lazy.nvim/lua/lazy
[23:27:24.328][info] [#0:script/workspace/loading.lua:88]: Skip loaded file: file:///home/daniele/.local/share/nvim/lazy/lazy.nvim/lua/lazy/init.lua
[23:27:24.328][info] [#0:script/workspace/loading.lua:112]: ++++As library of:	file:///home/daniele/.local/share/nvim/lazy/lazy.nvim/lua/lazy
[23:27:24.328][info] [#0:script/workspace/loading.lua:100]: Preload file at: file:///home/daniele/.local/share/nvim/lazy/lazy.nvim/lua/lazy/pkg/lazy.lua , size = 0.720 KB
[23:27:24.329][info] [#0:script/workspace/loading.lua:112]: ++++As library of:	file:///home/daniele/.local/share/nvim/lazy/lazy.nvim/lua/lazy
[23:27:24.329][info] [#0:script/workspace/loading.lua:88]: Skip loaded file: file:///home/daniele/.local/share/nvim/lazy/lazy.nvim/lua/lazy/pkg/lazy.lua
[23:27:24.329][info] [#0:script/workspace/loading.lua:112]: ++++As library of:	file:///home/daniele/.local/share/nvim/lazy/lazy.nvim/lua/lazy
[23:27:24.329][info] [#0:script/workspace/loading.lua:100]: Preload file at: file:///home/daniele/.local/share/nvim/lazy/lazy.nvim/lua/lazy/pkg/init.lua , size = 3.028 KB
[23:27:24.332][info] [#0:script/workspace/loading.lua:112]: ++++As library of:	file:///home/daniele/.local/share/nvim/lazy/lazy.nvim/lua/lazy
[23:27:24.332][info] [#0:script/workspace/loading.lua:88]: Skip loaded file: file:///home/daniele/.local/share/nvim/lazy/lazy.nvim/lua/lazy/pkg/init.lua
[23:27:24.332][info] [#0:script/workspace/loading.lua:112]: ++++As library of:	file:///home/daniele/.local/share/nvim/lazy/lazy.nvim/lua/lazy
[23:27:24.333][info] [#0:script/workspace/loading.lua:100]: Preload file at: file:///home/daniele/.local/share/nvim/lazy/lazy.nvim/lua/lazy/pkg/rockspec.lua , size = 8.005 KB
[23:27:24.338][info] [#0:script/workspace/loading.lua:112]: ++++As library of:	file:///home/daniele/.local/share/nvim/lazy/lazy.nvim/lua/lazy
[23:27:24.338][info] [#0:script/workspace/loading.lua:97]: Skip loaded file: file:///home/daniele/.local/share/nvim/lazy/lazy.nvim/lua/lazy/pkg/rockspec.lua
[23:27:24.338][info] [#0:script/workspace/loading.lua:100]: Preload file at: file:///home/daniele/.local/share/nvim/lazy/lazy.nvim/lua/lazy/pkg/packspec.lua , size = 1.137 KB
[23:27:24.339][info] [#0:script/workspace/loading.lua:112]: ++++As library of:	file:///home/daniele/.local/share/nvim/lazy/lazy.nvim/lua/lazy
[23:27:24.339][info] [#0:script/workspace/loading.lua:88]: Skip loaded file: file:///home/daniele/.local/share/nvim/lazy/lazy.nvim/lua/lazy/pkg/packspec.lua
[23:27:24.339][info] [#0:script/workspace/loading.lua:112]: ++++As library of:	file:///home/daniele/.local/share/nvim/lazy/lazy.nvim/lua/lazy
[23:27:24.339][info] [#0:script/workspace/loading.lua:100]: Preload file at: file:///home/daniele/.local/share/nvim/lazy/lazy.nvim/lua/lazy/community/_generated.lua , size = 60.994 KB
[23:27:24.357][info] [#0:script/workspace/loading.lua:112]: ++++As library of:	file:///home/daniele/.local/share/nvim/lazy/lazy.nvim/lua/lazy
[23:27:24.357][info] [#0:script/workspace/loading.lua:100]: Preload file at: file:///home/daniele/.local/share/nvim/lazy/lazy.nvim/lua/lazy/community/init.lua , size = 0.511 KB
[23:27:24.358][info] [#0:script/workspace/loading.lua:112]: ++++As library of:	file:///home/daniele/.local/share/nvim/lazy/lazy.nvim/lua/lazy
[23:27:24.358][info] [#0:script/workspace/loading.lua:97]: Skip loaded file: file:///home/daniele/.local/share/nvim/lazy/lazy.nvim/lua/lazy/community/_generated.lua
[23:27:24.358][info] [#0:script/workspace/loading.lua:88]: Skip loaded file: file:///home/daniele/.local/share/nvim/lazy/lazy.nvim/lua/lazy/community/init.lua
[23:27:24.358][info] [#0:script/workspace/loading.lua:112]: ++++As library of:	file:///home/daniele/.local/share/nvim/lazy/lazy.nvim/lua/lazy
[23:27:24.358][info] [#0:script/workspace/loading.lua:100]: Preload file at: file:///home/daniele/.local/share/nvim/lazy/lazy.nvim/lua/lazy/community/specs.lua , size = 0.115 KB
[23:27:24.359][info] [#0:script/workspace/loading.lua:112]: ++++As library of:	file:///home/daniele/.local/share/nvim/lazy/lazy.nvim/lua/lazy
[23:27:24.359][info] [#0:script/workspace/loading.lua:88]: Skip loaded file: file:///home/daniele/.local/share/nvim/lazy/lazy.nvim/lua/lazy/community/specs.lua
[23:27:24.359][info] [#0:script/workspace/loading.lua:112]: ++++As library of:	file:///home/daniele/.local/share/nvim/lazy/lazy.nvim/lua/lazy
[23:27:24.359][info] [#0:script/workspace/loading.lua:100]: Preload file at: file:///home/daniele/.local/share/nvim/lazy/lazy.nvim/lua/lazy/core/meta.lua , size = 9.738 KB
[23:27:24.367][info] [#0:script/workspace/loading.lua:112]: ++++As library of:	file:///home/daniele/.local/share/nvim/lazy/lazy.nvim/lua/lazy
[23:27:24.367][info] [#0:script/workspace/loading.lua:97]: Skip loaded file: file:///home/daniele/.local/share/nvim/lazy/lazy.nvim/lua/lazy/core/meta.lua
[23:27:24.367][info] [#0:script/workspace/loading.lua:100]: Preload file at: file:///home/daniele/.local/share/nvim/lazy/lazy.nvim/lua/lazy/core/util.lua , size = 12.348 KB
[23:27:24.377][info] [#0:script/workspace/loading.lua:112]: ++++As library of:	file:///home/daniele/.local/share/nvim/lazy/lazy.nvim/lua/lazy
[23:27:24.377][info] [#0:script/workspace/loading.lua:97]: Skip loaded file: file:///home/daniele/.local/share/nvim/lazy/lazy.nvim/lua/lazy/core/util.lua
[23:27:24.377][info] [#0:script/workspace/loading.lua:100]: Preload file at: file:///home/daniele/.local/share/nvim/lazy/lazy.nvim/lua/lazy/core/fragments.lua , size = 4.215 KB
[23:27:24.381][info] [#0:script/workspace/loading.lua:112]: ++++As library of:	file:///home/daniele/.local/share/nvim/lazy/lazy.nvim/lua/lazy
[23:27:24.381][info] [#0:script/workspace/loading.lua:97]: Skip loaded file: file:///home/daniele/.local/share/nvim/lazy/lazy.nvim/lua/lazy/core/fragments.lua
[23:27:24.382][info] [#0:script/workspace/loading.lua:100]: Preload file at: file:///home/daniele/.local/share/nvim/lazy/lazy.nvim/lua/lazy/core/handler/cmd.lua , size = 1.638 KB
[23:27:24.384][info] [#0:script/workspace/loading.lua:112]: ++++As library of:	file:///home/daniele/.local/share/nvim/lazy/lazy.nvim/lua/lazy
[23:27:24.384][info] [#0:script/workspace/loading.lua:88]: Skip loaded file: file:///home/daniele/.local/share/nvim/lazy/lazy.nvim/lua/lazy/core/handler/cmd.lua
[23:27:24.384][info] [#0:script/workspace/loading.lua:112]: ++++As library of:	file:///home/daniele/.local/share/nvim/lazy/lazy.nvim/lua/lazy
[23:27:24.384][info] [#0:script/workspace/loading.lua:100]: Preload file at: file:///home/daniele/.local/share/nvim/lazy/lazy.nvim/lua/lazy/core/handler/event.lua , size = 4.956 KB
[23:27:24.388][info] [#0:script/workspace/loading.lua:112]: ++++As library of:	file:///home/daniele/.local/share/nvim/lazy/lazy.nvim/lua/lazy
[23:27:24.388][info] [#0:script/workspace/loading.lua:88]: Skip loaded file: file:///home/daniele/.local/share/nvim/lazy/lazy.nvim/lua/lazy/core/handler/event.lua
[23:27:24.388][info] [#0:script/workspace/loading.lua:112]: ++++As library of:	file:///home/daniele/.local/share/nvim/lazy/lazy.nvim/lua/lazy
[23:27:24.388][info] [#0:script/workspace/loading.lua:100]: Preload file at: file:///home/daniele/.local/share/nvim/lazy/lazy.nvim/lua/lazy/core/handler/init.lua , size = 3.170 KB
[23:27:24.391][info] [#0:script/workspace/loading.lua:112]: ++++As library of:	file:///home/daniele/.local/share/nvim/lazy/lazy.nvim/lua/lazy
[23:27:24.391][info] [#0:script/workspace/loading.lua:88]: Skip loaded file: file:///home/daniele/.local/share/nvim/lazy/lazy.nvim/lua/lazy/core/handler/init.lua
[23:27:24.391][info] [#0:script/workspace/loading.lua:112]: ++++As library of:	file:///home/daniele/.local/share/nvim/lazy/lazy.nvim/lua/lazy
[23:27:24.391][info] [#0:script/workspace/loading.lua:100]: Preload file at: file:///home/daniele/.local/share/nvim/lazy/lazy.nvim/lua/lazy/core/handler/keys.lua , size = 5.302 KB
[23:27:24.396][info] [#0:script/workspace/loading.lua:112]: ++++As library of:	file:///home/daniele/.local/share/nvim/lazy/lazy.nvim/lua/lazy
[23:27:24.396][info] [#0:script/workspace/loading.lua:88]: Skip loaded file: file:///home/daniele/.local/share/nvim/lazy/lazy.nvim/lua/lazy/core/handler/keys.lua
[23:27:24.396][info] [#0:script/workspace/loading.lua:112]: ++++As library of:	file:///home/daniele/.local/share/nvim/lazy/lazy.nvim/lua/lazy
[23:27:24.397][info] [#0:script/workspace/loading.lua:100]: Preload file at: file:///home/daniele/.local/share/nvim/lazy/lazy.nvim/lua/lazy/core/handler/ft.lua , size = 0.442 KB
[23:27:24.397][info] [#0:script/workspace/loading.lua:112]: ++++As library of:	file:///home/daniele/.local/share/nvim/lazy/lazy.nvim/lua/lazy
[23:27:24.397][info] [#0:script/workspace/loading.lua:88]: Skip loaded file: file:///home/daniele/.local/share/nvim/lazy/lazy.nvim/lua/lazy/core/handler/ft.lua
[23:27:24.398][info] [#0:script/workspace/loading.lua:112]: ++++As library of:	file:///home/daniele/.local/share/nvim/lazy/lazy.nvim/lua/lazy
[23:27:24.398][info] [#0:script/workspace/loading.lua:100]: Preload file at: file:///home/daniele/.local/share/nvim/lazy/lazy.nvim/lua/lazy/core/plugin.lua , size = 12.370 KB
[23:27:24.407][info] [#0:script/workspace/loading.lua:112]: ++++As library of:	file:///home/daniele/.local/share/nvim/lazy/lazy.nvim/lua/lazy
[23:27:24.408][info] [#0:script/workspace/loading.lua:97]: Skip loaded file: file:///home/daniele/.local/share/nvim/lazy/lazy.nvim/lua/lazy/core/plugin.lua
[23:27:24.408][info] [#0:script/workspace/loading.lua:100]: Preload file at: file:///home/daniele/.local/share/nvim/lazy/lazy.nvim/lua/lazy/core/loader.lua , size = 14.966 KB
[23:27:24.419][info] [#0:script/workspace/loading.lua:112]: ++++As library of:	file:///home/daniele/.local/share/nvim/lazy/lazy.nvim/lua/lazy
[23:27:24.419][info] [#0:script/workspace/loading.lua:97]: Skip loaded file: file:///home/daniele/.local/share/nvim/lazy/lazy.nvim/lua/lazy/core/loader.lua
[23:27:24.419][info] [#0:script/workspace/loading.lua:100]: Preload file at: file:///home/daniele/.local/share/nvim/lazy/lazy.nvim/lua/lazy/core/config.lua , size = 12.013 KB
[23:27:24.426][info] [#0:script/workspace/loading.lua:112]: ++++As library of:	file:///home/daniele/.local/share/nvim/lazy/lazy.nvim/lua/lazy
[23:27:24.426][info] [#0:script/workspace/loading.lua:97]: Skip loaded file: file:///home/daniele/.local/share/nvim/lazy/lazy.nvim/lua/lazy/core/config.lua
[23:27:24.426][info] [#0:script/workspace/loading.lua:100]: Preload file at: file:///home/daniele/.local/share/nvim/lazy/lazy.nvim/lua/lazy/core/cache.lua , size = 16.584 KB
[23:27:24.438][info] [#0:script/workspace/loading.lua:112]: ++++As library of:	file:///home/daniele/.local/share/nvim/lazy/lazy.nvim/lua/lazy
[23:27:24.438][info] [#0:script/workspace/loading.lua:97]: Skip loaded file: file:///home/daniele/.local/share/nvim/lazy/lazy.nvim/lua/lazy/core/cache.lua
[23:27:24.438][info] [#0:script/workspace/loading.lua:100]: Preload file at: file:///home/daniele/.local/share/nvim/lazy/lazy.nvim/lua/lazy/build.lua , size = 3.018 KB
[23:27:24.441][info] [#0:script/workspace/loading.lua:112]: ++++As library of:	file:///home/daniele/.local/share/nvim/lazy/lazy.nvim/lua/lazy
[23:27:24.441][info] [#0:script/workspace/loading.lua:88]: Skip loaded file: file:///home/daniele/.local/share/nvim/lazy/lazy.nvim/lua/lazy/build.lua
[23:27:24.441][info] [#0:script/workspace/loading.lua:112]: ++++As library of:	file:///home/daniele/.local/share/nvim/lazy/lazy.nvim/lua/lazy
[23:27:24.441][info] [#0:script/workspace/loading.lua:100]: Preload file at: file:///home/daniele/.local/share/nvim/lazy/lazy.nvim/lua/lazy/util.lua , size = 6.888 KB
[23:27:24.448][info] [#0:script/workspace/loading.lua:112]: ++++As library of:	file:///home/daniele/.local/share/nvim/lazy/lazy.nvim/lua/lazy
[23:27:24.448][info] [#0:script/workspace/loading.lua:97]: Skip loaded file: file:///home/daniele/.local/share/nvim/lazy/lazy.nvim/lua/lazy/util.lua
[23:27:24.448][info] [#0:script/workspace/loading.lua:100]: Preload file at: file:///home/daniele/.local/share/nvim/lazy/lazy.nvim/lua/lazy/view/commands.lua , size = 3.899 KB
[23:27:24.451][info] [#0:script/workspace/loading.lua:112]: ++++As library of:	file:///home/daniele/.local/share/nvim/lazy/lazy.nvim/lua/lazy
[23:27:24.451][info] [#0:script/workspace/loading.lua:88]: Skip loaded file: file:///home/daniele/.local/share/nvim/lazy/lazy.nvim/lua/lazy/view/commands.lua
[23:27:24.451][info] [#0:script/workspace/loading.lua:112]: ++++As library of:	file:///home/daniele/.local/share/nvim/lazy/lazy.nvim/lua/lazy
[23:27:24.451][info] [#0:script/workspace/loading.lua:100]: Preload file at: file:///home/daniele/.local/share/nvim/lazy/lazy.nvim/lua/lazy/view/text.lua , size = 3.813 KB
[23:27:24.455][info] [#0:script/workspace/loading.lua:112]: ++++As library of:	file:///home/daniele/.local/share/nvim/lazy/lazy.nvim/lua/lazy
[23:27:24.455][info] [#0:script/workspace/loading.lua:88]: Skip loaded file: file:///home/daniele/.local/share/nvim/lazy/lazy.nvim/lua/lazy/view/text.lua
[23:27:24.455][info] [#0:script/workspace/loading.lua:112]: ++++As library of:	file:///home/daniele/.local/share/nvim/lazy/lazy.nvim/lua/lazy
[23:27:24.455][info] [#0:script/workspace/loading.lua:100]: Preload file at: file:///home/daniele/.local/share/nvim/lazy/lazy.nvim/lua/lazy/view/colors.lua , size = 1.820 KB
[23:27:24.457][info] [#0:script/workspace/loading.lua:112]: ++++As library of:	file:///home/daniele/.local/share/nvim/lazy/lazy.nvim/lua/lazy
[23:27:24.457][info] [#0:script/workspace/loading.lua:88]: Skip loaded file: file:///home/daniele/.local/share/nvim/lazy/lazy.nvim/lua/lazy/view/colors.lua
[23:27:24.457][info] [#0:script/workspace/loading.lua:112]: ++++As library of:	file:///home/daniele/.local/share/nvim/lazy/lazy.nvim/lua/lazy
[23:27:24.457][info] [#0:script/workspace/loading.lua:100]: Preload file at: file:///home/daniele/.local/share/nvim/lazy/lazy.nvim/lua/lazy/view/float.lua , size = 9.536 KB
[23:27:24.466][info] [#0:script/workspace/loading.lua:112]: ++++As library of:	file:///home/daniele/.local/share/nvim/lazy/lazy.nvim/lua/lazy
[23:27:24.466][info] [#0:script/workspace/loading.lua:97]: Skip loaded file: file:///home/daniele/.local/share/nvim/lazy/lazy.nvim/lua/lazy/view/float.lua
[23:27:24.466][info] [#0:script/workspace/loading.lua:100]: Preload file at: file:///home/daniele/.local/share/nvim/lazy/lazy.nvim/lua/lazy/view/init.lua , size = 9.394 KB
[23:27:24.474][info] [#0:script/workspace/loading.lua:112]: ++++As library of:	file:///home/daniele/.local/share/nvim/lazy/lazy.nvim/lua/lazy
[23:27:24.474][info] [#0:script/workspace/loading.lua:88]: Skip loaded file: file:///home/daniele/.local/share/nvim/lazy/lazy.nvim/lua/lazy/view/init.lua
[23:27:24.474][info] [#0:script/workspace/loading.lua:112]: ++++As library of:	file:///home/daniele/.local/share/nvim/lazy/lazy.nvim/lua/lazy
[23:27:24.474][info] [#0:script/workspace/loading.lua:100]: Preload file at: file:///home/daniele/.local/share/nvim/lazy/lazy.nvim/lua/lazy/view/diff.lua , size = 1.585 KB
[23:27:24.476][info] [#0:script/workspace/loading.lua:112]: ++++As library of:	file:///home/daniele/.local/share/nvim/lazy/lazy.nvim/lua/lazy
[23:27:24.476][info] [#0:script/workspace/loading.lua:88]: Skip loaded file: file:///home/daniele/.local/share/nvim/lazy/lazy.nvim/lua/lazy/view/diff.lua
[23:27:24.476][info] [#0:script/workspace/loading.lua:112]: ++++As library of:	file:///home/daniele/.local/share/nvim/lazy/lazy.nvim/lua/lazy
[23:27:24.476][info] [#0:script/workspace/loading.lua:100]: Preload file at: file:///home/daniele/.local/share/nvim/lazy/lazy.nvim/lua/lazy/view/render.lua , size = 23.064 KB
[23:27:24.496][info] [#0:script/workspace/loading.lua:112]: ++++As library of:	file:///home/daniele/.local/share/nvim/lazy/lazy.nvim/lua/lazy
[23:27:24.496][info] [#0:script/workspace/loading.lua:97]: Skip loaded file: file:///home/daniele/.local/share/nvim/lazy/lazy.nvim/lua/lazy/view/render.lua
[23:27:24.496][info] [#0:script/workspace/loading.lua:100]: Preload file at: file:///home/daniele/.local/share/nvim/lazy/lazy.nvim/lua/lazy/view/config.lua , size = 3.507 KB
[23:27:24.498][info] [#0:script/workspace/loading.lua:112]: ++++As library of:	file:///home/daniele/.local/share/nvim/lazy/lazy.nvim/lua/lazy
[23:27:24.498][info] [#0:script/workspace/loading.lua:88]: Skip loaded file: file:///home/daniele/.local/share/nvim/lazy/lazy.nvim/lua/lazy/view/config.lua
[23:27:24.498][info] [#0:script/workspace/loading.lua:112]: ++++As library of:	file:///home/daniele/.local/share/nvim/lazy/lazy.nvim/lua/lazy
[23:27:24.499][info] [#0:script/workspace/loading.lua:100]: Preload file at: file:///home/daniele/.local/share/nvim/lazy/lazy.nvim/lua/lazy/view/sections.lua , size = 2.430 KB
[23:27:24.501][info] [#0:script/workspace/loading.lua:112]: ++++As library of:	file:///home/daniele/.local/share/nvim/lazy/lazy.nvim/lua/lazy
[23:27:24.501][info] [#0:script/workspace/loading.lua:88]: Skip loaded file: file:///home/daniele/.local/share/nvim/lazy/lazy.nvim/lua/lazy/view/sections.lua
[23:27:24.501][info] [#0:script/workspace/loading.lua:112]: ++++As library of:	file:///home/daniele/.local/share/nvim/lazy/lazy.nvim/lua/lazy
[23:27:24.501][info] [#0:script/workspace/loading.lua:100]: Preload file at: file:///home/daniele/.local/share/nvim/lazy/lazy.nvim/lua/lazy/manage/lock.lua , size = 1.668 KB
[23:27:24.503][info] [#0:script/workspace/loading.lua:112]: ++++As library of:	file:///home/daniele/.local/share/nvim/lazy/lazy.nvim/lua/lazy
[23:27:24.503][info] [#0:script/workspace/loading.lua:88]: Skip loaded file: file:///home/daniele/.local/share/nvim/lazy/lazy.nvim/lua/lazy/manage/lock.lua
[23:27:24.503][info] [#0:script/workspace/loading.lua:112]: ++++As library of:	file:///home/daniele/.local/share/nvim/lazy/lazy.nvim/lua/lazy
[23:27:24.503][info] [#0:script/workspace/loading.lua:100]: Preload file at: file:///home/daniele/.local/share/nvim/lazy/lazy.nvim/lua/lazy/manage/runner.lua , size = 4.847 KB
[23:27:24.508][info] [#0:script/workspace/loading.lua:112]: ++++As library of:	file:///home/daniele/.local/share/nvim/lazy/lazy.nvim/lua/lazy
[23:27:24.508][info] [#0:script/workspace/loading.lua:97]: Skip loaded file: file:///home/daniele/.local/share/nvim/lazy/lazy.nvim/lua/lazy/manage/runner.lua
[23:27:24.508][info] [#0:script/workspace/loading.lua:100]: Preload file at: file:///home/daniele/.local/share/nvim/lazy/lazy.nvim/lua/lazy/manage/semver.lua , size = 4.455 KB
[23:27:24.512][info] [#0:script/workspace/loading.lua:112]: ++++As library of:	file:///home/daniele/.local/share/nvim/lazy/lazy.nvim/lua/lazy
[23:27:24.512][info] [#0:script/workspace/loading.lua:88]: Skip loaded file: file:///home/daniele/.local/share/nvim/lazy/lazy.nvim/lua/lazy/manage/semver.lua
[23:27:24.512][info] [#0:script/workspace/loading.lua:112]: ++++As library of:	file:///home/daniele/.local/share/nvim/lazy/lazy.nvim/lua/lazy
[23:27:24.512][info] [#0:script/workspace/loading.lua:100]: Preload file at: file:///home/daniele/.local/share/nvim/lazy/lazy.nvim/lua/lazy/manage/init.lua , size = 5.940 KB
[23:27:24.517][info] [#0:script/workspace/loading.lua:112]: ++++As library of:	file:///home/daniele/.local/share/nvim/lazy/lazy.nvim/lua/lazy
[23:27:24.517][info] [#0:script/workspace/loading.lua:88]: Skip loaded file: file:///home/daniele/.local/share/nvim/lazy/lazy.nvim/lua/lazy/manage/init.lua
[23:27:24.517][info] [#0:script/workspace/loading.lua:112]: ++++As library of:	file:///home/daniele/.local/share/nvim/lazy/lazy.nvim/lua/lazy
[23:27:24.517][info] [#0:script/workspace/loading.lua:100]: Preload file at: file:///home/daniele/.local/share/nvim/lazy/lazy.nvim/lua/lazy/manage/git.lua , size = 6.279 KB
[23:27:24.522][info] [#0:script/workspace/loading.lua:112]: ++++As library of:	file:///home/daniele/.local/share/nvim/lazy/lazy.nvim/lua/lazy
[23:27:24.522][info] [#0:script/workspace/loading.lua:88]: Skip loaded file: file:///home/daniele/.local/share/nvim/lazy/lazy.nvim/lua/lazy/manage/git.lua
[23:27:24.522][info] [#0:script/workspace/loading.lua:112]: ++++As library of:	file:///home/daniele/.local/share/nvim/lazy/lazy.nvim/lua/lazy
[23:27:24.523][info] [#0:script/workspace/loading.lua:100]: Preload file at: file:///home/daniele/.local/share/nvim/lazy/lazy.nvim/lua/lazy/manage/checker.lua , size = 2.479 KB
[23:27:24.525][info] [#0:script/workspace/loading.lua:112]: ++++As library of:	file:///home/daniele/.local/share/nvim/lazy/lazy.nvim/lua/lazy
[23:27:24.525][info] [#0:script/workspace/loading.lua:97]: Skip loaded file: file:///home/daniele/.local/share/nvim/lazy/lazy.nvim/lua/lazy/manage/checker.lua
[23:27:24.525][info] [#0:script/workspace/loading.lua:100]: Preload file at: file:///home/daniele/.local/share/nvim/lazy/lazy.nvim/lua/lazy/manage/process.lua , size = 5.447 KB
[23:27:24.531][info] [#0:script/workspace/loading.lua:112]: ++++As library of:	file:///home/daniele/.local/share/nvim/lazy/lazy.nvim/lua/lazy
[23:27:24.531][info] [#0:script/workspace/loading.lua:88]: Skip loaded file: file:///home/daniele/.local/share/nvim/lazy/lazy.nvim/lua/lazy/manage/process.lua
[23:27:24.531][info] [#0:script/workspace/loading.lua:112]: ++++As library of:	file:///home/daniele/.local/share/nvim/lazy/lazy.nvim/lua/lazy
[23:27:24.531][info] [#0:script/workspace/loading.lua:100]: Preload file at: file:///home/daniele/.local/share/nvim/lazy/lazy.nvim/lua/lazy/manage/task/init.lua , size = 5.805 KB
[23:27:24.537][info] [#0:script/workspace/loading.lua:112]: ++++As library of:	file:///home/daniele/.local/share/nvim/lazy/lazy.nvim/lua/lazy
[23:27:24.537][info] [#0:script/workspace/loading.lua:88]: Skip loaded file: file:///home/daniele/.local/share/nvim/lazy/lazy.nvim/lua/lazy/manage/task/init.lua
[23:27:24.537][info] [#0:script/workspace/loading.lua:112]: ++++As library of:	file:///home/daniele/.local/share/nvim/lazy/lazy.nvim/lua/lazy
[23:27:24.537][info] [#0:script/workspace/loading.lua:100]: Preload file at: file:///home/daniele/.local/share/nvim/lazy/lazy.nvim/lua/lazy/manage/task/git.lua , size = 10.135 KB
[23:27:24.544][info] [#0:script/workspace/loading.lua:112]: ++++As library of:	file:///home/daniele/.local/share/nvim/lazy/lazy.nvim/lua/lazy
[23:27:24.544][info] [#0:script/workspace/loading.lua:97]: Skip loaded file: file:///home/daniele/.local/share/nvim/lazy/lazy.nvim/lua/lazy/manage/task/git.lua
[23:27:24.544][info] [#0:script/workspace/loading.lua:100]: Preload file at: file:///home/daniele/.local/share/nvim/lazy/lazy.nvim/lua/lazy/manage/task/plugin.lua , size = 2.765 KB
[23:27:24.547][info] [#0:script/workspace/loading.lua:112]: ++++As library of:	file:///home/daniele/.local/share/nvim/lazy/lazy.nvim/lua/lazy
[23:27:24.547][info] [#0:script/workspace/loading.lua:88]: Skip loaded file: file:///home/daniele/.local/share/nvim/lazy/lazy.nvim/lua/lazy/manage/task/plugin.lua
[23:27:24.547][info] [#0:script/workspace/loading.lua:112]: ++++As library of:	file:///home/daniele/.local/share/nvim/lazy/lazy.nvim/lua/lazy
[23:27:24.547][info] [#0:script/workspace/loading.lua:100]: Preload file at: file:///home/daniele/.local/share/nvim/lazy/lazy.nvim/lua/lazy/manage/task/fs.lua , size = 1.002 KB
[23:27:24.595][info] [#0:script/workspace/loading.lua:112]: ++++As library of:	file:///home/daniele/.local/share/nvim/lazy/lazy.nvim/lua/lazy
[23:27:24.595][info] [#0:script/workspace/loading.lua:97]: Skip loaded file: file:///home/daniele/.local/share/nvim/lazy/lazy.nvim/lua/lazy/manage/task/fs.lua
[23:27:24.595][info] [#0:script/workspace/loading.lua:100]: Preload file at: file:///home/daniele/.local/share/nvim/lazy/lazy.nvim/lua/lazy/manage/reloader.lua , size = 2.817 KB
[23:27:24.598][info] [#0:script/workspace/loading.lua:112]: ++++As library of:	file:///home/daniele/.local/share/nvim/lazy/lazy.nvim/lua/lazy
[23:27:24.598][info] [#0:script/workspace/loading.lua:97]: Skip loaded file: file:///home/daniele/.local/share/nvim/lazy/lazy.nvim/lua/lazy/manage/reloader.lua
[23:27:24.598][info] [#0:script/workspace/loading.lua:100]: Preload file at: file:///home/daniele/.local/share/nvim/lazy/lazy.nvim/lua/lazy/help.lua , size = 2.216 KB
[23:27:24.601][info] [#0:script/workspace/loading.lua:112]: ++++As library of:	file:///home/daniele/.local/share/nvim/lazy/lazy.nvim/lua/lazy
[23:27:24.601][info] [#0:script/workspace/loading.lua:88]: Skip loaded file: file:///home/daniele/.local/share/nvim/lazy/lazy.nvim/lua/lazy/help.lua
[23:27:24.601][info] [#0:script/workspace/loading.lua:112]: ++++As library of:	file:///home/daniele/.local/share/nvim/lazy/lazy.nvim/lua/lazy
[23:27:24.601][info] [#0:script/workspace/loading.lua:100]: Preload file at: file:///home/daniele/.local/share/nvim/lazy/lazy.nvim/lua/lazy/minit.lua , size = 4.986 KB
[23:27:24.605][info] [#0:script/workspace/loading.lua:112]: ++++As library of:	file:///home/daniele/.local/share/nvim/lazy/lazy.nvim/lua/lazy
[23:27:24.605][info] [#0:script/workspace/loading.lua:97]: Skip loaded file: file:///home/daniele/.local/share/nvim/lazy/lazy.nvim/lua/lazy/minit.lua
[23:27:24.605][info] [#0:script/workspace/loading.lua:100]: Preload file at: file:///home/daniele/.local/share/nvim/lazy/lazy.nvim/lua/lazy/docs.lua , size = 4.729 KB
[23:27:24.609][info] [#0:script/workspace/loading.lua:112]: ++++As library of:	file:///home/daniele/.local/share/nvim/lazy/lazy.nvim/lua/lazy
[23:27:24.609][info] [#0:script/workspace/loading.lua:88]: Skip loaded file: file:///home/daniele/.local/share/nvim/lazy/lazy.nvim/lua/lazy/docs.lua
[23:27:24.609][info] [#0:script/workspace/loading.lua:112]: ++++As library of:	file:///home/daniele/.local/share/nvim/lazy/lazy.nvim/lua/lazy
[23:27:24.610][info] [#0:script/workspace/loading.lua:100]: Preload file at: file:///home/daniele/.local/share/nvim/lazy/lazy.nvim/lua/lazy/status.lua , size = 0.353 KB
[23:27:24.610][info] [#0:script/workspace/loading.lua:112]: ++++As library of:	file:///home/daniele/.local/share/nvim/lazy/lazy.nvim/lua/lazy
[23:27:24.610][info] [#0:script/workspace/loading.lua:88]: Skip loaded file: file:///home/daniele/.local/share/nvim/lazy/lazy.nvim/lua/lazy/status.lua
[23:27:24.610][info] [#0:script/workspace/loading.lua:112]: ++++As library of:	file:///home/daniele/.local/share/nvim/lazy/lazy.nvim/lua/lazy
[23:27:24.610][info] [#0:script/workspace/loading.lua:100]: Preload file at: file:///home/daniele/.local/share/nvim/lazy/lazy.nvim/lua/lazy/example.lua , size = 2.644 KB
[23:27:24.611][info] [#0:script/workspace/loading.lua:112]: ++++As library of:	file:///home/daniele/.local/share/nvim/lazy/lazy.nvim/lua/lazy
[23:27:24.611][info] [#0:script/workspace/loading.lua:88]: Skip loaded file: file:///home/daniele/.local/share/nvim/lazy/lazy.nvim/lua/lazy/example.lua
[23:27:24.611][info] [#0:script/workspace/loading.lua:112]: ++++As library of:	file:///home/daniele/.local/share/nvim/lazy/lazy.nvim/lua/lazy
[23:27:24.612][info] [#0:script/workspace/loading.lua:100]: Preload file at: file:///home/daniele/.local/share/nvim/lazy/lazy.nvim/lua/lazy/health.lua , size = 5.792 KB
[23:27:24.616][info] [#0:script/workspace/loading.lua:112]: ++++As library of:	file:///home/daniele/.local/share/nvim/lazy/lazy.nvim/lua/lazy
[23:27:24.616][info] [#0:script/workspace/loading.lua:88]: Skip loaded file: file:///home/daniele/.local/share/nvim/lazy/lazy.nvim/lua/lazy/health.lua
[23:27:24.616][info] [#0:script/workspace/loading.lua:112]: ++++As library of:	file:///home/daniele/.local/share/nvim/lazy/lazy.nvim/lua/lazy
[23:27:24.616][info] [#0:script/workspace/loading.lua:100]: Preload file at: file:///home/daniele/.local/share/nvim/lazy/lazy.nvim/lua/lazy/terminal.lua , size = 2.394 KB
[23:27:24.618][info] [#0:script/workspace/loading.lua:112]: ++++As library of:	file:///home/daniele/.local/share/nvim/lazy/lazy.nvim/lua/lazy
[23:27:24.618][info] [#0:script/workspace/loading.lua:88]: Skip loaded file: file:///home/daniele/.local/share/nvim/lazy/lazy.nvim/lua/lazy/terminal.lua
[23:27:24.618][info] [#0:script/workspace/loading.lua:112]: ++++As library of:	file:///home/daniele/.local/share/nvim/lazy/lazy.nvim/lua/lazy
[23:27:24.618][info] [#0:script/workspace/loading.lua:100]: Preload file at: file:///home/daniele/.local/share/nvim/lazy/lazy.nvim/lua/lazy/state.lua , size = 0.859 KB
[23:27:24.620][info] [#0:script/workspace/loading.lua:112]: ++++As library of:	file:///home/daniele/.local/share/nvim/lazy/lazy.nvim/lua/lazy
[23:27:24.620][info] [#0:script/workspace/loading.lua:88]: Skip loaded file: file:///home/daniele/.local/share/nvim/lazy/lazy.nvim/lua/lazy/state.lua
[23:27:24.620][info] [#0:script/workspace/loading.lua:112]: ++++As library of:	file:///home/daniele/.local/share/nvim/lazy/lazy.nvim/lua/lazy
[23:27:24.620][info] [#0:script/workspace/loading.lua:100]: Preload file at: file:///home/daniele/.local/share/nvim/lazy/lazy.nvim/lua/lazy/async.lua , size = 4.302 KB
[23:27:24.624][info] [#0:script/workspace/loading.lua:112]: ++++As library of:	file:///home/daniele/.local/share/nvim/lazy/lazy.nvim/lua/lazy
[23:27:24.624][info] [#0:script/workspace/loading.lua:88]: Skip loaded file: file:///home/daniele/.local/share/nvim/lazy/lazy.nvim/lua/lazy/async.lua
[23:27:24.624][info] [#0:script/workspace/loading.lua:112]: ++++As library of:	file:///home/daniele/.local/share/nvim/lazy/lazy.nvim/lua/lazy
[23:27:24.624][info] [#0:script/workspace/loading.lua:100]: Preload file at: file:///home/daniele/.local/share/nvim/lazy/lazy.nvim/lua/lazy/types.lua , size = 3.755 KB
[23:27:24.627][info] [#0:script/workspace/loading.lua:112]: ++++As library of:	file:///home/daniele/.local/share/nvim/lazy/lazy.nvim/lua/lazy
[23:27:24.627][info] [#0:script/workspace/loading.lua:88]: Skip loaded file: file:///home/daniele/.local/share/nvim/lazy/lazy.nvim/lua/lazy/types.lua
[23:27:24.627][info] [#0:script/workspace/loading.lua:112]: ++++As library of:	file:///home/daniele/.local/share/nvim/lazy/lazy.nvim/lua/lazy
[23:27:24.628][info] [#0:script/workspace/loading.lua:100]: Preload file at: file:///home/daniele/.local/share/nvim/mason/packages/lua-language-server/libexec/meta/Lua%205.4%20en-us%20utf8/table.lua , size = 4.445 KB
[23:27:24.631][info] [#0:script/workspace/loading.lua:112]: ++++As library of:	file:///home/daniele/.local/share/nvim/mason/packages/lua-language-server/libexec/meta/Lua%205.4%20en-us%20utf8/table.lua
[23:27:24.631][info] [#0:script/workspace/loading.lua:88]: Skip loaded file: file:///home/daniele/.local/share/nvim/mason/packages/lua-language-server/libexec/meta/Lua%205.4%20en-us%20utf8/table.lua
[23:27:24.631][info] [#0:script/workspace/loading.lua:112]: ++++As library of:	file:///home/daniele/.local/share/nvim/mason/packages/lua-language-server/libexec/meta/Lua%205.4%20en-us%20utf8/table.lua
[23:27:24.631][info] [#0:script/workspace/loading.lua:100]: Preload file at: file:///home/daniele/.local/share/nvim/mason/packages/lua-language-server/libexec/meta/Lua%205.4%20en-us%20utf8/utf8.lua , size = 2.386 KB
[23:27:24.633][info] [#0:script/workspace/loading.lua:112]: ++++As library of:	file:///home/daniele/.local/share/nvim/mason/packages/lua-language-server/libexec/meta/Lua%205.4%20en-us%20utf8/utf8.lua
[23:27:24.633][info] [#0:script/workspace/loading.lua:88]: Skip loaded file: file:///home/daniele/.local/share/nvim/mason/packages/lua-language-server/libexec/meta/Lua%205.4%20en-us%20utf8/utf8.lua
[23:27:24.633][info] [#0:script/workspace/loading.lua:112]: ++++As library of:	file:///home/daniele/.local/share/nvim/mason/packages/lua-language-server/libexec/meta/Lua%205.4%20en-us%20utf8/utf8.lua
[23:27:24.633][info] [#0:script/workspace/loading.lua:100]: Preload file at: file:///home/daniele/.local/share/nvim/lazy/ui/nvchad_types/chadrc.lua , size = 8.765 KB
[23:27:24.637][info] [#0:script/workspace/loading.lua:112]: ++++As library of:	file:///home/daniele/.local/share/nvim/lazy/ui/nvchad_types
[23:27:24.637][info] [#0:script/workspace/loading.lua:97]: Skip loaded file: file:///home/daniele/.local/share/nvim/lazy/ui/nvchad_types/chadrc.lua
[23:27:24.637][info] [#0:script/workspace/loading.lua:100]: Preload file at: file:///home/daniele/.local/share/nvim/lazy/ui/nvchad_types/all_hl_groups.lua , size = 40.871 KB
[23:27:24.653][info] [#0:script/workspace/loading.lua:112]: ++++As library of:	file:///home/daniele/.local/share/nvim/lazy/ui/nvchad_types
[23:27:24.653][info] [#0:script/workspace/loading.lua:97]: Skip loaded file: file:///home/daniele/.local/share/nvim/lazy/ui/nvchad_types/all_hl_groups.lua
[23:27:24.653][info] [#0:script/workspace/loading.lua:100]: Preload file at: file:///home/daniele/.local/share/nvim/lazy/ui/nvchad_types/keymaps.lua , size = 1.461 KB
[23:27:24.654][info] [#0:script/workspace/loading.lua:112]: ++++As library of:	file:///home/daniele/.local/share/nvim/lazy/ui/nvchad_types
[23:27:24.654][info] [#0:script/workspace/loading.lua:88]: Skip loaded file: file:///home/daniele/.local/share/nvim/lazy/ui/nvchad_types/keymaps.lua
[23:27:24.654][info] [#0:script/workspace/loading.lua:112]: ++++As library of:	file:///home/daniele/.local/share/nvim/lazy/ui/nvchad_types
[23:27:24.654][info] [#0:script/workspace/loading.lua:100]: Preload file at: file:///home/daniele/.local/share/nvim/lazy/ui/nvchad_types/plugins.lua , size = 5.782 KB
[23:27:24.656][info] [#0:script/workspace/loading.lua:112]: ++++As library of:	file:///home/daniele/.local/share/nvim/lazy/ui/nvchad_types
[23:27:24.656][info] [#0:script/workspace/loading.lua:88]: Skip loaded file: file:///home/daniele/.local/share/nvim/lazy/ui/nvchad_types/plugins.lua
[23:27:24.656][info] [#0:script/workspace/loading.lua:112]: ++++As library of:	file:///home/daniele/.local/share/nvim/lazy/ui/nvchad_types
[23:27:24.657][info] [#0:script/workspace/loading.lua:100]: Preload file at: file:///home/daniele/.local/share/nvim/lazy/ui/nvchad_types/themes.lua , size = 4.774 KB
[23:27:24.659][info] [#0:script/workspace/loading.lua:112]: ++++As library of:	file:///home/daniele/.local/share/nvim/lazy/ui/nvchad_types
[23:27:24.659][info] [#0:script/workspace/loading.lua:97]: Skip loaded file: file:///home/daniele/.local/share/nvim/lazy/ui/nvchad_types/themes.lua
[23:27:24.659][info] [#0:script/workspace/loading.lua:100]: Preload file at: file:///home/daniele/.local/share/nvim/lazy/ui/nvchad_types/base46.lua , size = 7.725 KB
[23:27:24.663][info] [#0:script/workspace/loading.lua:112]: ++++As library of:	file:///home/daniele/.local/share/nvim/lazy/ui/nvchad_types
[23:27:24.663][info] [#0:script/workspace/loading.lua:88]: Skip loaded file: file:///home/daniele/.local/share/nvim/lazy/ui/nvchad_types/base46.lua
[23:27:24.663][info] [#0:script/workspace/loading.lua:112]: ++++As library of:	file:///home/daniele/.local/share/nvim/lazy/ui/nvchad_types
[23:27:24.663][info] [#0:script/workspace/loading.lua:100]: Preload file at: file:///home/daniele/.local/share/nvim/mason/packages/lua-language-server/libexec/meta/Lua%205.4%20en-us%20utf8/math.lua , size = 8.542 KB
[23:27:24.668][info] [#0:script/workspace/loading.lua:112]: ++++As library of:	file:///home/daniele/.local/share/nvim/mason/packages/lua-language-server/libexec/meta/Lua%205.4%20en-us%20utf8/math.lua
[23:27:24.668][info] [#0:script/workspace/loading.lua:88]: Skip loaded file: file:///home/daniele/.local/share/nvim/mason/packages/lua-language-server/libexec/meta/Lua%205.4%20en-us%20utf8/math.lua
[23:27:24.668][info] [#0:script/workspace/loading.lua:112]: ++++As library of:	file:///home/daniele/.local/share/nvim/mason/packages/lua-language-server/libexec/meta/Lua%205.4%20en-us%20utf8/math.lua
[23:27:24.668][info] [#0:script/workspace/loading.lua:100]: Preload file at: file:///home/daniele/.local/share/nvim/mason/packages/lua-language-server/libexec/meta/Lua%205.4%20en-us%20utf8/basic.lua , size = 15.841 KB
[23:27:24.676][info] [#0:script/workspace/loading.lua:112]: ++++As library of:	file:///home/daniele/.local/share/nvim/mason/packages/lua-language-server/libexec/meta/Lua%205.4%20en-us%20utf8/basic.lua
[23:27:24.676][info] [#0:script/workspace/loading.lua:97]: Skip loaded file: file:///home/daniele/.local/share/nvim/mason/packages/lua-language-server/libexec/meta/Lua%205.4%20en-us%20utf8/basic.lua
[23:27:24.676][info] [#0:script/workspace/loading.lua:172]: Loaded files takes [0.947] sec: <fallback>
[23:27:24.676][info] [#0:script/workspace/loading.lua:181]: Compile files takes [0.000] sec: <fallback>
[23:27:24.676][info] [#0:script/workspace/loading.lua:182]: Loaded finish:	<fallback>
[23:27:24.676][info] [#0:script/workspace/workspace.lua:381]: Preload finish at:	<fallback>
[23:27:24.695][info] [#0:script/workspace/loading.lua:100]: Preload file at: file:///home/daniele/.config/nvim/init.lua , size = 0.500 KB
[23:27:24.696][info] [#0:script/workspace/loading.lua:100]: Preload file at: file:///home/daniele/.config/nvim/lua/core/default_config.lua , size = 3.102 KB
[23:27:24.697][info] [#0:script/workspace/loading.lua:88]: Skip loaded file: file:///home/daniele/.config/nvim/lua/core/init.lua
[23:27:24.697][info] [#0:script/workspace/loading.lua:100]: Preload file at: file:///home/daniele/.config/nvim/lua/core/utils.lua , size = 3.455 KB
[23:27:24.699][info] [#0:script/workspace/loading.lua:100]: Preload file at: file:///home/daniele/.config/nvim/lua/core/bootstrap.lua , size = 1.472 KB
[23:27:24.700][info] [#0:script/workspace/loading.lua:100]: Preload file at: file:///home/daniele/.config/nvim/lua/core/mappings.lua , size = 10.292 KB
[23:27:24.705][info] [#0:script/workspace/loading.lua:100]: Preload file at: file:///home/daniele/.config/nvim/lua/plugins/init.lua , size = 6.448 KB
[23:27:24.708][info] [#0:script/workspace/loading.lua:100]: Preload file at: file:///home/daniele/.config/nvim/lua/plugins/configs/cmp.lua , size = 3.064 KB
[23:27:24.711][info] [#0:script/workspace/loading.lua:100]: Preload file at: file:///home/daniele/.config/nvim/lua/plugins/configs/others.lua , size = 1.620 KB
[23:27:24.712][info] [#0:script/workspace/loading.lua:100]: Preload file at: file:///home/daniele/.config/nvim/lua/plugins/configs/lazy_nvim.lua , size = 0.822 KB
[23:27:24.712][info] [#0:script/workspace/loading.lua:100]: Preload file at: file:///home/daniele/.config/nvim/lua/plugins/configs/mason.lua , size = 0.581 KB
[23:27:24.713][info] [#0:script/workspace/loading.lua:100]: Preload file at: file:///home/daniele/.config/nvim/lua/plugins/configs/nvimtree.lua , size = 1.479 KB
[23:27:24.714][info] [#0:script/workspace/loading.lua:100]: Preload file at: file:///home/daniele/.config/nvim/lua/plugins/configs/lspconfig.lua , size = 1.691 KB
[23:27:24.715][info] [#0:script/workspace/loading.lua:100]: Preload file at: file:///home/daniele/.config/nvim/lua/plugins/configs/treesitter.lua , size = 0.182 KB
[23:27:24.715][info] [#0:script/workspace/loading.lua:100]: Preload file at: file:///home/daniele/.config/nvim/lua/plugins/configs/telescope.lua , size = 1.598 KB
[23:27:24.716][info] [#0:script/workspace/loading.lua:172]: Loaded files takes [0.986] sec: file:///home/daniele/.config/nvim
[23:27:24.716][info] [#0:script/workspace/loading.lua:181]: Compile files takes [0.000] sec: file:///home/daniele/.config/nvim
[23:27:24.716][info] [#0:script/workspace/loading.lua:182]: Loaded finish:	file:///home/daniele/.config/nvim
[23:27:24.716][info] [#0:script/workspace/workspace.lua:381]: Preload finish at:	file:///home/daniele/.config/nvim
[23:27:24.739][info] [#0:script/provider/diagnostic.lua:560]: Diagnostics scope [file:///home/daniele/.config/nvim], files count:[137]
[23:27:24.740][warn] [#0:script/proto/proto.lua:189]: Method [textDocument/didOpen] takes [1.082]sec. {
  jsonrpc = "2.0",
  method = "textDocument/didOpen",
  params = {
    textDocument = {
      languageId = "lua",
      text = '"***"',
      uri = "file:///home/daniele/.config/nvim/lua/core/init.lua",
      version = 0
    }
  }
}
[23:27:25.244][info] [#0:script/provider/diagnostic.lua:577]: Diagnostics scope [file:///home/daniele/.config/nvim] finished, takes [0.272] sec.
[23:28:05.932][info] [#0:script/provider/diagnostic.lua:560]: Diagnostics scope [file:///home/daniele/.config/nvim], files count:[138]
[23:28:06.540][info] [#0:script/provider/diagnostic.lua:577]: Diagnostics scope [file:///home/daniele/.config/nvim] finished, takes [0.369] sec.
[23:28:14.248][info] [#0:script/provider/diagnostic.lua:171]: clearDiagnostics	file:///home/daniele/.config/nvim/lua/custom/plugins.lua
[23:28:42.398][warn] [#0:script/provider/provider.lua:647]: Completion takes 0.128 sec.
[23:29:02.942][info] [#0:script/provider/diagnostic.lua:171]: clearDiagnostics	file:///home/daniele/.config/nvim/lua/custom/plugins.lua
[23:29:07.942][info] [#0:script/provider/diagnostic.lua:560]: Diagnostics scope [file:///home/daniele/.config/nvim], files count:[138]
[23:29:08.719][info] [#0:script/provider/diagnostic.lua:577]: Diagnostics scope [file:///home/daniele/.config/nvim] finished, takes [0.539] sec.
[23:29:36.947][info] [#0:script/provider/diagnostic.lua:560]: Diagnostics scope [file:///home/daniele/.config/nvim], files count:[138]
[23:29:37.494][info] [#0:script/provider/diagnostic.lua:577]: Diagnostics scope [file:///home/daniele/.config/nvim] finished, takes [0.272] sec.
[23:29:47.949][info] [#0:script/provider/diagnostic.lua:560]: Diagnostics scope [file:///home/daniele/.config/nvim], files count:[138]
[23:29:48.750][info] [#0:script/provider/diagnostic.lua:577]: Diagnostics scope [file:///home/daniele/.config/nvim] finished, takes [0.560] sec.
[23:29:52.952][info] [#0:script/provider/diagnostic.lua:560]: Diagnostics scope [file:///home/daniele/.config/nvim], files count:[138]
[23:29:53.692][info] [#0:script/provider/diagnostic.lua:577]: Diagnostics scope [file:///home/daniele/.config/nvim] finished, takes [0.501] sec.
[23:34:37.495][warn] [#0:script/pub/report.lua:24]: Load proto error:	Disconnected!
