[00:25:46.978][info] [#0:/home/daniele/.local/share/nvim/mason/packages/lua-language-server/libexec/main.lua:68]: Lua Lsp startup, root: 	/home/daniele/.local/share/nvim/mason/packages/lua-language-server/libexec
[00:25:46.978][info] [#0:/home/daniele/.local/share/nvim/mason/packages/lua-language-server/libexec/main.lua:69]: ROOT:	/home/daniele/.local/share/nvim/mason/packages/lua-language-server/libexec
[00:25:46.978][info] [#0:/home/daniele/.local/share/nvim/mason/packages/lua-language-server/libexec/main.lua:70]: LOGPATH:	/home/daniele/.local/share/nvim/mason/packages/lua-language-server/libexec/log
[00:25:46.978][info] [#0:/home/daniele/.local/share/nvim/mason/packages/lua-language-server/libexec/main.lua:71]: METAPATH:	/home/daniele/.local/share/nvim/mason/packages/lua-language-server/libexec/meta
[00:25:46.978][info] [#0:/home/daniele/.local/share/nvim/mason/packages/lua-language-server/libexec/main.lua:72]: VERSION:	3.13.9
[00:25:47.008][info] [#0:script/proto/proto.lua:260]: Listen Mode: stdio
[00:25:47.008][info] [#0:script/service/service.lua:145]: 
========= Medical Examination Report =========
    --------------- Memory ---------------
        Total: 2.258 MB
        # 00 : 2.258 MB
        # 01 : 0.000 MB
        # 02 : 0.000 MB
        # 03 : 0.000 MB
        # 04 : 0.000 MB
    --------------- Coroutine ---------------
        Total:     0
        Running:   0
        Suspended: 0
        Normal:    0
        Dead:      0
    --------------- Cache ---------------
        Total: 1
        Dead:  0
    ---------------  RPC  ---------------
        Holdon:   0
        Waiting:  0
==============================================
[00:25:47.113][info] [#0:script/client.lua:657]: Client init	{
  capabilities = {
    textDocument = {
      callHierarchy = {
        dynamicRegistration = false
      },
      codeAction = {
        codeActionLiteralSupport = {
          codeActionKind = {
            valueSet = { "", "quickfix", "refactor", "refactor.extract", "refactor.inline", "refactor.rewrite", "source", "source.organizeImports" }
          }
        },
        dataSupport = true,
        dynamicRegistration = false,
        isPreferredSupport = true,
        resolveSupport = {
          properties = { "edit" }
        }
      },
      completion = {
        completionItem = {
          commitCharactersSupport = true,
          deprecatedSupport = true,
          documentationFormat = { "markdown", "plaintext" },
          insertReplaceSupport = true,
          labelDetailsSupport = true,
          preselectSupport = true,
          resolveSupport = {
            properties = { "documentation", "detail", "additionalTextEdits" }
          },
          snippetSupport = true,
          tagSupport = {
            valueSet = { 1 }
          }
        },
        completionItemKind = {
          valueSet = { 1, 2, 3, 4, 5, 6, 7, 8, 9, 10, 11, 12, 13, 14, 15, 16, 17, 18, 19, 20, 21, 22, 23, 24, 25 }
        },
        contextSupport = false,
        dynamicRegistration = false
      },
      declaration = {
        linkSupport = true
      },
      definition = {
        linkSupport = true
      },
      documentHighlight = {
        dynamicRegistration = false
      },
      documentSymbol = {
        dynamicRegistration = false,
        hierarchicalDocumentSymbolSupport = true,
        symbolKind = {
          valueSet = { 1, 2, 3, 4, 5, 6, 7, 8, 9, 10, 11, 12, 13, 14, 15, 16, 17, 18, 19, 20, 21, 22, 23, 24, 25, 26 }
        }
      },
      hover = {
        contentFormat = { "markdown", "plaintext" },
        dynamicRegistration = false
      },
      implementation = {
        linkSupport = true
      },
      publishDiagnostics = {
        relatedInformation = true,
        tagSupport = {
          valueSet = { 1, 2 }
        }
      },
      references = {
        dynamicRegistration = false
      },
      rename = {
        dynamicRegistration = false,
        prepareSupport = true
      },
      semanticTokens = {
        augmentsSyntaxTokens = true,
        dynamicRegistration = false,
        formats = { "relative" },
        multilineTokenSupport = false,
        overlappingTokenSupport = true,
        requests = {
          full = {
            delta = true
          },
          range = false
        },
        serverCancelSupport = false,
        tokenModifiers = { "declaration", "definition", "readonly", "static", "deprecated", "abstract", "async", "modification", "documentation", "defaultLibrary" },
        tokenTypes = { "namespace", "type", "class", "enum", "interface", "struct", "typeParameter", "parameter", "variable", "property", "enumMember", "event", "function", "method", "macro", "keyword", "modifier", "comment", "string", "number", "regexp", "operator", "decorator" }
      },
      signatureHelp = {
        dynamicRegistration = false,
        signatureInformation = {
          activeParameterSupport = true,
          documentationFormat = { "markdown", "plaintext" },
          parameterInformation = {
            labelOffsetSupport = true
          }
        }
      },
      synchronization = {
        didSave = true,
        dynamicRegistration = false,
        willSave = true,
        willSaveWaitUntil = true
      },
      typeDefinition = {
        linkSupport = true
      }
    },
    window = {
      showDocument = {
        support = true
      },
      showMessage = {
        messageActionItem = {
          additionalPropertiesSupport = false
        }
      },
      workDoneProgress = true
    },
    workspace = {
      applyEdit = true,
      configuration = true,
      didChangeWatchedFiles = {
        dynamicRegistration = false,
        relativePatternSupport = true
      },
      semanticTokens = {
        refreshSupport = true
      },
      symbol = {
        dynamicRegistration = false,
        hierarchicalWorkspaceSymbolSupport = true,
        symbolKind = {
          valueSet = { 1, 2, 3, 4, 5, 6, 7, 8, 9, 10, 11, 12, 13, 14, 15, 16, 17, 18, 19, 20, 21, 22, 23, 24, 25, 26 }
        }
      },
      workspaceEdit = {
        resourceOperations = { "rename", "create", "delete" }
      },
      workspaceFolders = true
    }
  },
  clientInfo = {
    name = "Neovim",
    version = "0.9.5"
  },
  initializationOptions = {},
  processId = 38526,
  rootPath = "/dotfiles/nvim/.config/nvim",
  rootUri = "file:///dotfiles/nvim/.config/nvim",
  trace = "off",
  workspaceFolders = { {
      name = "/dotfiles/nvim/.config/nvim",
      uri = "file:///dotfiles/nvim/.config/nvim"
    } }
}
[00:25:47.113][info] [#0:script/language.lua:137]: VSC language: nil
[00:25:47.113][info] [#0:script/language.lua:138]: LS  language: en-us
[00:25:47.113][info] [#0:script/workspace/workspace.lua:38]: Workspace init root: 	file:///dotfiles/nvim/.config/nvim
[00:25:47.113][info] [#0:script/workspace/workspace.lua:42]: Log path: 	/home/daniele/.local/share/nvim/mason/packages/lua-language-server/libexec/log/file_dotfiles_nvim_.config_nvim.log
[00:25:47.113][info] [#0:script/workspace/workspace.lua:48]: Workspace create: 	file:///dotfiles/nvim/.config/nvim
[00:25:47.417][info] [#0:script/provider/provider.lua:49]: Load config from client	file:///dotfiles/nvim/.config/nvim
[00:25:47.417][info] [#0:script/provider/provider.lua:50]: {
  Lua = {
    diagnostics = {
      globals = { "vim" }
    },
    workspace = {
      library = {
        ["/home/daniele/.local/share/nvim/lazy/lazy.nvim/lua/lazy"] = true,
        ["/home/daniele/.local/share/nvim/lazy/ui/nvchad_types"] = true,
        ["/usr/share/nvim/runtime/lua"] = true,
        ["/usr/share/nvim/runtime/lua/vim/lsp"] = true
      },
      maxPreload = 100000,
      preloadFileSize = 10000
    }
  }
}
[00:25:47.417][info] [#0:script/provider/provider.lua:49]: Load config from client	file:///dotfiles/nvim/.config/nvim
[00:25:47.418][info] [#0:script/provider/provider.lua:50]: {
  Lua = {
    diagnostics = {
      globals = { "vim" }
    },
    workspace = {
      library = {
        ["/home/daniele/.local/share/nvim/lazy/lazy.nvim/lua/lazy"] = true,
        ["/home/daniele/.local/share/nvim/lazy/ui/nvchad_types"] = true,
        ["/usr/share/nvim/runtime/lua"] = true,
        ["/usr/share/nvim/runtime/lua/vim/lsp"] = true
      },
      maxPreload = 100000,
      preloadFileSize = 10000
    }
  }
}
[00:25:47.519][info] [#0:script/provider/provider.lua:65]: Load config from client	fallback
[00:25:47.519][info] [#0:script/provider/provider.lua:66]: {
  Lua = {
    diagnostics = {
      globals = { "vim" }
    },
    workspace = {
      library = {
        ["/home/daniele/.local/share/nvim/lazy/lazy.nvim/lua/lazy"] = true,
        ["/home/daniele/.local/share/nvim/lazy/ui/nvchad_types"] = true,
        ["/usr/share/nvim/runtime/lua"] = true,
        ["/usr/share/nvim/runtime/lua/vim/lsp"] = true
      },
      maxPreload = 100000,
      preloadFileSize = 10000
    }
  }
}
[00:25:47.519][info] [#0:script/provider/provider.lua:65]: Load config from client	fallback
[00:25:47.520][info] [#0:script/provider/provider.lua:66]: {
  Lua = {
    diagnostics = {
      globals = { "vim" }
    },
    workspace = {
      library = {
        ["/home/daniele/.local/share/nvim/lazy/lazy.nvim/lua/lazy"] = true,
        ["/home/daniele/.local/share/nvim/lazy/ui/nvchad_types"] = true,
        ["/usr/share/nvim/runtime/lua"] = true,
        ["/usr/share/nvim/runtime/lua/vim/lsp"] = true
      },
      maxPreload = 100000,
      preloadFileSize = 10000
    }
  }
}
[00:25:47.662][info] [#0:script/library.lua:212]: Init builtin library at:	file:///dotfiles/nvim/.config/nvim
[00:25:47.748][info] [#0:script/library.lua:212]: Init builtin library at:	nil
[00:25:47.874][info] [#0:script/workspace/workspace.lua:324]: Preload start:	file:///dotfiles/nvim/.config/nvim
[00:25:47.884][info] [#0:script/workspace/workspace.lua:330]: Scan files at:	file:///dotfiles/nvim/.config/nvim
[00:25:47.886][info] [#0:script/workspace/workspace.lua:324]: Preload start:	<fallback>
[00:25:47.891][info] [#0:script/workspace/workspace.lua:353]: Scan library at:	file:///home/daniele/.local/share/nvim/mason/packages/lua-language-server/libexec/meta/Lua%205.4%20en-us%20utf8/basic.lua
[00:25:47.892][info] [#0:script/workspace/workspace.lua:353]: Scan library at:	file:///home/daniele/.local/share/nvim/mason/packages/lua-language-server/libexec/meta/Lua%205.4%20en-us%20utf8/math.lua
[00:25:47.892][info] [#0:script/workspace/workspace.lua:353]: Scan library at:	file:///home/daniele/.local/share/nvim/lazy/ui/nvchad_types
[00:25:47.894][info] [#0:script/workspace/workspace.lua:353]: Scan library at:	file:///home/daniele/.local/share/nvim/mason/packages/lua-language-server/libexec/meta/Lua%205.4%20en-us%20utf8/utf8.lua
[00:25:47.895][info] [#0:script/workspace/workspace.lua:353]: Scan library at:	file:///home/daniele/.local/share/nvim/mason/packages/lua-language-server/libexec/meta/Lua%205.4%20en-us%20utf8/table.lua
[00:25:47.895][info] [#0:script/workspace/workspace.lua:353]: Scan library at:	file:///home/daniele/.local/share/nvim/lazy/lazy.nvim/lua/lazy
[00:25:47.900][info] [#0:script/workspace/workspace.lua:353]: Scan library at:	file:///home/daniele/.local/share/nvim/mason/packages/lua-language-server/libexec/meta/Lua%205.4%20en-us%20utf8/basic.lua
[00:25:47.901][info] [#0:script/workspace/workspace.lua:353]: Scan library at:	file:///home/daniele/.local/share/nvim/mason/packages/lua-language-server/libexec/meta/Lua%205.4%20en-us%20utf8/math.lua
[00:25:47.901][info] [#0:script/workspace/workspace.lua:353]: Scan library at:	file:///home/daniele/.local/share/nvim/lazy/ui/nvchad_types
[00:25:47.904][info] [#0:script/workspace/workspace.lua:353]: Scan library at:	file:///home/daniele/.local/share/nvim/mason/packages/lua-language-server/libexec/meta/Lua%205.4%20en-us%20utf8/utf8.lua
[00:25:47.904][info] [#0:script/workspace/workspace.lua:353]: Scan library at:	file:///home/daniele/.local/share/nvim/mason/packages/lua-language-server/libexec/meta/Lua%205.4%20en-us%20utf8/table.lua
[00:25:47.905][info] [#0:script/workspace/workspace.lua:353]: Scan library at:	file:///home/daniele/.local/share/nvim/lazy/lazy.nvim/lua/lazy
[00:25:47.915][info] [#0:script/workspace/workspace.lua:353]: Scan library at:	file:///home/daniele/.local/share/nvim/mason/packages/lua-language-server/libexec/meta/Lua%205.4%20en-us%20utf8/package.lua
[00:25:47.916][info] [#0:script/workspace/workspace.lua:353]: Scan library at:	file:///home/daniele/.local/share/nvim/mason/packages/lua-language-server/libexec/meta/Lua%205.4%20en-us%20utf8/string.lua
[00:25:47.916][info] [#0:script/workspace/workspace.lua:353]: Scan library at:	file:///usr/share/nvim/runtime/lua/vim/lsp
[00:25:47.921][info] [#0:script/workspace/workspace.lua:353]: Scan library at:	file:///home/daniele/.local/share/nvim/mason/packages/lua-language-server/libexec/meta/Lua%205.4%20en-us%20utf8/coroutine.lua
[00:25:47.921][info] [#0:script/workspace/workspace.lua:353]: Scan library at:	file:///home/daniele/.local/share/nvim/mason/packages/lua-language-server/libexec/meta/Lua%205.4%20en-us%20utf8/os.lua
[00:25:47.922][info] [#0:script/workspace/workspace.lua:353]: Scan library at:	file:///home/daniele/.local/share/nvim/mason/packages/lua-language-server/libexec/meta/Lua%205.4%20en-us%20utf8/io.lua
[00:25:47.922][info] [#0:script/workspace/workspace.lua:353]: Scan library at:	file:///home/daniele/.local/share/nvim/mason/packages/lua-language-server/libexec/meta/Lua%205.4%20en-us%20utf8/debug.lua
[00:25:47.922][info] [#0:script/workspace/workspace.lua:353]: Scan library at:	file:///home/daniele/.local/share/nvim/mason/packages/lua-language-server/libexec/meta/Lua%205.4%20en-us%20utf8/package.lua
[00:25:47.922][info] [#0:script/workspace/workspace.lua:353]: Scan library at:	file:///usr/share/nvim/runtime/lua
[00:25:47.924][info] [#0:script/workspace/workspace.lua:353]: Scan library at:	file:///home/daniele/.local/share/nvim/mason/packages/lua-language-server/libexec/meta/Lua%205.4%20en-us%20utf8/string.lua
[00:25:47.925][info] [#0:script/workspace/workspace.lua:353]: Scan library at:	file:///usr/share/nvim/runtime/lua/vim/lsp
[00:25:47.929][info] [#0:script/workspace/workspace.lua:353]: Scan library at:	file:///home/daniele/.local/share/nvim/mason/packages/lua-language-server/libexec/meta/Lua%205.4%20en-us%20utf8/coroutine.lua
[00:25:47.930][info] [#0:script/workspace/workspace.lua:353]: Scan library at:	file:///home/daniele/.local/share/nvim/mason/packages/lua-language-server/libexec/meta/Lua%205.4%20en-us%20utf8/os.lua
[00:25:47.930][info] [#0:script/workspace/workspace.lua:353]: Scan library at:	file:///home/daniele/.local/share/nvim/mason/packages/lua-language-server/libexec/meta/Lua%205.4%20en-us%20utf8/io.lua
[00:25:47.931][info] [#0:script/workspace/workspace.lua:353]: Scan library at:	file:///home/daniele/.local/share/nvim/mason/packages/lua-language-server/libexec/meta/Lua%205.4%20en-us%20utf8/debug.lua
[00:25:47.931][info] [#0:script/workspace/workspace.lua:353]: Scan library at:	file:///usr/share/nvim/runtime/lua
[00:25:47.939][info] [#0:script/workspace/workspace.lua:353]: Scan library at:	file:///home/daniele/.local/share/nvim/mason/packages/lua-language-server/libexec/meta/Lua%205.4%20en-us%20utf8/builtin.lua
[00:25:47.942][info] [#0:script/workspace/workspace.lua:353]: Scan library at:	file:///home/daniele/.local/share/nvim/mason/packages/lua-language-server/libexec/meta/Lua%205.4%20en-us%20utf8/builtin.lua
[00:25:48.043][info] [#0:script/workspace/workspace.lua:379]: Found 137 files at:	<fallback>
[00:25:48.043][info] [#0:script/workspace/loading.lua:160]: Load files from disk:	<fallback>
[00:25:48.043][info] [#0:script/workspace/workspace.lua:379]: Found 154 files at:	file:///dotfiles/nvim/.config/nvim
[00:25:48.043][info] [#0:script/workspace/loading.lua:160]: Load files from disk:	file:///dotfiles/nvim/.config/nvim
[00:25:48.045][info] [#0:script/workspace/loading.lua:100]: Preload file at: file:///home/daniele/.local/share/nvim/mason/packages/lua-language-server/libexec/meta/Lua%205.4%20en-us%20utf8/builtin.lua , size = 0.302 KB
[00:25:48.048][info] [#0:script/workspace/loading.lua:112]: ++++As library of:	file:///home/daniele/.local/share/nvim/mason/packages/lua-language-server/libexec/meta/Lua%205.4%20en-us%20utf8/builtin.lua
[00:25:48.048][info] [#0:script/workspace/loading.lua:100]: Preload file at: file:///usr/share/nvim/runtime/lua/_vim9script.lua , size = 15.439 KB
[00:25:48.078][info] [#0:script/workspace/loading.lua:112]: ++++As library of:	file:///usr/share/nvim/runtime/lua
[00:25:48.078][info] [#0:script/workspace/loading.lua:97]: Skip loaded file: file:///home/daniele/.local/share/nvim/mason/packages/lua-language-server/libexec/meta/Lua%205.4%20en-us%20utf8/builtin.lua
[00:25:48.078][info] [#0:script/workspace/loading.lua:97]: Skip loaded file: file:///usr/share/nvim/runtime/lua/_vim9script.lua
[00:25:48.079][info] [#0:script/workspace/loading.lua:100]: Preload file at: file:///usr/share/nvim/runtime/lua/editorconfig.lua , size = 7.479 KB
[00:25:48.092][info] [#0:script/workspace/loading.lua:112]: ++++As library of:	file:///usr/share/nvim/runtime/lua
[00:25:48.092][info] [#0:script/workspace/loading.lua:97]: Skip loaded file: file:///usr/share/nvim/runtime/lua/editorconfig.lua
[00:25:48.096][info] [#0:script/workspace/loading.lua:100]: Preload file at: file:///usr/share/nvim/runtime/lua/man.lua , size = 25.082 KB
[00:25:48.121][info] [#0:script/workspace/loading.lua:112]: ++++As library of:	file:///usr/share/nvim/runtime/lua
[00:25:48.121][info] [#0:script/workspace/loading.lua:97]: Skip loaded file: file:///usr/share/nvim/runtime/lua/man.lua
[00:25:48.121][info] [#0:script/workspace/loading.lua:100]: Preload file at: file:///usr/share/nvim/runtime/lua/vim/inspect.lua , size = 8.864 KB
[00:25:48.129][info] [#0:script/workspace/loading.lua:112]: ++++As library of:	file:///usr/share/nvim/runtime/lua
[00:25:48.129][info] [#0:script/workspace/loading.lua:97]: Skip loaded file: file:///usr/share/nvim/runtime/lua/vim/inspect.lua
[00:25:48.129][info] [#0:script/workspace/loading.lua:100]: Preload file at: file:///usr/share/nvim/runtime/lua/vim/shared.lua , size = 22.292 KB
[00:25:48.149][info] [#0:script/workspace/loading.lua:112]: ++++As library of:	file:///usr/share/nvim/runtime/lua
[00:25:48.149][info] [#0:script/workspace/loading.lua:97]: Skip loaded file: file:///usr/share/nvim/runtime/lua/vim/shared.lua
[00:25:48.149][info] [#0:script/workspace/loading.lua:100]: Preload file at: file:///usr/share/nvim/runtime/lua/vim/filetype/options.lua , size = 2.561 KB
[00:25:48.151][info] [#0:script/workspace/loading.lua:112]: ++++As library of:	file:///usr/share/nvim/runtime/lua
[00:25:48.151][info] [#0:script/workspace/loading.lua:97]: Skip loaded file: file:///usr/share/nvim/runtime/lua/vim/filetype/options.lua
[00:25:48.151][info] [#0:script/workspace/loading.lua:100]: Preload file at: file:///usr/share/nvim/runtime/lua/vim/filetype/detect.lua , size = 47.659 KB
[00:25:48.183][info] [#0:script/workspace/loading.lua:112]: ++++As library of:	file:///usr/share/nvim/runtime/lua
[00:25:48.183][info] [#0:script/workspace/loading.lua:97]: Skip loaded file: file:///usr/share/nvim/runtime/lua/vim/filetype/detect.lua
[00:25:48.183][info] [#0:script/workspace/loading.lua:100]: Preload file at: file:///usr/share/nvim/runtime/lua/vim/F.lua , size = 0.824 KB
[00:25:48.184][info] [#0:script/workspace/loading.lua:112]: ++++As library of:	file:///usr/share/nvim/runtime/lua
[00:25:48.184][info] [#0:script/workspace/loading.lua:97]: Skip loaded file: file:///usr/share/nvim/runtime/lua/vim/F.lua
[00:25:48.184][info] [#0:script/workspace/loading.lua:100]: Preload file at: file:///usr/share/nvim/runtime/lua/vim/secure.lua , size = 4.830 KB
[00:25:48.187][info] [#0:script/workspace/loading.lua:112]: ++++As library of:	file:///usr/share/nvim/runtime/lua
[00:25:48.187][info] [#0:script/workspace/loading.lua:97]: Skip loaded file: file:///usr/share/nvim/runtime/lua/vim/secure.lua
[00:25:48.187][info] [#0:script/workspace/loading.lua:100]: Preload file at: file:///usr/share/nvim/runtime/lua/vim/_editor.lua , size = 29.378 KB
[00:25:48.204][info] [#0:script/workspace/loading.lua:112]: ++++As library of:	file:///usr/share/nvim/runtime/lua
[00:25:48.204][info] [#0:script/workspace/loading.lua:88]: Skip loaded file: file:///usr/share/nvim/runtime/lua/vim/_editor.lua
[00:25:48.204][info] [#0:script/workspace/loading.lua:112]: ++++As library of:	file:///usr/share/nvim/runtime/lua
[00:25:48.204][info] [#0:script/workspace/loading.lua:100]: Preload file at: file:///usr/share/nvim/runtime/lua/vim/uri.lua , size = 3.376 KB
[00:25:48.206][info] [#0:script/workspace/loading.lua:112]: ++++As library of:	file:///usr/share/nvim/runtime/lua
[00:25:48.206][info] [#0:script/workspace/loading.lua:97]: Skip loaded file: file:///usr/share/nvim/runtime/lua/vim/uri.lua
[00:25:48.206][info] [#0:script/workspace/loading.lua:100]: Preload file at: file:///usr/share/nvim/runtime/lua/vim/_options.lua , size = 12.261 KB
[00:25:48.214][info] [#0:script/workspace/loading.lua:112]: ++++As library of:	file:///usr/share/nvim/runtime/lua
[00:25:48.214][info] [#0:script/workspace/loading.lua:97]: Skip loaded file: file:///usr/share/nvim/runtime/lua/vim/_options.lua
[00:25:48.214][info] [#0:script/workspace/loading.lua:100]: Preload file at: file:///usr/share/nvim/runtime/lua/vim/version.lua , size = 12.146 KB
[00:25:48.222][info] [#0:script/workspace/loading.lua:112]: ++++As library of:	file:///usr/share/nvim/runtime/lua
[00:25:48.222][info] [#0:script/workspace/loading.lua:97]: Skip loaded file: file:///usr/share/nvim/runtime/lua/vim/version.lua
[00:25:48.222][info] [#0:script/workspace/loading.lua:100]: Preload file at: file:///usr/share/nvim/runtime/lua/vim/diagnostic.lua , size = 56.640 KB
[00:25:48.260][info] [#0:script/workspace/loading.lua:112]: ++++As library of:	file:///usr/share/nvim/runtime/lua
[00:25:48.260][info] [#0:script/workspace/loading.lua:97]: Skip loaded file: file:///usr/share/nvim/runtime/lua/vim/diagnostic.lua
[00:25:48.260][info] [#0:script/workspace/loading.lua:100]: Preload file at: file:///usr/share/nvim/runtime/lua/vim/ui.lua , size = 3.672 KB
[00:25:48.262][info] [#0:script/workspace/loading.lua:112]: ++++As library of:	file:///usr/share/nvim/runtime/lua
[00:25:48.262][info] [#0:script/workspace/loading.lua:88]: Skip loaded file: file:///usr/share/nvim/runtime/lua/vim/ui.lua
[00:25:48.262][info] [#0:script/workspace/loading.lua:112]: ++++As library of:	file:///usr/share/nvim/runtime/lua
[00:25:48.262][info] [#0:script/workspace/loading.lua:100]: Preload file at: file:///usr/share/nvim/runtime/lua/vim/lsp/tagfunc.lua , size = 2.339 KB
[00:25:48.264][info] [#0:script/workspace/loading.lua:112]: ++++As library of:	file:///usr/share/nvim/runtime/lua
[00:25:48.264][info] [#0:script/workspace/loading.lua:97]: Skip loaded file: file:///usr/share/nvim/runtime/lua/vim/lsp/tagfunc.lua
[00:25:48.264][info] [#0:script/workspace/loading.lua:100]: Preload file at: file:///usr/share/nvim/runtime/lua/vim/lsp/buf.lua , size = 27.969 KB
[00:25:48.277][info] [#0:script/workspace/loading.lua:112]: ++++As library of:	file:///usr/share/nvim/runtime/lua
[00:25:48.277][info] [#0:script/workspace/loading.lua:97]: Skip loaded file: file:///usr/share/nvim/runtime/lua/vim/lsp/buf.lua
[00:25:48.277][info] [#0:script/workspace/loading.lua:100]: Preload file at: file:///usr/share/nvim/runtime/lua/vim/lsp/_snippet.lua , size = 10.744 KB
[00:25:48.285][info] [#0:script/workspace/loading.lua:112]: ++++As library of:	file:///usr/share/nvim/runtime/lua
[00:25:48.285][info] [#0:script/workspace/loading.lua:97]: Skip loaded file: file:///usr/share/nvim/runtime/lua/vim/lsp/_snippet.lua
[00:25:48.286][info] [#0:script/workspace/loading.lua:100]: Preload file at: file:///usr/share/nvim/runtime/lua/vim/lsp/codelens.lua , size = 8.554 KB
[00:25:48.291][info] [#0:script/workspace/loading.lua:112]: ++++As library of:	file:///usr/share/nvim/runtime/lua
[00:25:48.291][info] [#0:script/workspace/loading.lua:97]: Skip loaded file: file:///usr/share/nvim/runtime/lua/vim/lsp/codelens.lua
[00:25:48.291][info] [#0:script/workspace/loading.lua:100]: Preload file at: file:///usr/share/nvim/runtime/lua/vim/lsp/_watchfiles.lua , size = 9.692 KB
[00:25:48.297][info] [#0:script/workspace/loading.lua:112]: ++++As library of:	file:///usr/share/nvim/runtime/lua
[00:25:48.297][info] [#0:script/workspace/loading.lua:88]: Skip loaded file: file:///usr/share/nvim/runtime/lua/vim/lsp/_watchfiles.lua
[00:25:48.297][info] [#0:script/workspace/loading.lua:112]: ++++As library of:	file:///usr/share/nvim/runtime/lua
[00:25:48.297][info] [#0:script/workspace/loading.lua:100]: Preload file at: file:///usr/share/nvim/runtime/lua/vim/lsp/diagnostic.lua , size = 8.867 KB
[00:25:48.302][info] [#0:script/workspace/loading.lua:112]: ++++As library of:	file:///usr/share/nvim/runtime/lua
[00:25:48.302][info] [#0:script/workspace/loading.lua:97]: Skip loaded file: file:///usr/share/nvim/runtime/lua/vim/lsp/diagnostic.lua
[00:25:48.303][info] [#0:script/workspace/loading.lua:100]: Preload file at: file:///usr/share/nvim/runtime/lua/vim/lsp/util.lua , size = 70.797 KB
[00:25:48.353][info] [#0:script/workspace/loading.lua:112]: ++++As library of:	file:///usr/share/nvim/runtime/lua
[00:25:48.353][info] [#0:script/workspace/loading.lua:100]: Preload file at: file:///usr/share/nvim/runtime/lua/vim/lsp/sync.lua , size = 15.681 KB
[00:25:48.358][info] [#0:script/workspace/loading.lua:112]: ++++As library of:	file:///usr/share/nvim/runtime/lua
[00:25:48.359][info] [#0:script/workspace/loading.lua:97]: Skip loaded file: file:///usr/share/nvim/runtime/lua/vim/lsp/util.lua
[00:25:48.359][info] [#0:script/workspace/loading.lua:88]: Skip loaded file: file:///usr/share/nvim/runtime/lua/vim/lsp/sync.lua
[00:25:48.359][info] [#0:script/workspace/loading.lua:112]: ++++As library of:	file:///usr/share/nvim/runtime/lua
[00:25:48.359][info] [#0:script/workspace/loading.lua:100]: Preload file at: file:///usr/share/nvim/runtime/lua/vim/lsp/handlers.lua , size = 23.587 KB
[00:25:48.371][info] [#0:script/workspace/loading.lua:112]: ++++As library of:	file:///usr/share/nvim/runtime/lua
[00:25:48.371][info] [#0:script/workspace/loading.lua:97]: Skip loaded file: file:///usr/share/nvim/runtime/lua/vim/lsp/handlers.lua
[00:25:48.371][info] [#0:script/workspace/loading.lua:100]: Preload file at: file:///usr/share/nvim/runtime/lua/vim/lsp/protocol.lua , size = 28.367 KB
[00:25:48.378][info] [#0:script/workspace/loading.lua:112]: ++++As library of:	file:///usr/share/nvim/runtime/lua
[00:25:48.378][info] [#0:script/workspace/loading.lua:97]: Skip loaded file: file:///usr/share/nvim/runtime/lua/vim/lsp/protocol.lua
[00:25:48.378][info] [#0:script/workspace/loading.lua:100]: Preload file at: file:///usr/share/nvim/runtime/lua/vim/lsp/rpc.lua , size = 23.695 KB
[00:25:48.392][info] [#0:script/workspace/loading.lua:112]: ++++As library of:	file:///usr/share/nvim/runtime/lua
[00:25:48.392][info] [#0:script/workspace/loading.lua:97]: Skip loaded file: file:///usr/share/nvim/runtime/lua/vim/lsp/rpc.lua
[00:25:48.392][info] [#0:script/workspace/loading.lua:100]: Preload file at: file:///usr/share/nvim/runtime/lua/vim/lsp/health.lua , size = 1.240 KB
[00:25:48.393][info] [#0:script/workspace/loading.lua:112]: ++++As library of:	file:///usr/share/nvim/runtime/lua
[00:25:48.393][info] [#0:script/workspace/loading.lua:97]: Skip loaded file: file:///usr/share/nvim/runtime/lua/vim/lsp/health.lua
[00:25:48.393][info] [#0:script/workspace/loading.lua:100]: Preload file at: file:///usr/share/nvim/runtime/lua/vim/lsp/semantic_tokens.lua , size = 25.936 KB
[00:25:48.406][info] [#0:script/workspace/loading.lua:112]: ++++As library of:	file:///usr/share/nvim/runtime/lua
[00:25:48.406][info] [#0:script/workspace/loading.lua:97]: Skip loaded file: file:///usr/share/nvim/runtime/lua/vim/lsp/semantic_tokens.lua
[00:25:48.406][info] [#0:script/workspace/loading.lua:100]: Preload file at: file:///usr/share/nvim/runtime/lua/vim/lsp/log.lua , size = 5.151 KB
[00:25:48.409][info] [#0:script/workspace/loading.lua:112]: ++++As library of:	file:///usr/share/nvim/runtime/lua
[00:25:48.409][info] [#0:script/workspace/loading.lua:88]: Skip loaded file: file:///usr/share/nvim/runtime/lua/vim/lsp/log.lua
[00:25:48.409][info] [#0:script/workspace/loading.lua:112]: ++++As library of:	file:///usr/share/nvim/runtime/lua
[00:25:48.410][info] [#0:script/workspace/loading.lua:100]: Preload file at: file:///usr/share/nvim/runtime/lua/vim/lsp/types.lua , size = 0.924 KB
[00:25:48.411][info] [#0:script/workspace/loading.lua:112]: ++++As library of:	file:///usr/share/nvim/runtime/lua
[00:25:48.411][info] [#0:script/workspace/loading.lua:88]: Skip loaded file: file:///usr/share/nvim/runtime/lua/vim/lsp/types.lua
[00:25:48.411][info] [#0:script/workspace/loading.lua:112]: ++++As library of:	file:///usr/share/nvim/runtime/lua
[00:25:48.411][info] [#0:script/workspace/loading.lua:100]: Preload file at: file:///usr/share/nvim/runtime/lua/vim/treesitter/_fold.lua , size = 8.770 KB
[00:25:48.417][info] [#0:script/workspace/loading.lua:112]: ++++As library of:	file:///usr/share/nvim/runtime/lua
[00:25:48.417][info] [#0:script/workspace/loading.lua:97]: Skip loaded file: file:///usr/share/nvim/runtime/lua/vim/treesitter/_fold.lua
[00:25:48.417][info] [#0:script/workspace/loading.lua:100]: Preload file at: file:///usr/share/nvim/runtime/lua/vim/treesitter/language.lua , size = 3.558 KB
[00:25:48.420][info] [#0:script/workspace/loading.lua:112]: ++++As library of:	file:///usr/share/nvim/runtime/lua
[00:25:48.420][info] [#0:script/workspace/loading.lua:88]: Skip loaded file: file:///usr/share/nvim/runtime/lua/vim/treesitter/language.lua
[00:25:48.420][info] [#0:script/workspace/loading.lua:112]: ++++As library of:	file:///usr/share/nvim/runtime/lua
[00:25:48.420][info] [#0:script/workspace/loading.lua:100]: Preload file at: file:///usr/share/nvim/runtime/lua/vim/treesitter/_range.lua , size = 3.646 KB
[00:25:48.423][info] [#0:script/workspace/loading.lua:112]: ++++As library of:	file:///usr/share/nvim/runtime/lua
[00:25:48.423][info] [#0:script/workspace/loading.lua:88]: Skip loaded file: file:///usr/share/nvim/runtime/lua/vim/treesitter/_range.lua
[00:25:48.423][info] [#0:script/workspace/loading.lua:112]: ++++As library of:	file:///usr/share/nvim/runtime/lua
[00:25:48.423][info] [#0:script/workspace/loading.lua:100]: Preload file at: file:///usr/share/nvim/runtime/lua/vim/treesitter/_meta.lua , size = 2.839 KB
[00:25:48.427][info] [#0:script/workspace/loading.lua:112]: ++++As library of:	file:///usr/share/nvim/runtime/lua
[00:25:48.427][info] [#0:script/workspace/loading.lua:88]: Skip loaded file: file:///usr/share/nvim/runtime/lua/vim/treesitter/_meta.lua
[00:25:48.427][info] [#0:script/workspace/loading.lua:112]: ++++As library of:	file:///usr/share/nvim/runtime/lua
[00:25:48.427][info] [#0:script/workspace/loading.lua:100]: Preload file at: file:///usr/share/nvim/runtime/lua/vim/treesitter/playground.lua , size = 12.789 KB
[00:25:48.435][info] [#0:script/workspace/loading.lua:112]: ++++As library of:	file:///usr/share/nvim/runtime/lua
[00:25:48.435][info] [#0:script/workspace/loading.lua:97]: Skip loaded file: file:///usr/share/nvim/runtime/lua/vim/treesitter/playground.lua
[00:25:48.436][info] [#0:script/workspace/loading.lua:100]: Preload file at: file:///usr/share/nvim/runtime/lua/vim/treesitter/languagetree.lua , size = 27.667 KB
[00:25:48.474][info] [#0:script/workspace/loading.lua:112]: ++++As library of:	file:///usr/share/nvim/runtime/lua
[00:25:48.474][info] [#0:script/workspace/loading.lua:97]: Skip loaded file: file:///usr/share/nvim/runtime/lua/vim/treesitter/languagetree.lua
[00:25:48.474][info] [#0:script/workspace/loading.lua:100]: Preload file at: file:///usr/share/nvim/runtime/lua/vim/treesitter/highlighter.lua , size = 8.781 KB
[00:25:48.480][info] [#0:script/workspace/loading.lua:112]: ++++As library of:	file:///usr/share/nvim/runtime/lua
[00:25:48.480][info] [#0:script/workspace/loading.lua:97]: Skip loaded file: file:///usr/share/nvim/runtime/lua/vim/treesitter/highlighter.lua
[00:25:48.481][info] [#0:script/workspace/loading.lua:100]: Preload file at: file:///usr/share/nvim/runtime/lua/vim/treesitter/query.lua , size = 21.253 KB
[00:25:48.493][info] [#0:script/workspace/loading.lua:112]: ++++As library of:	file:///usr/share/nvim/runtime/lua
[00:25:48.493][info] [#0:script/workspace/loading.lua:97]: Skip loaded file: file:///usr/share/nvim/runtime/lua/vim/treesitter/query.lua
[00:25:48.493][info] [#0:script/workspace/loading.lua:100]: Preload file at: file:///usr/share/nvim/runtime/lua/vim/treesitter/health.lua , size = 0.888 KB
[00:25:48.494][info] [#0:script/workspace/loading.lua:112]: ++++As library of:	file:///usr/share/nvim/runtime/lua
[00:25:48.494][info] [#0:script/workspace/loading.lua:88]: Skip loaded file: file:///usr/share/nvim/runtime/lua/vim/treesitter/health.lua
[00:25:48.494][info] [#0:script/workspace/loading.lua:112]: ++++As library of:	file:///usr/share/nvim/runtime/lua
[00:25:48.494][info] [#0:script/workspace/loading.lua:100]: Preload file at: file:///usr/share/nvim/runtime/lua/vim/fs.lua , size = 10.702 KB
[00:25:48.500][info] [#0:script/workspace/loading.lua:112]: ++++As library of:	file:///usr/share/nvim/runtime/lua
[00:25:48.500][info] [#0:script/workspace/loading.lua:88]: Skip loaded file: file:///usr/share/nvim/runtime/lua/vim/fs.lua
[00:25:48.500][info] [#0:script/workspace/loading.lua:112]: ++++As library of:	file:///usr/share/nvim/runtime/lua
[00:25:48.501][info] [#0:script/workspace/loading.lua:100]: Preload file at: file:///usr/share/nvim/runtime/lua/vim/loader.lua , size = 16.182 KB
[00:25:48.511][info] [#0:script/workspace/loading.lua:112]: ++++As library of:	file:///usr/share/nvim/runtime/lua
[00:25:48.511][info] [#0:script/workspace/loading.lua:97]: Skip loaded file: file:///usr/share/nvim/runtime/lua/vim/loader.lua
[00:25:48.512][info] [#0:script/workspace/loading.lua:100]: Preload file at: file:///usr/share/nvim/runtime/lua/vim/health.lua , size = 1.782 KB
[00:25:48.513][info] [#0:script/workspace/loading.lua:112]: ++++As library of:	file:///usr/share/nvim/runtime/lua
[00:25:48.513][info] [#0:script/workspace/loading.lua:97]: Skip loaded file: file:///usr/share/nvim/runtime/lua/vim/health.lua
[00:25:48.513][info] [#0:script/workspace/loading.lua:100]: Preload file at: file:///usr/share/nvim/runtime/lua/vim/keymap.lua , size = 3.573 KB
[00:25:48.515][info] [#0:script/workspace/loading.lua:112]: ++++As library of:	file:///usr/share/nvim/runtime/lua
[00:25:48.515][info] [#0:script/workspace/loading.lua:88]: Skip loaded file: file:///usr/share/nvim/runtime/lua/vim/keymap.lua
[00:25:48.515][info] [#0:script/workspace/loading.lua:112]: ++++As library of:	file:///usr/share/nvim/runtime/lua
[00:25:48.515][info] [#0:script/workspace/loading.lua:100]: Preload file at: file:///usr/share/nvim/runtime/lua/vim/_init_packages.lua , size = 2.773 KB
[00:25:48.517][info] [#0:script/workspace/loading.lua:112]: ++++As library of:	file:///usr/share/nvim/runtime/lua
[00:25:48.517][info] [#0:script/workspace/loading.lua:88]: Skip loaded file: file:///usr/share/nvim/runtime/lua/vim/_init_packages.lua
[00:25:48.517][info] [#0:script/workspace/loading.lua:112]: ++++As library of:	file:///usr/share/nvim/runtime/lua
[00:25:48.518][info] [#0:script/workspace/loading.lua:100]: Preload file at: file:///usr/share/nvim/runtime/lua/vim/treesitter.lua , size = 15.316 KB
[00:25:48.526][info] [#0:script/workspace/loading.lua:112]: ++++As library of:	file:///usr/share/nvim/runtime/lua
[00:25:48.526][info] [#0:script/workspace/loading.lua:97]: Skip loaded file: file:///usr/share/nvim/runtime/lua/vim/treesitter.lua
[00:25:48.526][info] [#0:script/workspace/loading.lua:100]: Preload file at: file:///usr/share/nvim/runtime/lua/vim/_inspector.lua , size = 7.915 KB
[00:25:48.532][info] [#0:script/workspace/loading.lua:112]: ++++As library of:	file:///usr/share/nvim/runtime/lua
[00:25:48.532][info] [#0:script/workspace/loading.lua:88]: Skip loaded file: file:///usr/share/nvim/runtime/lua/vim/_inspector.lua
[00:25:48.532][info] [#0:script/workspace/loading.lua:112]: ++++As library of:	file:///usr/share/nvim/runtime/lua
[00:25:48.532][info] [#0:script/workspace/loading.lua:100]: Preload file at: file:///usr/share/nvim/runtime/lua/vim/highlight.lua , size = 3.749 KB
[00:25:48.534][info] [#0:script/workspace/loading.lua:112]: ++++As library of:	file:///usr/share/nvim/runtime/lua
[00:25:48.534][info] [#0:script/workspace/loading.lua:88]: Skip loaded file: file:///usr/share/nvim/runtime/lua/vim/highlight.lua
[00:25:48.534][info] [#0:script/workspace/loading.lua:112]: ++++As library of:	file:///usr/share/nvim/runtime/lua
[00:25:48.535][info] [#0:script/workspace/loading.lua:100]: Preload file at: file:///usr/share/nvim/runtime/lua/vim/lsp.lua , size = 82.377 KB
[00:25:48.574][info] [#0:script/workspace/loading.lua:112]: ++++As library of:	file:///usr/share/nvim/runtime/lua
[00:25:48.574][info] [#0:script/workspace/loading.lua:97]: Skip loaded file: file:///usr/share/nvim/runtime/lua/vim/lsp.lua
[00:25:48.574][info] [#0:script/workspace/loading.lua:100]: Preload file at: file:///usr/share/nvim/runtime/lua/vim/filetype.lua , size = 74.400 KB
[00:25:48.615][info] [#0:script/workspace/loading.lua:112]: ++++As library of:	file:///usr/share/nvim/runtime/lua
[00:25:48.615][info] [#0:script/workspace/loading.lua:97]: Skip loaded file: file:///usr/share/nvim/runtime/lua/vim/filetype.lua
[00:25:48.615][info] [#0:script/workspace/loading.lua:100]: Preload file at: file:///usr/share/nvim/runtime/lua/vim/_watch.lua , size = 5.387 KB
[00:25:48.619][info] [#0:script/workspace/loading.lua:112]: ++++As library of:	file:///usr/share/nvim/runtime/lua
[00:25:48.619][info] [#0:script/workspace/loading.lua:88]: Skip loaded file: file:///usr/share/nvim/runtime/lua/vim/_watch.lua
[00:25:48.619][info] [#0:script/workspace/loading.lua:112]: ++++As library of:	file:///usr/share/nvim/runtime/lua
[00:25:48.619][info] [#0:script/workspace/loading.lua:100]: Preload file at: file:///usr/share/nvim/runtime/lua/nvim/health.lua , size = 12.706 KB
[00:25:48.626][info] [#0:script/workspace/loading.lua:112]: ++++As library of:	file:///usr/share/nvim/runtime/lua
[00:25:48.626][info] [#0:script/workspace/loading.lua:97]: Skip loaded file: file:///usr/share/nvim/runtime/lua/nvim/health.lua
[00:25:48.626][info] [#0:script/workspace/loading.lua:100]: Preload file at: file:///home/daniele/.local/share/nvim/mason/packages/lua-language-server/libexec/meta/Lua%205.4%20en-us%20utf8/debug.lua , size = 7.637 KB
[00:25:48.662][info] [#0:script/workspace/loading.lua:112]: ++++As library of:	file:///home/daniele/.local/share/nvim/mason/packages/lua-language-server/libexec/meta/Lua%205.4%20en-us%20utf8/debug.lua
[00:25:48.662][info] [#0:script/workspace/loading.lua:88]: Skip loaded file: file:///home/daniele/.local/share/nvim/mason/packages/lua-language-server/libexec/meta/Lua%205.4%20en-us%20utf8/debug.lua
[00:25:48.662][info] [#0:script/workspace/loading.lua:112]: ++++As library of:	file:///home/daniele/.local/share/nvim/mason/packages/lua-language-server/libexec/meta/Lua%205.4%20en-us%20utf8/debug.lua
[00:25:48.663][info] [#0:script/workspace/loading.lua:100]: Preload file at: file:///home/daniele/.local/share/nvim/mason/packages/lua-language-server/libexec/meta/Lua%205.4%20en-us%20utf8/io.lua , size = 6.364 KB
[00:25:48.668][info] [#0:script/workspace/loading.lua:112]: ++++As library of:	file:///home/daniele/.local/share/nvim/mason/packages/lua-language-server/libexec/meta/Lua%205.4%20en-us%20utf8/io.lua
[00:25:48.668][info] [#0:script/workspace/loading.lua:97]: Skip loaded file: file:///home/daniele/.local/share/nvim/mason/packages/lua-language-server/libexec/meta/Lua%205.4%20en-us%20utf8/io.lua
[00:25:48.668][info] [#0:script/workspace/loading.lua:100]: Preload file at: file:///home/daniele/.local/share/nvim/mason/packages/lua-language-server/libexec/meta/Lua%205.4%20en-us%20utf8/os.lua , size = 5.611 KB
[00:25:48.672][info] [#0:script/workspace/loading.lua:112]: ++++As library of:	file:///home/daniele/.local/share/nvim/mason/packages/lua-language-server/libexec/meta/Lua%205.4%20en-us%20utf8/os.lua
[00:25:48.672][info] [#0:script/workspace/loading.lua:88]: Skip loaded file: file:///home/daniele/.local/share/nvim/mason/packages/lua-language-server/libexec/meta/Lua%205.4%20en-us%20utf8/os.lua
[00:25:48.672][info] [#0:script/workspace/loading.lua:112]: ++++As library of:	file:///home/daniele/.local/share/nvim/mason/packages/lua-language-server/libexec/meta/Lua%205.4%20en-us%20utf8/os.lua
[00:25:48.672][info] [#0:script/workspace/loading.lua:100]: Preload file at: file:///home/daniele/.local/share/nvim/mason/packages/lua-language-server/libexec/meta/Lua%205.4%20en-us%20utf8/coroutine.lua , size = 2.590 KB
[00:25:48.674][info] [#0:script/workspace/loading.lua:112]: ++++As library of:	file:///home/daniele/.local/share/nvim/mason/packages/lua-language-server/libexec/meta/Lua%205.4%20en-us%20utf8/coroutine.lua
[00:25:48.674][info] [#0:script/workspace/loading.lua:88]: Skip loaded file: file:///home/daniele/.local/share/nvim/mason/packages/lua-language-server/libexec/meta/Lua%205.4%20en-us%20utf8/coroutine.lua
[00:25:48.674][info] [#0:script/workspace/loading.lua:112]: ++++As library of:	file:///home/daniele/.local/share/nvim/mason/packages/lua-language-server/libexec/meta/Lua%205.4%20en-us%20utf8/coroutine.lua
[00:25:48.674][info] [#0:script/workspace/loading.lua:88]: Skip loaded file: file:///usr/share/nvim/runtime/lua/vim/lsp/tagfunc.lua
[00:25:48.674][info] [#0:script/workspace/loading.lua:112]: ++++As library of:	file:///usr/share/nvim/runtime/lua/vim/lsp
[00:25:48.674][info] [#0:script/workspace/loading.lua:88]: Skip loaded file: file:///usr/share/nvim/runtime/lua/vim/lsp/tagfunc.lua
[00:25:48.674][info] [#0:script/workspace/loading.lua:112]: ++++As library of:	file:///usr/share/nvim/runtime/lua/vim/lsp
[00:25:48.674][info] [#0:script/workspace/loading.lua:88]: Skip loaded file: file:///usr/share/nvim/runtime/lua/vim/lsp/buf.lua
[00:25:48.674][info] [#0:script/workspace/loading.lua:112]: ++++As library of:	file:///usr/share/nvim/runtime/lua/vim/lsp
[00:25:48.674][info] [#0:script/workspace/loading.lua:88]: Skip loaded file: file:///usr/share/nvim/runtime/lua/vim/lsp/buf.lua
[00:25:48.674][info] [#0:script/workspace/loading.lua:112]: ++++As library of:	file:///usr/share/nvim/runtime/lua/vim/lsp
[00:25:48.674][info] [#0:script/workspace/loading.lua:88]: Skip loaded file: file:///usr/share/nvim/runtime/lua/vim/lsp/_snippet.lua
[00:25:48.674][info] [#0:script/workspace/loading.lua:112]: ++++As library of:	file:///usr/share/nvim/runtime/lua/vim/lsp
[00:25:48.674][info] [#0:script/workspace/loading.lua:88]: Skip loaded file: file:///usr/share/nvim/runtime/lua/vim/lsp/_snippet.lua
[00:25:48.674][info] [#0:script/workspace/loading.lua:112]: ++++As library of:	file:///usr/share/nvim/runtime/lua/vim/lsp
[00:25:48.674][info] [#0:script/workspace/loading.lua:88]: Skip loaded file: file:///usr/share/nvim/runtime/lua/vim/lsp/codelens.lua
[00:25:48.674][info] [#0:script/workspace/loading.lua:112]: ++++As library of:	file:///usr/share/nvim/runtime/lua/vim/lsp
[00:25:48.674][info] [#0:script/workspace/loading.lua:88]: Skip loaded file: file:///usr/share/nvim/runtime/lua/vim/lsp/codelens.lua
[00:25:48.674][info] [#0:script/workspace/loading.lua:112]: ++++As library of:	file:///usr/share/nvim/runtime/lua/vim/lsp
[00:25:48.675][info] [#0:script/workspace/loading.lua:88]: Skip loaded file: file:///usr/share/nvim/runtime/lua/vim/lsp/_watchfiles.lua
[00:25:48.675][info] [#0:script/workspace/loading.lua:112]: ++++As library of:	file:///usr/share/nvim/runtime/lua/vim/lsp
[00:25:48.675][info] [#0:script/workspace/loading.lua:88]: Skip loaded file: file:///usr/share/nvim/runtime/lua/vim/lsp/_watchfiles.lua
[00:25:48.675][info] [#0:script/workspace/loading.lua:112]: ++++As library of:	file:///usr/share/nvim/runtime/lua/vim/lsp
[00:25:48.675][info] [#0:script/workspace/loading.lua:88]: Skip loaded file: file:///usr/share/nvim/runtime/lua/vim/lsp/diagnostic.lua
[00:25:48.675][info] [#0:script/workspace/loading.lua:112]: ++++As library of:	file:///usr/share/nvim/runtime/lua/vim/lsp
[00:25:48.675][info] [#0:script/workspace/loading.lua:88]: Skip loaded file: file:///usr/share/nvim/runtime/lua/vim/lsp/diagnostic.lua
[00:25:48.675][info] [#0:script/workspace/loading.lua:112]: ++++As library of:	file:///usr/share/nvim/runtime/lua/vim/lsp
[00:25:48.675][info] [#0:script/workspace/loading.lua:88]: Skip loaded file: file:///usr/share/nvim/runtime/lua/vim/lsp/util.lua
[00:25:48.675][info] [#0:script/workspace/loading.lua:112]: ++++As library of:	file:///usr/share/nvim/runtime/lua/vim/lsp
[00:25:48.675][info] [#0:script/workspace/loading.lua:88]: Skip loaded file: file:///usr/share/nvim/runtime/lua/vim/lsp/util.lua
[00:25:48.675][info] [#0:script/workspace/loading.lua:112]: ++++As library of:	file:///usr/share/nvim/runtime/lua/vim/lsp
[00:25:48.675][info] [#0:script/workspace/loading.lua:88]: Skip loaded file: file:///usr/share/nvim/runtime/lua/vim/lsp/sync.lua
[00:25:48.675][info] [#0:script/workspace/loading.lua:112]: ++++As library of:	file:///usr/share/nvim/runtime/lua/vim/lsp
[00:25:48.675][info] [#0:script/workspace/loading.lua:88]: Skip loaded file: file:///usr/share/nvim/runtime/lua/vim/lsp/sync.lua
[00:25:48.675][info] [#0:script/workspace/loading.lua:112]: ++++As library of:	file:///usr/share/nvim/runtime/lua/vim/lsp
[00:25:48.675][info] [#0:script/workspace/loading.lua:88]: Skip loaded file: file:///usr/share/nvim/runtime/lua/vim/lsp/handlers.lua
[00:25:48.675][info] [#0:script/workspace/loading.lua:112]: ++++As library of:	file:///usr/share/nvim/runtime/lua/vim/lsp
[00:25:48.675][info] [#0:script/workspace/loading.lua:88]: Skip loaded file: file:///usr/share/nvim/runtime/lua/vim/lsp/handlers.lua
[00:25:48.675][info] [#0:script/workspace/loading.lua:112]: ++++As library of:	file:///usr/share/nvim/runtime/lua/vim/lsp
[00:25:48.675][info] [#0:script/workspace/loading.lua:88]: Skip loaded file: file:///usr/share/nvim/runtime/lua/vim/lsp/protocol.lua
[00:25:48.675][info] [#0:script/workspace/loading.lua:112]: ++++As library of:	file:///usr/share/nvim/runtime/lua/vim/lsp
[00:25:48.675][info] [#0:script/workspace/loading.lua:88]: Skip loaded file: file:///usr/share/nvim/runtime/lua/vim/lsp/protocol.lua
[00:25:48.675][info] [#0:script/workspace/loading.lua:112]: ++++As library of:	file:///usr/share/nvim/runtime/lua/vim/lsp
[00:25:48.676][info] [#0:script/workspace/loading.lua:88]: Skip loaded file: file:///usr/share/nvim/runtime/lua/vim/lsp/rpc.lua
[00:25:48.676][info] [#0:script/workspace/loading.lua:112]: ++++As library of:	file:///usr/share/nvim/runtime/lua/vim/lsp
[00:25:48.676][info] [#0:script/workspace/loading.lua:88]: Skip loaded file: file:///usr/share/nvim/runtime/lua/vim/lsp/rpc.lua
[00:25:48.676][info] [#0:script/workspace/loading.lua:112]: ++++As library of:	file:///usr/share/nvim/runtime/lua/vim/lsp
[00:25:48.676][info] [#0:script/workspace/loading.lua:88]: Skip loaded file: file:///usr/share/nvim/runtime/lua/vim/lsp/health.lua
[00:25:48.676][info] [#0:script/workspace/loading.lua:112]: ++++As library of:	file:///usr/share/nvim/runtime/lua/vim/lsp
[00:25:48.676][info] [#0:script/workspace/loading.lua:88]: Skip loaded file: file:///usr/share/nvim/runtime/lua/vim/lsp/health.lua
[00:25:48.676][info] [#0:script/workspace/loading.lua:112]: ++++As library of:	file:///usr/share/nvim/runtime/lua/vim/lsp
[00:25:48.676][info] [#0:script/workspace/loading.lua:88]: Skip loaded file: file:///usr/share/nvim/runtime/lua/vim/lsp/semantic_tokens.lua
[00:25:48.676][info] [#0:script/workspace/loading.lua:112]: ++++As library of:	file:///usr/share/nvim/runtime/lua/vim/lsp
[00:25:48.676][info] [#0:script/workspace/loading.lua:88]: Skip loaded file: file:///usr/share/nvim/runtime/lua/vim/lsp/semantic_tokens.lua
[00:25:48.676][info] [#0:script/workspace/loading.lua:112]: ++++As library of:	file:///usr/share/nvim/runtime/lua/vim/lsp
[00:25:48.676][info] [#0:script/workspace/loading.lua:88]: Skip loaded file: file:///usr/share/nvim/runtime/lua/vim/lsp/log.lua
[00:25:48.676][info] [#0:script/workspace/loading.lua:112]: ++++As library of:	file:///usr/share/nvim/runtime/lua/vim/lsp
[00:25:48.676][info] [#0:script/workspace/loading.lua:88]: Skip loaded file: file:///usr/share/nvim/runtime/lua/vim/lsp/log.lua
[00:25:48.676][info] [#0:script/workspace/loading.lua:112]: ++++As library of:	file:///usr/share/nvim/runtime/lua/vim/lsp
[00:25:48.676][info] [#0:script/workspace/loading.lua:88]: Skip loaded file: file:///usr/share/nvim/runtime/lua/vim/lsp/types.lua
[00:25:48.676][info] [#0:script/workspace/loading.lua:112]: ++++As library of:	file:///usr/share/nvim/runtime/lua/vim/lsp
[00:25:48.676][info] [#0:script/workspace/loading.lua:88]: Skip loaded file: file:///usr/share/nvim/runtime/lua/vim/lsp/types.lua
[00:25:48.676][info] [#0:script/workspace/loading.lua:112]: ++++As library of:	file:///usr/share/nvim/runtime/lua/vim/lsp
[00:25:48.677][info] [#0:script/workspace/loading.lua:100]: Preload file at: file:///home/daniele/.local/share/nvim/mason/packages/lua-language-server/libexec/meta/Lua%205.4%20en-us%20utf8/string.lua , size = 5.260 KB
[00:25:48.681][info] [#0:script/workspace/loading.lua:112]: ++++As library of:	file:///home/daniele/.local/share/nvim/mason/packages/lua-language-server/libexec/meta/Lua%205.4%20en-us%20utf8/string.lua
[00:25:48.681][info] [#0:script/workspace/loading.lua:97]: Skip loaded file: file:///home/daniele/.local/share/nvim/mason/packages/lua-language-server/libexec/meta/Lua%205.4%20en-us%20utf8/string.lua
[00:25:48.681][info] [#0:script/workspace/loading.lua:100]: Preload file at: file:///home/daniele/.local/share/nvim/mason/packages/lua-language-server/libexec/meta/Lua%205.4%20en-us%20utf8/package.lua , size = 2.944 KB
[00:25:48.683][info] [#0:script/workspace/loading.lua:112]: ++++As library of:	file:///home/daniele/.local/share/nvim/mason/packages/lua-language-server/libexec/meta/Lua%205.4%20en-us%20utf8/package.lua
[00:25:48.683][info] [#0:script/workspace/loading.lua:88]: Skip loaded file: file:///home/daniele/.local/share/nvim/mason/packages/lua-language-server/libexec/meta/Lua%205.4%20en-us%20utf8/package.lua
[00:25:48.683][info] [#0:script/workspace/loading.lua:112]: ++++As library of:	file:///home/daniele/.local/share/nvim/mason/packages/lua-language-server/libexec/meta/Lua%205.4%20en-us%20utf8/package.lua
[00:25:48.683][info] [#0:script/workspace/loading.lua:100]: Preload file at: file:///home/daniele/.local/share/nvim/lazy/lazy.nvim/lua/lazy/stats.lua , size = 2.153 KB
[00:25:48.685][info] [#0:script/workspace/loading.lua:112]: ++++As library of:	file:///home/daniele/.local/share/nvim/lazy/lazy.nvim/lua/lazy
[00:25:48.685][info] [#0:script/workspace/loading.lua:88]: Skip loaded file: file:///home/daniele/.local/share/nvim/lazy/lazy.nvim/lua/lazy/stats.lua
[00:25:48.685][info] [#0:script/workspace/loading.lua:112]: ++++As library of:	file:///home/daniele/.local/share/nvim/lazy/lazy.nvim/lua/lazy
[00:25:48.685][info] [#0:script/workspace/loading.lua:100]: Preload file at: file:///home/daniele/.local/share/nvim/lazy/lazy.nvim/lua/lazy/init.lua , size = 3.749 KB
[00:25:48.688][info] [#0:script/workspace/loading.lua:112]: ++++As library of:	file:///home/daniele/.local/share/nvim/lazy/lazy.nvim/lua/lazy
[00:25:48.688][info] [#0:script/workspace/loading.lua:88]: Skip loaded file: file:///home/daniele/.local/share/nvim/lazy/lazy.nvim/lua/lazy/init.lua
[00:25:48.688][info] [#0:script/workspace/loading.lua:112]: ++++As library of:	file:///home/daniele/.local/share/nvim/lazy/lazy.nvim/lua/lazy
[00:25:48.688][info] [#0:script/workspace/loading.lua:100]: Preload file at: file:///home/daniele/.local/share/nvim/lazy/lazy.nvim/lua/lazy/pkg/lazy.lua , size = 0.720 KB
[00:25:48.689][info] [#0:script/workspace/loading.lua:112]: ++++As library of:	file:///home/daniele/.local/share/nvim/lazy/lazy.nvim/lua/lazy
[00:25:48.689][info] [#0:script/workspace/loading.lua:88]: Skip loaded file: file:///home/daniele/.local/share/nvim/lazy/lazy.nvim/lua/lazy/pkg/lazy.lua
[00:25:48.689][info] [#0:script/workspace/loading.lua:112]: ++++As library of:	file:///home/daniele/.local/share/nvim/lazy/lazy.nvim/lua/lazy
[00:25:48.689][info] [#0:script/workspace/loading.lua:100]: Preload file at: file:///home/daniele/.local/share/nvim/lazy/lazy.nvim/lua/lazy/pkg/init.lua , size = 3.028 KB
[00:25:48.692][info] [#0:script/workspace/loading.lua:112]: ++++As library of:	file:///home/daniele/.local/share/nvim/lazy/lazy.nvim/lua/lazy
[00:25:48.692][info] [#0:script/workspace/loading.lua:97]: Skip loaded file: file:///home/daniele/.local/share/nvim/lazy/lazy.nvim/lua/lazy/pkg/init.lua
[00:25:48.692][info] [#0:script/workspace/loading.lua:100]: Preload file at: file:///home/daniele/.local/share/nvim/lazy/lazy.nvim/lua/lazy/pkg/rockspec.lua , size = 8.005 KB
[00:25:48.697][info] [#0:script/workspace/loading.lua:112]: ++++As library of:	file:///home/daniele/.local/share/nvim/lazy/lazy.nvim/lua/lazy
[00:25:48.698][info] [#0:script/workspace/loading.lua:88]: Skip loaded file: file:///home/daniele/.local/share/nvim/lazy/lazy.nvim/lua/lazy/pkg/rockspec.lua
[00:25:48.698][info] [#0:script/workspace/loading.lua:112]: ++++As library of:	file:///home/daniele/.local/share/nvim/lazy/lazy.nvim/lua/lazy
[00:25:48.698][info] [#0:script/workspace/loading.lua:100]: Preload file at: file:///home/daniele/.local/share/nvim/lazy/lazy.nvim/lua/lazy/pkg/packspec.lua , size = 1.137 KB
[00:25:48.699][info] [#0:script/workspace/loading.lua:112]: ++++As library of:	file:///home/daniele/.local/share/nvim/lazy/lazy.nvim/lua/lazy
[00:25:48.699][info] [#0:script/workspace/loading.lua:88]: Skip loaded file: file:///home/daniele/.local/share/nvim/lazy/lazy.nvim/lua/lazy/pkg/packspec.lua
[00:25:48.699][info] [#0:script/workspace/loading.lua:112]: ++++As library of:	file:///home/daniele/.local/share/nvim/lazy/lazy.nvim/lua/lazy
[00:25:48.699][info] [#0:script/workspace/loading.lua:100]: Preload file at: file:///home/daniele/.local/share/nvim/lazy/lazy.nvim/lua/lazy/community/_generated.lua , size = 60.994 KB
[00:25:48.717][info] [#0:script/workspace/loading.lua:112]: ++++As library of:	file:///home/daniele/.local/share/nvim/lazy/lazy.nvim/lua/lazy
[00:25:48.717][info] [#0:script/workspace/loading.lua:100]: Preload file at: file:///home/daniele/.local/share/nvim/lazy/lazy.nvim/lua/lazy/community/init.lua , size = 0.511 KB
[00:25:48.718][info] [#0:script/workspace/loading.lua:112]: ++++As library of:	file:///home/daniele/.local/share/nvim/lazy/lazy.nvim/lua/lazy
[00:25:48.718][info] [#0:script/workspace/loading.lua:97]: Skip loaded file: file:///home/daniele/.local/share/nvim/lazy/lazy.nvim/lua/lazy/community/_generated.lua
[00:25:48.718][info] [#0:script/workspace/loading.lua:88]: Skip loaded file: file:///home/daniele/.local/share/nvim/lazy/lazy.nvim/lua/lazy/community/init.lua
[00:25:48.718][info] [#0:script/workspace/loading.lua:112]: ++++As library of:	file:///home/daniele/.local/share/nvim/lazy/lazy.nvim/lua/lazy
[00:25:48.718][info] [#0:script/workspace/loading.lua:100]: Preload file at: file:///home/daniele/.local/share/nvim/lazy/lazy.nvim/lua/lazy/community/specs.lua , size = 0.115 KB
[00:25:48.719][info] [#0:script/workspace/loading.lua:112]: ++++As library of:	file:///home/daniele/.local/share/nvim/lazy/lazy.nvim/lua/lazy
[00:25:48.719][info] [#0:script/workspace/loading.lua:97]: Skip loaded file: file:///home/daniele/.local/share/nvim/lazy/lazy.nvim/lua/lazy/community/specs.lua
[00:25:48.719][info] [#0:script/workspace/loading.lua:100]: Preload file at: file:///home/daniele/.local/share/nvim/lazy/lazy.nvim/lua/lazy/core/meta.lua , size = 9.738 KB
[00:25:48.726][info] [#0:script/workspace/loading.lua:112]: ++++As library of:	file:///home/daniele/.local/share/nvim/lazy/lazy.nvim/lua/lazy
[00:25:48.726][info] [#0:script/workspace/loading.lua:97]: Skip loaded file: file:///home/daniele/.local/share/nvim/lazy/lazy.nvim/lua/lazy/core/meta.lua
[00:25:48.726][info] [#0:script/workspace/loading.lua:100]: Preload file at: file:///home/daniele/.local/share/nvim/lazy/lazy.nvim/lua/lazy/core/util.lua , size = 12.348 KB
[00:25:48.736][info] [#0:script/workspace/loading.lua:112]: ++++As library of:	file:///home/daniele/.local/share/nvim/lazy/lazy.nvim/lua/lazy
[00:25:48.736][info] [#0:script/workspace/loading.lua:88]: Skip loaded file: file:///home/daniele/.local/share/nvim/lazy/lazy.nvim/lua/lazy/core/util.lua
[00:25:48.736][info] [#0:script/workspace/loading.lua:112]: ++++As library of:	file:///home/daniele/.local/share/nvim/lazy/lazy.nvim/lua/lazy
[00:25:48.737][info] [#0:script/workspace/loading.lua:100]: Preload file at: file:///home/daniele/.local/share/nvim/lazy/lazy.nvim/lua/lazy/core/fragments.lua , size = 4.215 KB
[00:25:48.740][info] [#0:script/workspace/loading.lua:112]: ++++As library of:	file:///home/daniele/.local/share/nvim/lazy/lazy.nvim/lua/lazy
[00:25:48.740][info] [#0:script/workspace/loading.lua:97]: Skip loaded file: file:///home/daniele/.local/share/nvim/lazy/lazy.nvim/lua/lazy/core/fragments.lua
[00:25:48.741][info] [#0:script/workspace/loading.lua:100]: Preload file at: file:///home/daniele/.local/share/nvim/lazy/lazy.nvim/lua/lazy/core/handler/cmd.lua , size = 1.638 KB
[00:25:48.743][info] [#0:script/workspace/loading.lua:112]: ++++As library of:	file:///home/daniele/.local/share/nvim/lazy/lazy.nvim/lua/lazy
[00:25:48.743][info] [#0:script/workspace/loading.lua:97]: Skip loaded file: file:///home/daniele/.local/share/nvim/lazy/lazy.nvim/lua/lazy/core/handler/cmd.lua
[00:25:48.743][info] [#0:script/workspace/loading.lua:100]: Preload file at: file:///home/daniele/.local/share/nvim/lazy/lazy.nvim/lua/lazy/core/handler/event.lua , size = 4.956 KB
[00:25:48.747][info] [#0:script/workspace/loading.lua:112]: ++++As library of:	file:///home/daniele/.local/share/nvim/lazy/lazy.nvim/lua/lazy
[00:25:48.747][info] [#0:script/workspace/loading.lua:88]: Skip loaded file: file:///home/daniele/.local/share/nvim/lazy/lazy.nvim/lua/lazy/core/handler/event.lua
[00:25:48.747][info] [#0:script/workspace/loading.lua:112]: ++++As library of:	file:///home/daniele/.local/share/nvim/lazy/lazy.nvim/lua/lazy
[00:25:48.747][info] [#0:script/workspace/loading.lua:100]: Preload file at: file:///home/daniele/.local/share/nvim/lazy/lazy.nvim/lua/lazy/core/handler/init.lua , size = 3.170 KB
[00:25:48.751][info] [#0:script/workspace/loading.lua:112]: ++++As library of:	file:///home/daniele/.local/share/nvim/lazy/lazy.nvim/lua/lazy
[00:25:48.751][info] [#0:script/workspace/loading.lua:88]: Skip loaded file: file:///home/daniele/.local/share/nvim/lazy/lazy.nvim/lua/lazy/core/handler/init.lua
[00:25:48.751][info] [#0:script/workspace/loading.lua:112]: ++++As library of:	file:///home/daniele/.local/share/nvim/lazy/lazy.nvim/lua/lazy
[00:25:48.751][info] [#0:script/workspace/loading.lua:100]: Preload file at: file:///home/daniele/.local/share/nvim/lazy/lazy.nvim/lua/lazy/core/handler/keys.lua , size = 5.302 KB
[00:25:48.756][info] [#0:script/workspace/loading.lua:112]: ++++As library of:	file:///home/daniele/.local/share/nvim/lazy/lazy.nvim/lua/lazy
[00:25:48.756][info] [#0:script/workspace/loading.lua:88]: Skip loaded file: file:///home/daniele/.local/share/nvim/lazy/lazy.nvim/lua/lazy/core/handler/keys.lua
[00:25:48.756][info] [#0:script/workspace/loading.lua:112]: ++++As library of:	file:///home/daniele/.local/share/nvim/lazy/lazy.nvim/lua/lazy
[00:25:48.756][info] [#0:script/workspace/loading.lua:100]: Preload file at: file:///home/daniele/.local/share/nvim/lazy/lazy.nvim/lua/lazy/core/handler/ft.lua , size = 0.442 KB
[00:25:48.757][info] [#0:script/workspace/loading.lua:112]: ++++As library of:	file:///home/daniele/.local/share/nvim/lazy/lazy.nvim/lua/lazy
[00:25:48.757][info] [#0:script/workspace/loading.lua:88]: Skip loaded file: file:///home/daniele/.local/share/nvim/lazy/lazy.nvim/lua/lazy/core/handler/ft.lua
[00:25:48.757][info] [#0:script/workspace/loading.lua:112]: ++++As library of:	file:///home/daniele/.local/share/nvim/lazy/lazy.nvim/lua/lazy
[00:25:48.757][info] [#0:script/workspace/loading.lua:100]: Preload file at: file:///home/daniele/.local/share/nvim/lazy/lazy.nvim/lua/lazy/core/plugin.lua , size = 12.370 KB
[00:25:48.767][info] [#0:script/workspace/loading.lua:112]: ++++As library of:	file:///home/daniele/.local/share/nvim/lazy/lazy.nvim/lua/lazy
[00:25:48.767][info] [#0:script/workspace/loading.lua:97]: Skip loaded file: file:///home/daniele/.local/share/nvim/lazy/lazy.nvim/lua/lazy/core/plugin.lua
[00:25:48.767][info] [#0:script/workspace/loading.lua:100]: Preload file at: file:///home/daniele/.local/share/nvim/lazy/lazy.nvim/lua/lazy/core/loader.lua , size = 14.966 KB
[00:25:48.778][info] [#0:script/workspace/loading.lua:112]: ++++As library of:	file:///home/daniele/.local/share/nvim/lazy/lazy.nvim/lua/lazy
[00:25:48.778][info] [#0:script/workspace/loading.lua:97]: Skip loaded file: file:///home/daniele/.local/share/nvim/lazy/lazy.nvim/lua/lazy/core/loader.lua
[00:25:48.779][info] [#0:script/workspace/loading.lua:100]: Preload file at: file:///home/daniele/.local/share/nvim/lazy/lazy.nvim/lua/lazy/core/config.lua , size = 12.013 KB
[00:25:48.785][info] [#0:script/workspace/loading.lua:112]: ++++As library of:	file:///home/daniele/.local/share/nvim/lazy/lazy.nvim/lua/lazy
[00:25:48.785][info] [#0:script/workspace/loading.lua:97]: Skip loaded file: file:///home/daniele/.local/share/nvim/lazy/lazy.nvim/lua/lazy/core/config.lua
[00:25:48.785][info] [#0:script/workspace/loading.lua:100]: Preload file at: file:///home/daniele/.local/share/nvim/lazy/lazy.nvim/lua/lazy/core/cache.lua , size = 16.584 KB
[00:25:48.797][info] [#0:script/workspace/loading.lua:112]: ++++As library of:	file:///home/daniele/.local/share/nvim/lazy/lazy.nvim/lua/lazy
[00:25:48.797][info] [#0:script/workspace/loading.lua:97]: Skip loaded file: file:///home/daniele/.local/share/nvim/lazy/lazy.nvim/lua/lazy/core/cache.lua
[00:25:48.797][info] [#0:script/workspace/loading.lua:100]: Preload file at: file:///home/daniele/.local/share/nvim/lazy/lazy.nvim/lua/lazy/build.lua , size = 3.018 KB
[00:25:48.800][info] [#0:script/workspace/loading.lua:112]: ++++As library of:	file:///home/daniele/.local/share/nvim/lazy/lazy.nvim/lua/lazy
[00:25:48.800][info] [#0:script/workspace/loading.lua:88]: Skip loaded file: file:///home/daniele/.local/share/nvim/lazy/lazy.nvim/lua/lazy/build.lua
[00:25:48.800][info] [#0:script/workspace/loading.lua:112]: ++++As library of:	file:///home/daniele/.local/share/nvim/lazy/lazy.nvim/lua/lazy
[00:25:48.801][info] [#0:script/workspace/loading.lua:100]: Preload file at: file:///home/daniele/.local/share/nvim/lazy/lazy.nvim/lua/lazy/util.lua , size = 6.888 KB
[00:25:48.807][info] [#0:script/workspace/loading.lua:112]: ++++As library of:	file:///home/daniele/.local/share/nvim/lazy/lazy.nvim/lua/lazy
[00:25:48.807][info] [#0:script/workspace/loading.lua:97]: Skip loaded file: file:///home/daniele/.local/share/nvim/lazy/lazy.nvim/lua/lazy/util.lua
[00:25:48.808][info] [#0:script/workspace/loading.lua:100]: Preload file at: file:///home/daniele/.local/share/nvim/lazy/lazy.nvim/lua/lazy/view/commands.lua , size = 3.899 KB
[00:25:48.811][info] [#0:script/workspace/loading.lua:112]: ++++As library of:	file:///home/daniele/.local/share/nvim/lazy/lazy.nvim/lua/lazy
[00:25:48.811][info] [#0:script/workspace/loading.lua:97]: Skip loaded file: file:///home/daniele/.local/share/nvim/lazy/lazy.nvim/lua/lazy/view/commands.lua
[00:25:48.811][info] [#0:script/workspace/loading.lua:100]: Preload file at: file:///home/daniele/.local/share/nvim/lazy/lazy.nvim/lua/lazy/view/text.lua , size = 3.813 KB
[00:25:48.815][info] [#0:script/workspace/loading.lua:112]: ++++As library of:	file:///home/daniele/.local/share/nvim/lazy/lazy.nvim/lua/lazy
[00:25:48.815][info] [#0:script/workspace/loading.lua:88]: Skip loaded file: file:///home/daniele/.local/share/nvim/lazy/lazy.nvim/lua/lazy/view/text.lua
[00:25:48.815][info] [#0:script/workspace/loading.lua:112]: ++++As library of:	file:///home/daniele/.local/share/nvim/lazy/lazy.nvim/lua/lazy
[00:25:48.815][info] [#0:script/workspace/loading.lua:100]: Preload file at: file:///home/daniele/.local/share/nvim/lazy/lazy.nvim/lua/lazy/view/colors.lua , size = 1.820 KB
[00:25:48.817][info] [#0:script/workspace/loading.lua:112]: ++++As library of:	file:///home/daniele/.local/share/nvim/lazy/lazy.nvim/lua/lazy
[00:25:48.817][info] [#0:script/workspace/loading.lua:88]: Skip loaded file: file:///home/daniele/.local/share/nvim/lazy/lazy.nvim/lua/lazy/view/colors.lua
[00:25:48.817][info] [#0:script/workspace/loading.lua:112]: ++++As library of:	file:///home/daniele/.local/share/nvim/lazy/lazy.nvim/lua/lazy
[00:25:48.817][info] [#0:script/workspace/loading.lua:100]: Preload file at: file:///home/daniele/.local/share/nvim/lazy/lazy.nvim/lua/lazy/view/float.lua , size = 9.536 KB
[00:25:48.826][info] [#0:script/workspace/loading.lua:112]: ++++As library of:	file:///home/daniele/.local/share/nvim/lazy/lazy.nvim/lua/lazy
[00:25:48.826][info] [#0:script/workspace/loading.lua:97]: Skip loaded file: file:///home/daniele/.local/share/nvim/lazy/lazy.nvim/lua/lazy/view/float.lua
[00:25:48.826][info] [#0:script/workspace/loading.lua:100]: Preload file at: file:///home/daniele/.local/share/nvim/lazy/lazy.nvim/lua/lazy/view/init.lua , size = 9.394 KB
[00:25:48.834][info] [#0:script/workspace/loading.lua:112]: ++++As library of:	file:///home/daniele/.local/share/nvim/lazy/lazy.nvim/lua/lazy
[00:25:48.834][info] [#0:script/workspace/loading.lua:88]: Skip loaded file: file:///home/daniele/.local/share/nvim/lazy/lazy.nvim/lua/lazy/view/init.lua
[00:25:48.834][info] [#0:script/workspace/loading.lua:112]: ++++As library of:	file:///home/daniele/.local/share/nvim/lazy/lazy.nvim/lua/lazy
[00:25:48.834][info] [#0:script/workspace/loading.lua:100]: Preload file at: file:///home/daniele/.local/share/nvim/lazy/lazy.nvim/lua/lazy/view/diff.lua , size = 1.585 KB
[00:25:48.836][info] [#0:script/workspace/loading.lua:112]: ++++As library of:	file:///home/daniele/.local/share/nvim/lazy/lazy.nvim/lua/lazy
[00:25:48.836][info] [#0:script/workspace/loading.lua:88]: Skip loaded file: file:///home/daniele/.local/share/nvim/lazy/lazy.nvim/lua/lazy/view/diff.lua
[00:25:48.836][info] [#0:script/workspace/loading.lua:112]: ++++As library of:	file:///home/daniele/.local/share/nvim/lazy/lazy.nvim/lua/lazy
[00:25:48.836][info] [#0:script/workspace/loading.lua:100]: Preload file at: file:///home/daniele/.local/share/nvim/lazy/lazy.nvim/lua/lazy/view/render.lua , size = 23.064 KB
[00:25:48.856][info] [#0:script/workspace/loading.lua:112]: ++++As library of:	file:///home/daniele/.local/share/nvim/lazy/lazy.nvim/lua/lazy
[00:25:48.856][info] [#0:script/workspace/loading.lua:97]: Skip loaded file: file:///home/daniele/.local/share/nvim/lazy/lazy.nvim/lua/lazy/view/render.lua
[00:25:48.856][info] [#0:script/workspace/loading.lua:100]: Preload file at: file:///home/daniele/.local/share/nvim/lazy/lazy.nvim/lua/lazy/view/config.lua , size = 3.507 KB
[00:25:48.858][info] [#0:script/workspace/loading.lua:112]: ++++As library of:	file:///home/daniele/.local/share/nvim/lazy/lazy.nvim/lua/lazy
[00:25:48.858][info] [#0:script/workspace/loading.lua:97]: Skip loaded file: file:///home/daniele/.local/share/nvim/lazy/lazy.nvim/lua/lazy/view/config.lua
[00:25:48.858][info] [#0:script/workspace/loading.lua:100]: Preload file at: file:///home/daniele/.local/share/nvim/lazy/lazy.nvim/lua/lazy/view/sections.lua , size = 2.430 KB
[00:25:48.861][info] [#0:script/workspace/loading.lua:112]: ++++As library of:	file:///home/daniele/.local/share/nvim/lazy/lazy.nvim/lua/lazy
[00:25:48.861][info] [#0:script/workspace/loading.lua:88]: Skip loaded file: file:///home/daniele/.local/share/nvim/lazy/lazy.nvim/lua/lazy/view/sections.lua
[00:25:48.861][info] [#0:script/workspace/loading.lua:112]: ++++As library of:	file:///home/daniele/.local/share/nvim/lazy/lazy.nvim/lua/lazy
[00:25:48.861][info] [#0:script/workspace/loading.lua:100]: Preload file at: file:///home/daniele/.local/share/nvim/lazy/lazy.nvim/lua/lazy/manage/lock.lua , size = 1.668 KB
[00:25:48.863][info] [#0:script/workspace/loading.lua:112]: ++++As library of:	file:///home/daniele/.local/share/nvim/lazy/lazy.nvim/lua/lazy
[00:25:48.863][info] [#0:script/workspace/loading.lua:88]: Skip loaded file: file:///home/daniele/.local/share/nvim/lazy/lazy.nvim/lua/lazy/manage/lock.lua
[00:25:48.863][info] [#0:script/workspace/loading.lua:112]: ++++As library of:	file:///home/daniele/.local/share/nvim/lazy/lazy.nvim/lua/lazy
[00:25:48.863][info] [#0:script/workspace/loading.lua:100]: Preload file at: file:///home/daniele/.local/share/nvim/lazy/lazy.nvim/lua/lazy/manage/runner.lua , size = 4.847 KB
[00:25:48.868][info] [#0:script/workspace/loading.lua:112]: ++++As library of:	file:///home/daniele/.local/share/nvim/lazy/lazy.nvim/lua/lazy
[00:25:48.868][info] [#0:script/workspace/loading.lua:88]: Skip loaded file: file:///home/daniele/.local/share/nvim/lazy/lazy.nvim/lua/lazy/manage/runner.lua
[00:25:48.868][info] [#0:script/workspace/loading.lua:112]: ++++As library of:	file:///home/daniele/.local/share/nvim/lazy/lazy.nvim/lua/lazy
[00:25:48.868][info] [#0:script/workspace/loading.lua:100]: Preload file at: file:///home/daniele/.local/share/nvim/lazy/lazy.nvim/lua/lazy/manage/semver.lua , size = 4.455 KB
[00:25:48.872][info] [#0:script/workspace/loading.lua:112]: ++++As library of:	file:///home/daniele/.local/share/nvim/lazy/lazy.nvim/lua/lazy
[00:25:48.872][info] [#0:script/workspace/loading.lua:88]: Skip loaded file: file:///home/daniele/.local/share/nvim/lazy/lazy.nvim/lua/lazy/manage/semver.lua
[00:25:48.872][info] [#0:script/workspace/loading.lua:112]: ++++As library of:	file:///home/daniele/.local/share/nvim/lazy/lazy.nvim/lua/lazy
[00:25:48.872][info] [#0:script/workspace/loading.lua:100]: Preload file at: file:///home/daniele/.local/share/nvim/lazy/lazy.nvim/lua/lazy/manage/init.lua , size = 5.940 KB
[00:25:48.877][info] [#0:script/workspace/loading.lua:112]: ++++As library of:	file:///home/daniele/.local/share/nvim/lazy/lazy.nvim/lua/lazy
[00:25:48.877][info] [#0:script/workspace/loading.lua:88]: Skip loaded file: file:///home/daniele/.local/share/nvim/lazy/lazy.nvim/lua/lazy/manage/init.lua
[00:25:48.877][info] [#0:script/workspace/loading.lua:112]: ++++As library of:	file:///home/daniele/.local/share/nvim/lazy/lazy.nvim/lua/lazy
[00:25:48.877][info] [#0:script/workspace/loading.lua:100]: Preload file at: file:///home/daniele/.local/share/nvim/lazy/lazy.nvim/lua/lazy/manage/git.lua , size = 6.279 KB
[00:25:48.883][info] [#0:script/workspace/loading.lua:112]: ++++As library of:	file:///home/daniele/.local/share/nvim/lazy/lazy.nvim/lua/lazy
[00:25:48.883][info] [#0:script/workspace/loading.lua:97]: Skip loaded file: file:///home/daniele/.local/share/nvim/lazy/lazy.nvim/lua/lazy/manage/git.lua
[00:25:48.883][info] [#0:script/workspace/loading.lua:100]: Preload file at: file:///home/daniele/.local/share/nvim/lazy/lazy.nvim/lua/lazy/manage/checker.lua , size = 2.479 KB
[00:25:48.885][info] [#0:script/workspace/loading.lua:112]: ++++As library of:	file:///home/daniele/.local/share/nvim/lazy/lazy.nvim/lua/lazy
[00:25:48.885][info] [#0:script/workspace/loading.lua:88]: Skip loaded file: file:///home/daniele/.local/share/nvim/lazy/lazy.nvim/lua/lazy/manage/checker.lua
[00:25:48.885][info] [#0:script/workspace/loading.lua:112]: ++++As library of:	file:///home/daniele/.local/share/nvim/lazy/lazy.nvim/lua/lazy
[00:25:48.885][info] [#0:script/workspace/loading.lua:100]: Preload file at: file:///home/daniele/.local/share/nvim/lazy/lazy.nvim/lua/lazy/manage/process.lua , size = 5.447 KB
[00:25:48.891][info] [#0:script/workspace/loading.lua:112]: ++++As library of:	file:///home/daniele/.local/share/nvim/lazy/lazy.nvim/lua/lazy
[00:25:48.891][info] [#0:script/workspace/loading.lua:88]: Skip loaded file: file:///home/daniele/.local/share/nvim/lazy/lazy.nvim/lua/lazy/manage/process.lua
[00:25:48.891][info] [#0:script/workspace/loading.lua:112]: ++++As library of:	file:///home/daniele/.local/share/nvim/lazy/lazy.nvim/lua/lazy
[00:25:48.891][info] [#0:script/workspace/loading.lua:100]: Preload file at: file:///home/daniele/.local/share/nvim/lazy/lazy.nvim/lua/lazy/manage/task/init.lua , size = 5.805 KB
[00:25:48.897][info] [#0:script/workspace/loading.lua:112]: ++++As library of:	file:///home/daniele/.local/share/nvim/lazy/lazy.nvim/lua/lazy
[00:25:48.897][info] [#0:script/workspace/loading.lua:88]: Skip loaded file: file:///home/daniele/.local/share/nvim/lazy/lazy.nvim/lua/lazy/manage/task/init.lua
[00:25:48.897][info] [#0:script/workspace/loading.lua:112]: ++++As library of:	file:///home/daniele/.local/share/nvim/lazy/lazy.nvim/lua/lazy
[00:25:48.897][info] [#0:script/workspace/loading.lua:100]: Preload file at: file:///home/daniele/.local/share/nvim/lazy/lazy.nvim/lua/lazy/manage/task/git.lua , size = 10.135 KB
[00:25:48.904][info] [#0:script/workspace/loading.lua:112]: ++++As library of:	file:///home/daniele/.local/share/nvim/lazy/lazy.nvim/lua/lazy
[00:25:48.904][info] [#0:script/workspace/loading.lua:97]: Skip loaded file: file:///home/daniele/.local/share/nvim/lazy/lazy.nvim/lua/lazy/manage/task/git.lua
[00:25:48.904][info] [#0:script/workspace/loading.lua:100]: Preload file at: file:///home/daniele/.local/share/nvim/lazy/lazy.nvim/lua/lazy/manage/task/plugin.lua , size = 2.765 KB
[00:25:48.907][info] [#0:script/workspace/loading.lua:112]: ++++As library of:	file:///home/daniele/.local/share/nvim/lazy/lazy.nvim/lua/lazy
[00:25:48.907][info] [#0:script/workspace/loading.lua:88]: Skip loaded file: file:///home/daniele/.local/share/nvim/lazy/lazy.nvim/lua/lazy/manage/task/plugin.lua
[00:25:48.907][info] [#0:script/workspace/loading.lua:112]: ++++As library of:	file:///home/daniele/.local/share/nvim/lazy/lazy.nvim/lua/lazy
[00:25:48.907][info] [#0:script/workspace/loading.lua:100]: Preload file at: file:///home/daniele/.local/share/nvim/lazy/lazy.nvim/lua/lazy/manage/task/fs.lua , size = 1.002 KB
[00:25:48.956][info] [#0:script/workspace/loading.lua:112]: ++++As library of:	file:///home/daniele/.local/share/nvim/lazy/lazy.nvim/lua/lazy
[00:25:48.956][info] [#0:script/workspace/loading.lua:88]: Skip loaded file: file:///home/daniele/.local/share/nvim/lazy/lazy.nvim/lua/lazy/manage/task/fs.lua
[00:25:48.956][info] [#0:script/workspace/loading.lua:112]: ++++As library of:	file:///home/daniele/.local/share/nvim/lazy/lazy.nvim/lua/lazy
[00:25:48.957][info] [#0:script/workspace/loading.lua:100]: Preload file at: file:///home/daniele/.local/share/nvim/lazy/lazy.nvim/lua/lazy/manage/reloader.lua , size = 2.817 KB
[00:25:48.959][info] [#0:script/workspace/loading.lua:112]: ++++As library of:	file:///home/daniele/.local/share/nvim/lazy/lazy.nvim/lua/lazy
[00:25:48.959][info] [#0:script/workspace/loading.lua:97]: Skip loaded file: file:///home/daniele/.local/share/nvim/lazy/lazy.nvim/lua/lazy/manage/reloader.lua
[00:25:48.960][info] [#0:script/workspace/loading.lua:100]: Preload file at: file:///home/daniele/.local/share/nvim/lazy/lazy.nvim/lua/lazy/help.lua , size = 2.216 KB
[00:25:48.962][info] [#0:script/workspace/loading.lua:112]: ++++As library of:	file:///home/daniele/.local/share/nvim/lazy/lazy.nvim/lua/lazy
[00:25:48.962][info] [#0:script/workspace/loading.lua:97]: Skip loaded file: file:///home/daniele/.local/share/nvim/lazy/lazy.nvim/lua/lazy/help.lua
[00:25:48.962][info] [#0:script/workspace/loading.lua:100]: Preload file at: file:///home/daniele/.local/share/nvim/lazy/lazy.nvim/lua/lazy/minit.lua , size = 4.986 KB
[00:25:48.967][info] [#0:script/workspace/loading.lua:112]: ++++As library of:	file:///home/daniele/.local/share/nvim/lazy/lazy.nvim/lua/lazy
[00:25:48.967][info] [#0:script/workspace/loading.lua:97]: Skip loaded file: file:///home/daniele/.local/share/nvim/lazy/lazy.nvim/lua/lazy/minit.lua
[00:25:48.967][info] [#0:script/workspace/loading.lua:100]: Preload file at: file:///home/daniele/.local/share/nvim/lazy/lazy.nvim/lua/lazy/docs.lua , size = 4.729 KB
[00:25:48.971][info] [#0:script/workspace/loading.lua:112]: ++++As library of:	file:///home/daniele/.local/share/nvim/lazy/lazy.nvim/lua/lazy
[00:25:48.971][info] [#0:script/workspace/loading.lua:88]: Skip loaded file: file:///home/daniele/.local/share/nvim/lazy/lazy.nvim/lua/lazy/docs.lua
[00:25:48.971][info] [#0:script/workspace/loading.lua:112]: ++++As library of:	file:///home/daniele/.local/share/nvim/lazy/lazy.nvim/lua/lazy
[00:25:48.971][info] [#0:script/workspace/loading.lua:100]: Preload file at: file:///home/daniele/.local/share/nvim/lazy/lazy.nvim/lua/lazy/status.lua , size = 0.353 KB
[00:25:48.972][info] [#0:script/workspace/loading.lua:112]: ++++As library of:	file:///home/daniele/.local/share/nvim/lazy/lazy.nvim/lua/lazy
[00:25:48.972][info] [#0:script/workspace/loading.lua:88]: Skip loaded file: file:///home/daniele/.local/share/nvim/lazy/lazy.nvim/lua/lazy/status.lua
[00:25:48.972][info] [#0:script/workspace/loading.lua:112]: ++++As library of:	file:///home/daniele/.local/share/nvim/lazy/lazy.nvim/lua/lazy
[00:25:48.972][info] [#0:script/workspace/loading.lua:100]: Preload file at: file:///home/daniele/.local/share/nvim/lazy/lazy.nvim/lua/lazy/example.lua , size = 2.644 KB
[00:25:48.973][info] [#0:script/workspace/loading.lua:112]: ++++As library of:	file:///home/daniele/.local/share/nvim/lazy/lazy.nvim/lua/lazy
[00:25:48.973][info] [#0:script/workspace/loading.lua:88]: Skip loaded file: file:///home/daniele/.local/share/nvim/lazy/lazy.nvim/lua/lazy/example.lua
[00:25:48.973][info] [#0:script/workspace/loading.lua:112]: ++++As library of:	file:///home/daniele/.local/share/nvim/lazy/lazy.nvim/lua/lazy
[00:25:48.973][info] [#0:script/workspace/loading.lua:100]: Preload file at: file:///home/daniele/.local/share/nvim/lazy/lazy.nvim/lua/lazy/health.lua , size = 5.792 KB
[00:25:48.978][info] [#0:script/workspace/loading.lua:112]: ++++As library of:	file:///home/daniele/.local/share/nvim/lazy/lazy.nvim/lua/lazy
[00:25:48.978][info] [#0:script/workspace/loading.lua:88]: Skip loaded file: file:///home/daniele/.local/share/nvim/lazy/lazy.nvim/lua/lazy/health.lua
[00:25:48.978][info] [#0:script/workspace/loading.lua:112]: ++++As library of:	file:///home/daniele/.local/share/nvim/lazy/lazy.nvim/lua/lazy
[00:25:48.978][info] [#0:script/workspace/loading.lua:100]: Preload file at: file:///home/daniele/.local/share/nvim/lazy/lazy.nvim/lua/lazy/terminal.lua , size = 2.394 KB
[00:25:48.980][info] [#0:script/workspace/loading.lua:112]: ++++As library of:	file:///home/daniele/.local/share/nvim/lazy/lazy.nvim/lua/lazy
[00:25:48.980][info] [#0:script/workspace/loading.lua:88]: Skip loaded file: file:///home/daniele/.local/share/nvim/lazy/lazy.nvim/lua/lazy/terminal.lua
[00:25:48.980][info] [#0:script/workspace/loading.lua:112]: ++++As library of:	file:///home/daniele/.local/share/nvim/lazy/lazy.nvim/lua/lazy
[00:25:48.980][info] [#0:script/workspace/loading.lua:100]: Preload file at: file:///home/daniele/.local/share/nvim/lazy/lazy.nvim/lua/lazy/state.lua , size = 0.859 KB
[00:25:48.981][info] [#0:script/workspace/loading.lua:112]: ++++As library of:	file:///home/daniele/.local/share/nvim/lazy/lazy.nvim/lua/lazy
[00:25:48.981][info] [#0:script/workspace/loading.lua:88]: Skip loaded file: file:///home/daniele/.local/share/nvim/lazy/lazy.nvim/lua/lazy/state.lua
[00:25:48.981][info] [#0:script/workspace/loading.lua:112]: ++++As library of:	file:///home/daniele/.local/share/nvim/lazy/lazy.nvim/lua/lazy
[00:25:48.981][info] [#0:script/workspace/loading.lua:100]: Preload file at: file:///home/daniele/.local/share/nvim/lazy/lazy.nvim/lua/lazy/async.lua , size = 4.302 KB
[00:25:48.986][info] [#0:script/workspace/loading.lua:112]: ++++As library of:	file:///home/daniele/.local/share/nvim/lazy/lazy.nvim/lua/lazy
[00:25:48.986][info] [#0:script/workspace/loading.lua:88]: Skip loaded file: file:///home/daniele/.local/share/nvim/lazy/lazy.nvim/lua/lazy/async.lua
[00:25:48.986][info] [#0:script/workspace/loading.lua:112]: ++++As library of:	file:///home/daniele/.local/share/nvim/lazy/lazy.nvim/lua/lazy
[00:25:48.986][info] [#0:script/workspace/loading.lua:100]: Preload file at: file:///home/daniele/.local/share/nvim/lazy/lazy.nvim/lua/lazy/types.lua , size = 3.755 KB
[00:25:48.989][info] [#0:script/workspace/loading.lua:112]: ++++As library of:	file:///home/daniele/.local/share/nvim/lazy/lazy.nvim/lua/lazy
[00:25:48.989][info] [#0:script/workspace/loading.lua:88]: Skip loaded file: file:///home/daniele/.local/share/nvim/lazy/lazy.nvim/lua/lazy/types.lua
[00:25:48.989][info] [#0:script/workspace/loading.lua:112]: ++++As library of:	file:///home/daniele/.local/share/nvim/lazy/lazy.nvim/lua/lazy
[00:25:48.989][info] [#0:script/workspace/loading.lua:100]: Preload file at: file:///home/daniele/.local/share/nvim/mason/packages/lua-language-server/libexec/meta/Lua%205.4%20en-us%20utf8/table.lua , size = 4.445 KB
[00:25:48.993][info] [#0:script/workspace/loading.lua:112]: ++++As library of:	file:///home/daniele/.local/share/nvim/mason/packages/lua-language-server/libexec/meta/Lua%205.4%20en-us%20utf8/table.lua
[00:25:48.993][info] [#0:script/workspace/loading.lua:88]: Skip loaded file: file:///home/daniele/.local/share/nvim/mason/packages/lua-language-server/libexec/meta/Lua%205.4%20en-us%20utf8/table.lua
[00:25:48.993][info] [#0:script/workspace/loading.lua:112]: ++++As library of:	file:///home/daniele/.local/share/nvim/mason/packages/lua-language-server/libexec/meta/Lua%205.4%20en-us%20utf8/table.lua
[00:25:48.993][info] [#0:script/workspace/loading.lua:100]: Preload file at: file:///home/daniele/.local/share/nvim/mason/packages/lua-language-server/libexec/meta/Lua%205.4%20en-us%20utf8/utf8.lua , size = 2.386 KB
[00:25:48.995][info] [#0:script/workspace/loading.lua:112]: ++++As library of:	file:///home/daniele/.local/share/nvim/mason/packages/lua-language-server/libexec/meta/Lua%205.4%20en-us%20utf8/utf8.lua
[00:25:48.995][info] [#0:script/workspace/loading.lua:97]: Skip loaded file: file:///home/daniele/.local/share/nvim/mason/packages/lua-language-server/libexec/meta/Lua%205.4%20en-us%20utf8/utf8.lua
[00:25:48.995][info] [#0:script/workspace/loading.lua:100]: Preload file at: file:///home/daniele/.local/share/nvim/lazy/ui/nvchad_types/chadrc.lua , size = 8.765 KB
[00:25:48.999][info] [#0:script/workspace/loading.lua:112]: ++++As library of:	file:///home/daniele/.local/share/nvim/lazy/ui/nvchad_types
[00:25:48.999][info] [#0:script/workspace/loading.lua:88]: Skip loaded file: file:///home/daniele/.local/share/nvim/lazy/ui/nvchad_types/chadrc.lua
[00:25:48.999][info] [#0:script/workspace/loading.lua:112]: ++++As library of:	file:///home/daniele/.local/share/nvim/lazy/ui/nvchad_types
[00:25:48.999][info] [#0:script/workspace/loading.lua:100]: Preload file at: file:///home/daniele/.local/share/nvim/lazy/ui/nvchad_types/all_hl_groups.lua , size = 40.871 KB
[00:25:49.014][info] [#0:script/workspace/loading.lua:112]: ++++As library of:	file:///home/daniele/.local/share/nvim/lazy/ui/nvchad_types
[00:25:49.015][info] [#0:script/workspace/loading.lua:97]: Skip loaded file: file:///home/daniele/.local/share/nvim/lazy/ui/nvchad_types/all_hl_groups.lua
[00:25:49.015][info] [#0:script/workspace/loading.lua:100]: Preload file at: file:///home/daniele/.local/share/nvim/lazy/ui/nvchad_types/keymaps.lua , size = 1.461 KB
[00:25:49.016][info] [#0:script/workspace/loading.lua:112]: ++++As library of:	file:///home/daniele/.local/share/nvim/lazy/ui/nvchad_types
[00:25:49.016][info] [#0:script/workspace/loading.lua:88]: Skip loaded file: file:///home/daniele/.local/share/nvim/lazy/ui/nvchad_types/keymaps.lua
[00:25:49.016][info] [#0:script/workspace/loading.lua:112]: ++++As library of:	file:///home/daniele/.local/share/nvim/lazy/ui/nvchad_types
[00:25:49.016][info] [#0:script/workspace/loading.lua:100]: Preload file at: file:///home/daniele/.local/share/nvim/lazy/ui/nvchad_types/plugins.lua , size = 5.782 KB
[00:25:49.018][info] [#0:script/workspace/loading.lua:112]: ++++As library of:	file:///home/daniele/.local/share/nvim/lazy/ui/nvchad_types
[00:25:49.019][info] [#0:script/workspace/loading.lua:97]: Skip loaded file: file:///home/daniele/.local/share/nvim/lazy/ui/nvchad_types/plugins.lua
[00:25:49.019][info] [#0:script/workspace/loading.lua:100]: Preload file at: file:///home/daniele/.local/share/nvim/lazy/ui/nvchad_types/themes.lua , size = 4.774 KB
[00:25:49.021][info] [#0:script/workspace/loading.lua:112]: ++++As library of:	file:///home/daniele/.local/share/nvim/lazy/ui/nvchad_types
[00:25:49.021][info] [#0:script/workspace/loading.lua:88]: Skip loaded file: file:///home/daniele/.local/share/nvim/lazy/ui/nvchad_types/themes.lua
[00:25:49.021][info] [#0:script/workspace/loading.lua:112]: ++++As library of:	file:///home/daniele/.local/share/nvim/lazy/ui/nvchad_types
[00:25:49.022][info] [#0:script/workspace/loading.lua:100]: Preload file at: file:///home/daniele/.local/share/nvim/lazy/ui/nvchad_types/base46.lua , size = 7.725 KB
[00:25:49.025][info] [#0:script/workspace/loading.lua:112]: ++++As library of:	file:///home/daniele/.local/share/nvim/lazy/ui/nvchad_types
[00:25:49.025][info] [#0:script/workspace/loading.lua:97]: Skip loaded file: file:///home/daniele/.local/share/nvim/lazy/ui/nvchad_types/base46.lua
[00:25:49.025][info] [#0:script/workspace/loading.lua:100]: Preload file at: file:///home/daniele/.local/share/nvim/mason/packages/lua-language-server/libexec/meta/Lua%205.4%20en-us%20utf8/math.lua , size = 8.542 KB
[00:25:49.030][info] [#0:script/workspace/loading.lua:112]: ++++As library of:	file:///home/daniele/.local/share/nvim/mason/packages/lua-language-server/libexec/meta/Lua%205.4%20en-us%20utf8/math.lua
[00:25:49.030][info] [#0:script/workspace/loading.lua:88]: Skip loaded file: file:///home/daniele/.local/share/nvim/mason/packages/lua-language-server/libexec/meta/Lua%205.4%20en-us%20utf8/math.lua
[00:25:49.030][info] [#0:script/workspace/loading.lua:112]: ++++As library of:	file:///home/daniele/.local/share/nvim/mason/packages/lua-language-server/libexec/meta/Lua%205.4%20en-us%20utf8/math.lua
[00:25:49.030][info] [#0:script/workspace/loading.lua:100]: Preload file at: file:///home/daniele/.local/share/nvim/mason/packages/lua-language-server/libexec/meta/Lua%205.4%20en-us%20utf8/basic.lua , size = 15.841 KB
[00:25:49.038][info] [#0:script/workspace/loading.lua:112]: ++++As library of:	file:///home/daniele/.local/share/nvim/mason/packages/lua-language-server/libexec/meta/Lua%205.4%20en-us%20utf8/basic.lua
[00:25:49.038][info] [#0:script/workspace/loading.lua:97]: Skip loaded file: file:///home/daniele/.local/share/nvim/mason/packages/lua-language-server/libexec/meta/Lua%205.4%20en-us%20utf8/basic.lua
[00:25:49.038][info] [#0:script/workspace/loading.lua:172]: Loaded files takes [1.000] sec: <fallback>
[00:25:49.039][info] [#0:script/workspace/loading.lua:181]: Compile files takes [0.000] sec: <fallback>
[00:25:49.039][info] [#0:script/workspace/loading.lua:182]: Loaded finish:	<fallback>
[00:25:49.039][info] [#0:script/workspace/workspace.lua:381]: Preload finish at:	<fallback>
[00:25:49.053][info] [#0:script/workspace/loading.lua:88]: Skip loaded file: file:///dotfiles/nvim/.config/nvim/init.lua
[00:25:49.053][info] [#0:script/workspace/loading.lua:100]: Preload file at: file:///dotfiles/nvim/.config/nvim/lua/custom/chadrc.lua , size = 0.102 KB
[00:25:49.054][info] [#0:script/workspace/loading.lua:100]: Preload file at: file:///dotfiles/nvim/.config/nvim/lua/custom/plugins.lua , size = 0.159 KB
[00:25:49.054][info] [#0:script/workspace/loading.lua:100]: Preload file at: file:///dotfiles/nvim/.config/nvim/lua/core/default_config.lua , size = 3.101 KB
[00:25:49.055][info] [#0:script/workspace/loading.lua:100]: Preload file at: file:///dotfiles/nvim/.config/nvim/lua/core/init.lua , size = 4.302 KB
[00:25:49.058][info] [#0:script/workspace/loading.lua:100]: Preload file at: file:///dotfiles/nvim/.config/nvim/lua/core/utils.lua , size = 3.455 KB
[00:25:49.060][info] [#0:script/workspace/loading.lua:100]: Preload file at: file:///dotfiles/nvim/.config/nvim/lua/core/bootstrap.lua , size = 1.472 KB
[00:25:49.061][info] [#0:script/workspace/loading.lua:100]: Preload file at: file:///dotfiles/nvim/.config/nvim/lua/core/mappings.lua , size = 10.292 KB
[00:25:49.066][info] [#0:script/workspace/loading.lua:100]: Preload file at: file:///dotfiles/nvim/.config/nvim/lua/plugins/init.lua , size = 6.448 KB
[00:25:49.070][info] [#0:script/workspace/loading.lua:100]: Preload file at: file:///dotfiles/nvim/.config/nvim/lua/plugins/configs/cmp.lua , size = 3.064 KB
[00:25:49.072][info] [#0:script/workspace/loading.lua:100]: Preload file at: file:///dotfiles/nvim/.config/nvim/lua/plugins/configs/others.lua , size = 1.620 KB
[00:25:49.073][info] [#0:script/workspace/loading.lua:100]: Preload file at: file:///dotfiles/nvim/.config/nvim/lua/plugins/configs/lazy_nvim.lua , size = 0.822 KB
[00:25:49.074][info] [#0:script/workspace/loading.lua:100]: Preload file at: file:///dotfiles/nvim/.config/nvim/lua/plugins/configs/mason.lua , size = 0.581 KB
[00:25:49.074][info] [#0:script/workspace/loading.lua:100]: Preload file at: file:///dotfiles/nvim/.config/nvim/lua/plugins/configs/nvimtree.lua , size = 1.479 KB
[00:25:49.075][info] [#0:script/workspace/loading.lua:100]: Preload file at: file:///dotfiles/nvim/.config/nvim/lua/plugins/configs/lspconfig.lua , size = 1.691 KB
[00:25:49.076][info] [#0:script/workspace/loading.lua:100]: Preload file at: file:///dotfiles/nvim/.config/nvim/lua/plugins/configs/treesitter.lua , size = 0.182 KB
[00:25:49.077][info] [#0:script/workspace/loading.lua:100]: Preload file at: file:///dotfiles/nvim/.config/nvim/lua/plugins/configs/telescope.lua , size = 1.598 KB
[00:25:49.077][info] [#0:script/workspace/loading.lua:172]: Loaded files takes [1.039] sec: file:///dotfiles/nvim/.config/nvim
[00:25:49.077][info] [#0:script/workspace/loading.lua:181]: Compile files takes [0.000] sec: file:///dotfiles/nvim/.config/nvim
[00:25:49.077][info] [#0:script/workspace/loading.lua:182]: Loaded finish:	file:///dotfiles/nvim/.config/nvim
[00:25:49.077][info] [#0:script/workspace/workspace.lua:381]: Preload finish at:	file:///dotfiles/nvim/.config/nvim
[00:25:49.127][info] [#0:script/provider/diagnostic.lua:560]: Diagnostics scope [file:///dotfiles/nvim/.config/nvim], files count:[139]
[00:25:49.127][warn] [#0:script/proto/proto.lua:189]: Method [textDocument/didOpen] takes [1.257]sec. {
  jsonrpc = "2.0",
  method = "textDocument/didOpen",
  params = {
    textDocument = {
      languageId = "lua",
      text = '"***"',
      uri = "file:///dotfiles/nvim/.config/nvim/init.lua",
      version = 0
    }
  }
}
[00:25:49.130][warn] [#0:script/proto/proto.lua:189]: Method [textDocument/semanticTokens/full] takes [1.145]sec. {
  id = 4,
  jsonrpc = "2.0",
  method = "textDocument/semanticTokens/full",
  params = {
    textDocument = {
      uri = "file:///dotfiles/nvim/.config/nvim/init.lua"
    }
  }
}
[00:25:49.566][info] [#0:script/provider/diagnostic.lua:577]: Diagnostics scope [file:///dotfiles/nvim/.config/nvim] finished, takes [0.209] sec.
[00:26:30.023][info] [#0:script/workspace/workspace.lua:284]: Scan files at:	file:///dotfiles/nvim/.config/nvim/lua/core/init.lua
[00:26:30.025][info] [#0:script/workspace/loading.lua:160]: Load files from disk:	file:///dotfiles/nvim/.config/nvim/lua/core/init.lua
[00:26:30.025][info] [#0:script/workspace/loading.lua:88]: Skip loaded file: file:///dotfiles/nvim/.config/nvim/lua/core/init.lua
[00:26:30.025][info] [#0:script/workspace/loading.lua:172]: Loaded files takes [0.000] sec: file:///dotfiles/nvim/.config/nvim/lua/core/init.lua
[00:26:30.025][info] [#0:script/workspace/loading.lua:181]: Compile files takes [0.000] sec: file:///dotfiles/nvim/.config/nvim/lua/core/init.lua
[00:26:30.025][info] [#0:script/workspace/loading.lua:182]: Loaded finish:	file:///dotfiles/nvim/.config/nvim/lua/core/init.lua
[00:26:34.121][info] [#0:script/provider/diagnostic.lua:560]: Diagnostics scope [file:///dotfiles/nvim/.config/nvim], files count:[139]
[00:26:34.930][info] [#0:script/provider/diagnostic.lua:577]: Diagnostics scope [file:///dotfiles/nvim/.config/nvim] finished, takes [0.562] sec.
[00:27:21.023][info] [#0:script/provider/diagnostic.lua:171]: clearDiagnostics	file:///dotfiles/nvim/.config/nvim/lua/core/default_config.lua
[00:27:21.765][info] [#0:script/provider/diagnostic.lua:171]: clearDiagnostics	file:///dotfiles/nvim/.config/nvim/lua/core/default_config.lua
[00:27:24.029][info] [#0:script/workspace/workspace.lua:284]: Scan files at:	file:///dotfiles/nvim/.config/nvim/lua/core/default_config.lua
[00:27:24.033][info] [#0:script/workspace/loading.lua:160]: Load files from disk:	file:///dotfiles/nvim/.config/nvim/lua/core/default_config.lua
[00:27:24.033][info] [#0:script/workspace/loading.lua:88]: Skip loaded file: file:///dotfiles/nvim/.config/nvim/lua/core/default_config.lua
[00:27:24.033][info] [#0:script/workspace/loading.lua:172]: Loaded files takes [0.000] sec: file:///dotfiles/nvim/.config/nvim/lua/core/default_config.lua
[00:27:24.033][info] [#0:script/workspace/loading.lua:181]: Compile files takes [0.000] sec: file:///dotfiles/nvim/.config/nvim/lua/core/default_config.lua
[00:27:24.033][info] [#0:script/workspace/loading.lua:182]: Loaded finish:	file:///dotfiles/nvim/.config/nvim/lua/core/default_config.lua
[00:27:25.908][info] [#0:script/provider/provider.lua:176]: Server shutdown.
[00:27:26.009][warn] [#0:script/pub/report.lua:24]: Load proto error:	Disconnected!
